{"total": {"lines":{"total":71,"covered":43,"skipped":0,"pct":60.56},"statements":{"total":100,"covered":52,"skipped":0,"pct":52},"functions":{"total":20,"covered":15,"skipped":0,"pct":75},"branches":{"total":33,"covered":19,"skipped":0,"pct":57.57},"branchesTrue":{"total":0,"covered":0,"skipped":0,"pct":100}}
,"/home/runner/work/tiny-congress/tiny-congress/web/src/api/graphqlClient.ts": {"lines":{"total":28,"covered":3,"skipped":0,"pct":10.71},"functions":{"total":3,"covered":1,"skipped":0,"pct":33.33},"statements":{"total":44,"covered":3,"skipped":0,"pct":6.81},"branches":{"total":10,"covered":0,"skipped":0,"pct":0}}
,"/home/runner/work/tiny-congress/tiny-congress/web/src/api/queries.ts": {"lines":{"total":1,"covered":1,"skipped":0,"pct":100},"functions":{"total":0,"covered":0,"skipped":0,"pct":100},"statements":{"total":1,"covered":1,"skipped":0,"pct":100},"branches":{"total":0,"covered":0,"skipped":0,"pct":100}}
,"/home/runner/work/tiny-congress/tiny-congress/web/src/api/generated/graphql.ts": {"lines":{"total":10,"covered":8,"skipped":0,"pct":80},"functions":{"total":4,"covered":1,"skipped":0,"pct":25},"statements":{"total":14,"covered":8,"skipped":0,"pct":57.14},"branches":{"total":2,"covered":0,"skipped":0,"pct":0}}
,"/home/runner/work/tiny-congress/tiny-congress/web/src/components/ErrorBoundary/ErrorBoundary.tsx": {"lines":{"total":10,"covered":9,"skipped":0,"pct":90},"functions":{"total":2,"covered":2,"skipped":0,"pct":100},"statements":{"total":16,"covered":15,"skipped":0,"pct":93.75},"branches":{"total":5,"covered":4,"skipped":0,"pct":80}}
,"/home/runner/work/tiny-congress/tiny-congress/web/src/components/ErrorBoundary/ErrorFallback.tsx": {"lines":{"total":7,"covered":7,"skipped":0,"pct":100},"functions":{"total":2,"covered":2,"skipped":0,"pct":100},"statements":{"total":9,"covered":9,"skipped":0,"pct":100},"branches":{"total":6,"covered":6,"skipped":0,"pct":100}}
,"/home/runner/work/tiny-congress/tiny-congress/web/src/components/Welcome/Welcome.module.css": {"lines":{"total":0,"covered":0,"skipped":0,"pct":100},"functions":{"total":0,"covered":0,"skipped":0,"pct":100},"statements":{"total":0,"covered":0,"skipped":0,"pct":100},"branches":{"total":0,"covered":0,"skipped":0,"pct":100}}
,"/home/runner/work/tiny-congress/tiny-congress/web/src/components/Welcome/Welcome.tsx": {"lines":{"total":3,"covered":3,"skipped":0,"pct":100},"functions":{"total":2,"covered":2,"skipped":0,"pct":100},"statements":{"total":3,"covered":3,"skipped":0,"pct":100},"branches":{"total":0,"covered":0,"skipped":0,"pct":100}}
,"/home/runner/work/tiny-congress/tiny-congress/web/src/pages/About.page.tsx": {"lines":{"total":6,"covered":6,"skipped":0,"pct":100},"functions":{"total":3,"covered":3,"skipped":0,"pct":100},"statements":{"total":7,"covered":7,"skipped":0,"pct":100},"branches":{"total":10,"covered":9,"skipped":0,"pct":90}}
,"/home/runner/work/tiny-congress/tiny-congress/web/src/theme/mantineTheme.ts": {"lines":{"total":2,"covered":2,"skipped":0,"pct":100},"functions":{"total":1,"covered":1,"skipped":0,"pct":100},"statements":{"total":2,"covered":2,"skipped":0,"pct":100},"branches":{"total":0,"covered":0,"skipped":0,"pct":100}}
,"/home/runner/work/tiny-congress/tiny-congress/web/test-utils/index.ts": {"lines":{"total":0,"covered":0,"skipped":0,"pct":100},"functions":{"total":0,"covered":0,"skipped":0,"pct":100},"statements":{"total":0,"covered":0,"skipped":0,"pct":100},"branches":{"total":0,"covered":0,"skipped":0,"pct":100}}
,"/home/runner/work/tiny-congress/tiny-congress/web/test-utils/render.tsx": {"lines":{"total":4,"covered":4,"skipped":0,"pct":100},"functions":{"total":3,"covered":3,"skipped":0,"pct":100},"statements":{"total":4,"covered":4,"skipped":0,"pct":100},"branches":{"total":0,"covered":0,"skipped":0,"pct":100}}
}
