{"/home/runner/work/tiny-congress/tiny-congress/web/src/api/graphqlClient.ts": {"path":"/home/runner/work/tiny-congress/tiny-congress/web/src/api/graphqlClient.ts","statementMap":{"0":{"start":{"line":17,"column":11},"end":{"line":17,"column":15}},"1":{"start":{"line":6,"column":0},"end":{"line":6,"column":null}},"2":{"start":{"line":8,"column":16},"end":{"line":8,"column":null}},"3":{"start":{"line":8,"column":32},"end":{"line":8,"column":null}},"4":{"start":{"line":9,"column":6},"end":{"line":11,"column":null}},"5":{"start":{"line":9,"column":40},"end":{"line":9,"column":null}},"6":{"start":{"line":10,"column":11},"end":{"line":11,"column":null}},"7":{"start":{"line":11,"column":2},"end":{"line":11,"column":null}},"8":{"start":{"line":13,"column":2},"end":{"line":13,"column":37}},"9":{"start":{"line":13,"column":37},"end":{"line":18,"column":null}},"10":{"start":{"line":14,"column":4},"end":{"line":14,"column":46}},"11":{"start":{"line":14,"column":46},"end":{"line":14,"column":null}},"12":{"start":{"line":15,"column":4},"end":{"line":15,"column":null}},"13":{"start":{"line":15,"column":15},"end":{"line":15,"column":null}},"14":{"start":{"line":16,"column":4},"end":{"line":16,"column":null}},"15":{"start":{"line":16,"column":19},"end":{"line":16,"column":null}},"16":{"start":{"line":17,"column":4},"end":{"line":17,"column":null}},"17":{"start":{"line":18,"column":2},"end":{"line":18,"column":null}},"18":{"start":{"line":20,"column":2},"end":{"line":20,"column":null}},"19":{"start":{"line":21,"column":0},"end":{"line":21,"column":null}},"20":{"start":{"line":27,"column":2},"end":{"line":27,"column":null}},"21":{"start":{"line":28,"column":12},"end":{"line":33,"column":null}},"22":{"start":{"line":35,"column":2},"end":{"line":35,"column":null}},"23":{"start":{"line":35,"column":20},"end":{"line":39,"column":39}},"24":{"start":{"line":35,"column":20},"end":{"line":35,"column":null}},"25":{"start":{"line":36,"column":4},"end":{"line":36,"column":null}},"26":{"start":{"line":37,"column":2},"end":{"line":37,"column":null}},"27":{"start":{"line":39,"column":39},"end":{"line":39,"column":null}},"28":{"start":{"line":41,"column":2},"end":{"line":41,"column":30}},"29":{"start":{"line":41,"column":30},"end":{"line":44,"column":null}},"30":{"start":{"line":42,"column":4},"end":{"line":42,"column":50}},"31":{"start":{"line":42,"column":50},"end":{"line":42,"column":null}},"32":{"start":{"line":42,"column":50},"end":{"line":42,"column":56}},"33":{"start":{"line":42,"column":50},"end":{"line":42,"column":70}},"34":{"start":{"line":42,"column":63},"end":{"line":42,"column":null}},"35":{"start":{"line":43,"column":4},"end":{"line":43,"column":null}},"36":{"start":{"line":44,"column":2},"end":{"line":44,"column":null}},"37":{"start":{"line":46,"column":2},"end":{"line":46,"column":null}},"38":{"start":{"line":46,"column":21},"end":{"line":48,"column":null}},"39":{"start":{"line":46,"column":21},"end":{"line":46,"column":null}},"40":{"start":{"line":47,"column":4},"end":{"line":47,"column":null}},"41":{"start":{"line":48,"column":2},"end":{"line":48,"column":null}},"42":{"start":{"line":50,"column":2},"end":{"line":50,"column":null}},"43":{"start":{"line":51,"column":0},"end":{"line":51,"column":null}}},"fnMap":{"0":{"name":"(anonymous_0)","decl":{"start":{"line":17,"column":11},"end":{"line":17,"column":15}},"loc":{"start":{"line":17,"column":11},"end":{"line":17,"column":15}},"line":17},"1":{"name":"getGraphqlUrl","decl":{"start":{"line":8,"column":32},"end":{"line":8,"column":null}},"loc":{"start":{"line":8,"column":32},"end":{"line":23,"column":null}},"line":8},"2":{"name":"(anonymous_2)","decl":{"start":{"line":42,"column":50},"end":{"line":42,"column":56}},"loc":{"start":{"line":42,"column":50},"end":{"line":42,"column":null}},"line":42}},"branchMap":{"0":{"loc":{"start":{"line":9,"column":6},"end":{"line":11,"column":null}},"type":"if","locations":[{"start":{"line":9,"column":6},"end":{"line":11,"column":null}},{"start":{"line":11,"column":2},"end":{"line":11,"column":null}}],"line":9},"1":{"loc":{"start":{"line":13,"column":37},"end":{"line":18,"column":null}},"type":"if","locations":[{"start":{"line":13,"column":37},"end":{"line":18,"column":null}},{"start":{"line":18,"column":2},"end":{"line":18,"column":null}}],"line":13},"2":{"loc":{"start":{"line":35,"column":20},"end":{"line":39,"column":39}},"type":"if","locations":[{"start":{"line":35,"column":20},"end":{"line":39,"column":39}},{"start":{"line":37,"column":2},"end":{"line":39,"column":39}}],"line":35},"3":{"loc":{"start":{"line":41,"column":30},"end":{"line":44,"column":null}},"type":"if","locations":[{"start":{"line":41,"column":30},"end":{"line":44,"column":null}},{"start":{"line":44,"column":2},"end":{"line":44,"column":null}}],"line":41},"4":{"loc":{"start":{"line":46,"column":21},"end":{"line":48,"column":null}},"type":"if","locations":[{"start":{"line":46,"column":21},"end":{"line":48,"column":null}},{"start":{"line":48,"column":2},"end":{"line":48,"column":null}}],"line":46}},"s":{"0":1,"1":1,"2":1,"3":0,"4":0,"5":0,"6":0,"7":0,"8":0,"9":0,"10":0,"11":0,"12":0,"13":0,"14":0,"15":0,"16":0,"17":0,"18":0,"19":0,"20":0,"21":0,"22":0,"23":0,"24":0,"25":0,"26":0,"27":0,"28":0,"29":0,"30":0,"31":0,"32":0,"33":0,"34":0,"35":0,"36":0,"37":0,"38":0,"39":0,"40":0,"41":0,"42":0,"43":0},"f":{"0":1,"1":0,"2":0},"b":{"0":[0,0],"1":[0,0],"2":[0,0],"3":[0,0],"4":[0,0]},"meta":{"lastBranch":5,"lastFunction":3,"lastStatement":44,"seen":{"s:17:11:17:15":0,"f:17:11:17:15":0,"s:6:0:6:Infinity":1,"s:8:16:8:Infinity":2,"f:8:32:8:Infinity":1,"s:8:32:8:Infinity":3,"b:9:6:11:Infinity:11:2:11:Infinity":0,"s:9:6:11:Infinity":4,"s:9:40:9:Infinity":5,"s:10:11:11:Infinity":6,"s:11:2:11:Infinity":7,"s:13:2:13:37":8,"b:13:37:18:Infinity:18:2:18:Infinity":1,"s:13:37:18:Infinity":9,"s:14:4:14:46":10,"s:14:46:14:Infinity":11,"s:15:4:15:Infinity":12,"s:15:15:15:Infinity":13,"s:16:4:16:Infinity":14,"s:16:19:16:Infinity":15,"s:17:4:17:Infinity":16,"s:18:2:18:Infinity":17,"s:20:2:20:Infinity":18,"s:21:0:21:Infinity":19,"s:27:2:27:Infinity":20,"s:28:12:33:Infinity":21,"s:35:2:35:Infinity":22,"b:35:20:39:39:37:2:39:39":2,"s:35:20:39:39":23,"s:35:20:35:Infinity":24,"s:36:4:36:Infinity":25,"s:37:2:37:Infinity":26,"s:39:39:39:Infinity":27,"s:41:2:41:30":28,"b:41:30:44:Infinity:44:2:44:Infinity":3,"s:41:30:44:Infinity":29,"s:42:4:42:50":30,"s:42:50:42:Infinity":31,"f:42:50:42:56":2,"s:42:50:42:56":32,"s:42:50:42:70":33,"s:42:63:42:Infinity":34,"s:43:4:43:Infinity":35,"s:44:2:44:Infinity":36,"s:46:2:46:Infinity":37,"b:46:21:48:Infinity:48:2:48:Infinity":4,"s:46:21:48:Infinity":38,"s:46:21:46:Infinity":39,"s:47:4:47:Infinity":40,"s:48:2:48:Infinity":41,"s:50:2:50:Infinity":42,"s:51:0:51:Infinity":43}}}
,"/home/runner/work/tiny-congress/tiny-congress/web/src/api/queries.ts": {"path":"/home/runner/work/tiny-congress/tiny-congress/web/src/api/queries.ts","statementMap":{"0":{"start":{"line":9,"column":13},"end":{"line":14,"column":null}}},"fnMap":{},"branchMap":{},"s":{"0":1},"f":{},"b":{},"meta":{"lastBranch":0,"lastFunction":0,"lastStatement":1,"seen":{"s:9:13:14:Infinity":0}}}
,"/home/runner/work/tiny-congress/tiny-congress/web/src/api/generated/graphql.ts": {"path":"/home/runner/work/tiny-congress/tiny-congress/web/src/api/generated/graphql.ts","statementMap":{"0":{"start":{"line":75,"column":11},"end":{"line":75,"column":13}},"1":{"start":{"line":1,"column":19},"end":{"line":1,"column":null}},"2":{"start":{"line":56,"column":36},"end":{"line":57,"column":null}},"3":{"start":{"line":57,"column":2},"end":{"line":57,"column":8}},"4":{"start":{"line":57,"column":2},"end":{"line":57,"column":null}},"5":{"start":{"line":59,"column":13},"end":{"line":59,"column":null}},"6":{"start":{"line":59,"column":61},"end":{"line":59,"column":81}},"7":{"start":{"line":59,"column":61},"end":{"line":59,"column":null}},"8":{"start":{"line":61,"column":13},"end":{"line":64,"column":null}},"9":{"start":{"line":66,"column":13},"end":{"line":68,"column":null}},"10":{"start":{"line":70,"column":13},"end":{"line":76,"column":null}},"11":{"start":{"line":78,"column":13},"end":{"line":81,"column":null}},"12":{"start":{"line":80,"column":26},"end":{"line":80,"column":41}},"13":{"start":{"line":80,"column":26},"end":{"line":80,"column":null}}},"fnMap":{"0":{"name":"(anonymous_0)","decl":{"start":{"line":75,"column":11},"end":{"line":75,"column":13}},"loc":{"start":{"line":75,"column":11},"end":{"line":75,"column":13}},"line":75},"1":{"name":"(anonymous_1)","decl":{"start":{"line":56,"column":36},"end":{"line":56,"column":null}},"loc":{"start":{"line":57,"column":2},"end":{"line":57,"column":null}},"line":57},"2":{"name":"(anonymous_2)","decl":{"start":{"line":59,"column":55},"end":{"line":59,"column":61}},"loc":{"start":{"line":59,"column":61},"end":{"line":59,"column":83}},"line":59},"3":{"name":"(anonymous_3)","decl":{"start":{"line":80,"column":20},"end":{"line":80,"column":26}},"loc":{"start":{"line":80,"column":26},"end":{"line":80,"column":41}},"line":80}},"branchMap":{"0":{"loc":{"start":{"line":57,"column":2},"end":{"line":57,"column":null}},"type":"binary-expr","locations":[{"start":{"line":57,"column":2},"end":{"line":57,"column":21}},{"start":{"line":57,"column":8},"end":{"line":57,"column":null}}],"line":57}},"s":{"0":1,"1":1,"2":1,"3":0,"4":0,"5":1,"6":0,"7":0,"8":1,"9":1,"10":1,"11":1,"12":0,"13":0},"f":{"0":6,"1":0,"2":0,"3":0},"b":{"0":[0,0]},"meta":{"lastBranch":1,"lastFunction":4,"lastStatement":14,"seen":{"s:75:11:75:13":0,"f:75:11:75:13":0,"s:1:19:1:Infinity":1,"s:56:36:57:Infinity":2,"f:56:36:56:Infinity":1,"s:57:2:57:8":3,"s:57:2:57:Infinity":4,"b:57:2:57:21:57:8:57:Infinity":0,"s:59:13:59:Infinity":5,"f:59:55:59:61":2,"s:59:61:59:81":6,"s:59:61:59:Infinity":7,"s:61:13:64:Infinity":8,"s:66:13:68:Infinity":9,"s:70:13:76:Infinity":10,"s:78:13:81:Infinity":11,"f:80:20:80:26":3,"s:80:26:80:41":12,"s:80:26:80:Infinity":13}}}
,"/home/runner/work/tiny-congress/tiny-congress/web/src/components/ErrorBoundary/ErrorBoundary.tsx": {"path":"/home/runner/work/tiny-congress/tiny-congress/web/src/components/ErrorBoundary/ErrorBoundary.tsx","statementMap":{"0":{"start":{"line":48,"column":6},"end":{"line":48,"column":20}},"1":{"start":{"line":63,"column":28},"end":{"line":63,"column":43}},"2":{"start":{"line":41,"column":23},"end":{"line":41,"column":null}},"3":{"start":{"line":42,"column":2},"end":{"line":42,"column":57}},"4":{"start":{"line":42,"column":57},"end":{"line":59,"column":null}},"5":{"start":{"line":42,"column":57},"end":{"line":42,"column":null}},"6":{"start":{"line":44,"column":8},"end":{"line":49,"column":null}},"7":{"start":{"line":44,"column":29},"end":{"line":44,"column":null}},"8":{"start":{"line":46,"column":6},"end":{"line":46,"column":69}},"9":{"start":{"line":46,"column":69},"end":{"line":46,"column":null}},"10":{"start":{"line":48,"column":6},"end":{"line":48,"column":null}},"11":{"start":{"line":49,"column":4},"end":{"line":49,"column":null}},"12":{"start":{"line":52,"column":4},"end":{"line":52,"column":null}},"13":{"start":{"line":59,"column":2},"end":{"line":59,"column":null}},"14":{"start":{"line":61,"column":2},"end":{"line":62,"column":null}},"15":{"start":{"line":63,"column":6},"end":{"line":69,"column":null}}},"fnMap":{"0":{"name":"(anonymous_0)","decl":{"start":{"line":48,"column":6},"end":{"line":48,"column":20}},"loc":{"start":{"line":48,"column":6},"end":{"line":48,"column":20}},"line":48},"1":{"name":"(anonymous_1)","decl":{"start":{"line":42,"column":57},"end":{"line":42,"column":null}},"loc":{"start":{"line":42,"column":57},"end":{"line":59,"column":null}},"line":42}},"branchMap":{"0":{"loc":{"start":{"line":41,"column":0},"end":{"line":41,"column":null}},"type":"default-arg","locations":[{"start":{"line":41,"column":23},"end":{"line":41,"column":null}}],"line":41},"1":{"loc":{"start":{"line":44,"column":8},"end":{"line":49,"column":null}},"type":"if","locations":[{"start":{"line":44,"column":8},"end":{"line":49,"column":null}},{"start":{"line":49,"column":4},"end":{"line":49,"column":null}}],"line":44},"2":{"loc":{"start":{"line":63,"column":43},"end":{"line":64,"column":15}},"type":"binary-expr","locations":[{"start":{"line":63,"column":43},"end":{"line":63,"column":61}},{"start":{"line":63,"column":43},"end":{"line":64,"column":15}}],"line":63}},"s":{"0":1,"1":1,"2":12,"3":12,"4":12,"5":5,"6":5,"7":5,"8":5,"9":5,"10":5,"11":0,"12":5,"13":5,"14":12,"15":12},"f":{"0":83,"1":5},"b":{"0":[12],"1":[5,0],"2":[12,9]},"meta":{"lastBranch":3,"lastFunction":2,"lastStatement":16,"seen":{"s:48:6:48:20":0,"f:48:6:48:20":0,"s:63:28:63:43":1,"b:41:23:41:Infinity":0,"s:41:23:41:Infinity":2,"s:42:2:42:57":3,"s:42:57:59:Infinity":4,"f:42:57:42:Infinity":1,"s:42:57:42:Infinity":5,"b:44:8:49:Infinity:49:4:49:Infinity":1,"s:44:8:49:Infinity":6,"s:44:29:44:Infinity":7,"s:46:6:46:69":8,"s:46:69:46:Infinity":9,"s:48:6:48:Infinity":10,"s:49:4:49:Infinity":11,"s:52:4:52:Infinity":12,"s:59:2:59:Infinity":13,"s:61:2:62:Infinity":14,"s:63:6:69:Infinity":15,"b:63:43:63:61:63:43:64:15":2}}}
,"/home/runner/work/tiny-congress/tiny-congress/web/src/components/ErrorBoundary/ErrorFallback.tsx": {"path":"/home/runner/work/tiny-congress/tiny-congress/web/src/components/ErrorBoundary/ErrorFallback.tsx","statementMap":{"0":{"start":{"line":34,"column":16},"end":{"line":34,"column":17}},"1":{"start":{"line":25,"column":86},"end":{"line":25,"column":null}},"2":{"start":{"line":26,"column":2},"end":{"line":26,"column":29}},"3":{"start":{"line":26,"column":29},"end":{"line":28,"column":null}},"4":{"start":{"line":26,"column":29},"end":{"line":26,"column":null}},"5":{"start":{"line":27,"column":4},"end":{"line":27,"column":null}},"6":{"start":{"line":28,"column":2},"end":{"line":28,"column":null}},"7":{"start":{"line":30,"column":2},"end":{"line":31,"column":15}},"8":{"start":{"line":31,"column":15},"end":{"line":73,"column":null}}},"fnMap":{"0":{"name":"(anonymous_0)","decl":{"start":{"line":34,"column":16},"end":{"line":34,"column":17}},"loc":{"start":{"line":34,"column":16},"end":{"line":34,"column":17}},"line":34},"1":{"name":"(anonymous_1)","decl":{"start":{"line":26,"column":29},"end":{"line":26,"column":null}},"loc":{"start":{"line":26,"column":29},"end":{"line":28,"column":null}},"line":26}},"branchMap":{"0":{"loc":{"start":{"line":25,"column":57},"end":{"line":25,"column":63}},"type":"default-arg","locations":[{"start":{"line":25,"column":57},"end":{"line":25,"column":63}}],"line":25},"1":{"loc":{"start":{"line":53,"column":9},"end":{"line":32,"column":17}},"type":"binary-expr","locations":[{"start":{"line":53,"column":9},"end":{"line":54,"column":null}},{"start":{"line":54,"column":21},"end":{"line":54,"column":null}},{"start":{"line":54,"column":21},"end":{"line":32,"column":17}}],"line":53},"2":{"loc":{"start":{"line":61,"column":27},"end":{"line":56,"column":19}},"type":"binary-expr","locations":[{"start":{"line":61,"column":27},"end":{"line":61,"column":32}},{"start":{"line":61,"column":27},"end":{"line":56,"column":19}}],"line":61}},"s":{"0":2,"1":14,"2":14,"3":14,"4":1,"5":1,"6":1,"7":14,"8":14},"f":{"0":79,"1":1},"b":{"0":[14],"1":[14,13,1],"2":[1,1]},"meta":{"lastBranch":3,"lastFunction":2,"lastStatement":9,"seen":{"s:34:16:34:17":0,"f:34:16:34:17":0,"b:25:57:25:63":0,"s:25:86:25:Infinity":1,"s:26:2:26:29":2,"s:26:29:28:Infinity":3,"f:26:29:26:Infinity":1,"s:26:29:26:Infinity":4,"s:27:4:27:Infinity":5,"s:28:2:28:Infinity":6,"s:30:2:31:15":7,"s:31:15:73:Infinity":8,"b:53:9:54:Infinity:54:21:54:Infinity:54:21:32:17":1,"b:61:27:61:32:61:27:56:19":2}}}
,"/home/runner/work/tiny-congress/tiny-congress/web/src/components/ThreadedConversation/ThreadedConversation.tsx": {"path":"/home/runner/work/tiny-congress/tiny-congress/web/src/components/ThreadedConversation/ThreadedConversation.tsx","statementMap":{"0":{"start":{"line":15,"column":2},"end":{"line":15,"column":null}},"1":{"start":{"line":27,"column":7},"end":{"line":27,"column":null}},"2":{"start":{"line":68,"column":20},"end":{"line":76,"column":null}},"3":{"start":{"line":68,"column":68},"end":{"line":68,"column":null}},"4":{"start":{"line":69,"column":2},"end":{"line":75,"column":null}},"5":{"start":{"line":69,"column":18},"end":{"line":69,"column":null}},"6":{"start":{"line":70,"column":4},"end":{"line":72,"column":null}},"7":{"start":{"line":70,"column":24},"end":{"line":70,"column":null}},"8":{"start":{"line":71,"column":6},"end":{"line":71,"column":null}},"9":{"start":{"line":72,"column":4},"end":{"line":72,"column":null}},"10":{"start":{"line":73,"column":10},"end":{"line":73,"column":null}},"11":{"start":{"line":73,"column":42},"end":{"line":73,"column":null}},"12":{"start":{"line":74,"column":4},"end":{"line":74,"column":null}},"13":{"start":{"line":74,"column":17},"end":{"line":74,"column":31}},"14":{"start":{"line":74,"column":17},"end":{"line":74,"column":null}},"15":{"start":{"line":89,"column":3},"end":{"line":89,"column":null}},"16":{"start":{"line":90,"column":24},"end":{"line":90,"column":null}},"17":{"start":{"line":90,"column":49},"end":{"line":90,"column":null}},"18":{"start":{"line":92,"column":2},"end":{"line":117,"column":null}},"19":{"start":{"line":112,"column":32},"end":{"line":112,"column":null}},"20":{"start":{"line":113,"column":10},"end":{"line":113,"column":null}},"21":{"start":{"line":113,"column":27},"end":{"line":113,"column":null}},"22":{"start":{"line":114,"column":10},"end":{"line":114,"column":null}},"23":{"start":{"line":136,"column":3},"end":{"line":136,"column":null}},"24":{"start":{"line":137,"column":30},"end":{"line":137,"column":null}},"25":{"start":{"line":138,"column":59},"end":{"line":138,"column":null}},"26":{"start":{"line":141,"column":8},"end":{"line":144,"column":null}},"27":{"start":{"line":143,"column":43},"end":{"line":143,"column":49}},"28":{"start":{"line":143,"column":43},"end":{"line":143,"column":61}},"29":{"start":{"line":147,"column":8},"end":{"line":150,"column":null}},"30":{"start":{"line":150,"column":3},"end":{"line":150,"column":null}},"31":{"start":{"line":152,"column":23},"end":{"line":157,"column":null}},"32":{"start":{"line":152,"column":29},"end":{"line":152,"column":null}},"33":{"start":{"line":153,"column":4},"end":{"line":153,"column":null}},"34":{"start":{"line":153,"column":25},"end":{"line":153,"column":null}},"35":{"start":{"line":154,"column":4},"end":{"line":156,"column":null}},"36":{"start":{"line":154,"column":18},"end":{"line":154,"column":null}},"37":{"start":{"line":155,"column":6},"end":{"line":155,"column":null}},"38":{"start":{"line":156,"column":4},"end":{"line":156,"column":null}},"39":{"start":{"line":157,"column":2},"end":{"line":157,"column":null}},"40":{"start":{"line":160,"column":2},"end":{"line":254,"column":null}},"41":{"start":{"line":168,"column":40},"end":{"line":168,"column":null}},"42":{"start":{"line":168,"column":40},"end":{"line":174,"column":null}},"43":{"start":{"line":236,"column":69},"end":{"line":236,"column":82}},"44":{"start":{"line":236,"column":69},"end":{"line":236,"column":null}},"45":{"start":{"line":242,"column":18},"end":{"line":242,"column":19}},"46":{"start":{"line":242,"column":18},"end":{"line":248,"column":null}},"47":{"start":{"line":246,"column":52},"end":{"line":246,"column":59}},"48":{"start":{"line":246,"column":52},"end":{"line":246,"column":null}},"49":{"start":{"line":259,"column":69},"end":{"line":259,"column":null}},"50":{"start":{"line":260,"column":38},"end":{"line":260,"column":null}},"51":{"start":{"line":261,"column":58},"end":{"line":263,"column":null}},"52":{"start":{"line":263,"column":2},"end":{"line":263,"column":null}},"53":{"start":{"line":266,"column":2},"end":{"line":275,"column":null}},"54":{"start":{"line":266,"column":20},"end":{"line":266,"column":null}},"55":{"start":{"line":267,"column":4},"end":{"line":274,"column":null}},"56":{"start":{"line":267,"column":71},"end":{"line":267,"column":null}},"57":{"start":{"line":268,"column":6},"end":{"line":268,"column":null}},"58":{"start":{"line":269,"column":4},"end":{"line":269,"column":15}},"59":{"start":{"line":269,"column":4},"end":{"line":274,"column":null}},"60":{"start":{"line":269,"column":45},"end":{"line":269,"column":null}},"61":{"start":{"line":271,"column":6},"end":{"line":271,"column":null}},"62":{"start":{"line":271,"column":31},"end":{"line":271,"column":null}},"63":{"start":{"line":273,"column":6},"end":{"line":273,"column":null}},"64":{"start":{"line":274,"column":4},"end":{"line":274,"column":null}},"65":{"start":{"line":278,"column":8},"end":{"line":278,"column":null}},"66":{"start":{"line":278,"column":66},"end":{"line":278,"column":null}},"67":{"start":{"line":281,"column":21},"end":{"line":316,"column":null}},"68":{"start":{"line":281,"column":79},"end":{"line":281,"column":null}},"69":{"start":{"line":283,"column":10},"end":{"line":310,"column":null}},"70":{"start":{"line":283,"column":66},"end":{"line":283,"column":null}},"71":{"start":{"line":284,"column":6},"end":{"line":308,"column":null}},"72":{"start":{"line":284,"column":34},"end":{"line":284,"column":null}},"73":{"start":{"line":286,"column":14},"end":{"line":288,"column":null}},"74":{"start":{"line":287,"column":20},"end":{"line":287,"column":25}},"75":{"start":{"line":287,"column":20},"end":{"line":287,"column":null}},"76":{"start":{"line":288,"column":8},"end":{"line":288,"column":null}},"77":{"start":{"line":290,"column":8},"end":{"line":301,"column":null}},"78":{"start":{"line":290,"column":36},"end":{"line":290,"column":null}},"79":{"start":{"line":292,"column":16},"end":{"line":292,"column":null}},"80":{"start":{"line":293,"column":16},"end":{"line":293,"column":null}},"81":{"start":{"line":293,"column":61},"end":{"line":293,"column":null}},"82":{"start":{"line":294,"column":10},"end":{"line":299,"column":null}},"83":{"start":{"line":294,"column":28},"end":{"line":294,"column":null}},"84":{"start":{"line":295,"column":12},"end":{"line":298,"column":null}},"85":{"start":{"line":299,"column":10},"end":{"line":299,"column":null}},"86":{"start":{"line":300,"column":10},"end":{"line":300,"column":null}},"87":{"start":{"line":301,"column":8},"end":{"line":301,"column":null}},"88":{"start":{"line":304,"column":8},"end":{"line":307,"column":null}},"89":{"start":{"line":308,"column":6},"end":{"line":308,"column":null}},"90":{"start":{"line":309,"column":6},"end":{"line":309,"column":null}},"91":{"start":{"line":310,"column":5},"end":{"line":310,"column":null}},"92":{"start":{"line":312,"column":4},"end":{"line":315,"column":null}},"93":{"start":{"line":316,"column":2},"end":{"line":316,"column":null}},"94":{"start":{"line":319,"column":30},"end":{"line":346,"column":null}},"95":{"start":{"line":319,"column":51},"end":{"line":319,"column":null}},"96":{"start":{"line":321,"column":10},"end":{"line":335,"column":null}},"97":{"start":{"line":321,"column":66},"end":{"line":321,"column":null}},"98":{"start":{"line":322,"column":6},"end":{"line":333,"column":null}},"99":{"start":{"line":322,"column":34},"end":{"line":322,"column":null}},"100":{"start":{"line":323,"column":8},"end":{"line":323,"column":null}},"101":{"start":{"line":324,"column":6},"end":{"line":324,"column":17}},"102":{"start":{"line":324,"column":6},"end":{"line":333,"column":null}},"103":{"start":{"line":324,"column":69},"end":{"line":324,"column":null}},"104":{"start":{"line":326,"column":14},"end":{"line":326,"column":null}},"105":{"start":{"line":326,"column":66},"end":{"line":326,"column":null}},"106":{"start":{"line":327,"column":8},"end":{"line":332,"column":null}},"107":{"start":{"line":333,"column":6},"end":{"line":333,"column":null}},"108":{"start":{"line":334,"column":6},"end":{"line":334,"column":null}},"109":{"start":{"line":335,"column":5},"end":{"line":335,"column":null}},"110":{"start":{"line":337,"column":4},"end":{"line":340,"column":null}},"111":{"start":{"line":340,"column":5},"end":{"line":340,"column":null}},"112":{"start":{"line":343,"column":4},"end":{"line":345,"column":null}},"113":{"start":{"line":343,"column":46},"end":{"line":343,"column":null}},"114":{"start":{"line":344,"column":6},"end":{"line":344,"column":null}},"115":{"start":{"line":345,"column":4},"end":{"line":345,"column":null}},"116":{"start":{"line":346,"column":2},"end":{"line":346,"column":null}},"117":{"start":{"line":349,"column":35},"end":{"line":374,"column":null}},"118":{"start":{"line":349,"column":41},"end":{"line":349,"column":null}},"119":{"start":{"line":351,"column":10},"end":{"line":353,"column":null}},"120":{"start":{"line":352,"column":18},"end":{"line":352,"column":19}},"121":{"start":{"line":352,"column":18},"end":{"line":352,"column":null}},"122":{"start":{"line":355,"column":10},"end":{"line":355,"column":null}},"123":{"start":{"line":355,"column":46},"end":{"line":355,"column":null}},"124":{"start":{"line":356,"column":4},"end":{"line":358,"column":null}},"125":{"start":{"line":356,"column":59},"end":{"line":356,"column":null}},"126":{"start":{"line":357,"column":6},"end":{"line":357,"column":null}},"127":{"start":{"line":358,"column":4},"end":{"line":358,"column":null}},"128":{"start":{"line":361,"column":8},"end":{"line":361,"column":null}},"129":{"start":{"line":362,"column":8},"end":{"line":362,"column":null}},"130":{"start":{"line":362,"column":62},"end":{"line":362,"column":null}},"131":{"start":{"line":364,"column":4},"end":{"line":370,"column":null}},"132":{"start":{"line":364,"column":45},"end":{"line":364,"column":null}},"133":{"start":{"line":365,"column":12},"end":{"line":365,"column":null}},"134":{"start":{"line":365,"column":47},"end":{"line":365,"column":null}},"135":{"start":{"line":366,"column":6},"end":{"line":369,"column":null}},"136":{"start":{"line":366,"column":32},"end":{"line":366,"column":null}},"137":{"start":{"line":367,"column":8},"end":{"line":367,"column":null}},"138":{"start":{"line":367,"column":29},"end":{"line":367,"column":null}},"139":{"start":{"line":368,"column":8},"end":{"line":368,"column":null}},"140":{"start":{"line":369,"column":6},"end":{"line":369,"column":null}},"141":{"start":{"line":370,"column":5},"end":{"line":370,"column":null}},"142":{"start":{"line":373,"column":4},"end":{"line":373,"column":null}},"143":{"start":{"line":374,"column":2},"end":{"line":374,"column":null}},"144":{"start":{"line":377,"column":32},"end":{"line":383,"column":null}},"145":{"start":{"line":377,"column":71},"end":{"line":377,"column":null}},"146":{"start":{"line":378,"column":4},"end":{"line":380,"column":null}},"147":{"start":{"line":378,"column":35},"end":{"line":378,"column":null}},"148":{"start":{"line":379,"column":6},"end":{"line":379,"column":null}},"149":{"start":{"line":380,"column":4},"end":{"line":380,"column":null}},"150":{"start":{"line":382,"column":4},"end":{"line":382,"column":null}},"151":{"start":{"line":382,"column":46},"end":{"line":382,"column":52}},"152":{"start":{"line":382,"column":46},"end":{"line":382,"column":64}},"153":{"start":{"line":383,"column":2},"end":{"line":383,"column":null}},"154":{"start":{"line":386,"column":32},"end":{"line":389,"column":null}},"155":{"start":{"line":386,"column":68},"end":{"line":386,"column":null}},"156":{"start":{"line":387,"column":10},"end":{"line":387,"column":null}},"157":{"start":{"line":387,"column":53},"end":{"line":387,"column":55}},"158":{"start":{"line":387,"column":53},"end":{"line":387,"column":null}},"159":{"start":{"line":387,"column":70},"end":{"line":387,"column":null}},"160":{"start":{"line":388,"column":4},"end":{"line":388,"column":null}},"161":{"start":{"line":392,"column":84},"end":{"line":392,"column":null}},"162":{"start":{"line":393,"column":10},"end":{"line":393,"column":44}},"163":{"start":{"line":394,"column":10},"end":{"line":394,"column":null}},"164":{"start":{"line":394,"column":48},"end":{"line":394,"column":50}},"165":{"start":{"line":394,"column":48},"end":{"line":394,"column":null}},"166":{"start":{"line":394,"column":67},"end":{"line":394,"column":null}},"167":{"start":{"line":397,"column":4},"end":{"line":397,"column":null}},"168":{"start":{"line":400,"column":8},"end":{"line":400,"column":null}},"169":{"start":{"line":400,"column":66},"end":{"line":400,"column":68}},"170":{"start":{"line":400,"column":66},"end":{"line":400,"column":81}},"171":{"start":{"line":400,"column":87},"end":{"line":400,"column":null}},"172":{"start":{"line":402,"column":4},"end":{"line":416,"column":null}},"173":{"start":{"line":403,"column":12},"end":{"line":405,"column":null}},"174":{"start":{"line":404,"column":15},"end":{"line":404,"column":17}},"175":{"start":{"line":404,"column":15},"end":{"line":404,"column":null}},"176":{"start":{"line":405,"column":6},"end":{"line":405,"column":null}},"177":{"start":{"line":407,"column":6},"end":{"line":409,"column":null}},"178":{"start":{"line":407,"column":38},"end":{"line":407,"column":null}},"179":{"start":{"line":408,"column":8},"end":{"line":408,"column":null}},"180":{"start":{"line":409,"column":6},"end":{"line":409,"column":null}},"181":{"start":{"line":411,"column":6},"end":{"line":411,"column":null}},"182":{"start":{"line":414,"column":12},"end":{"line":414,"column":null}},"183":{"start":{"line":414,"column":53},"end":{"line":414,"column":55}},"184":{"start":{"line":414,"column":53},"end":{"line":414,"column":null}},"185":{"start":{"line":414,"column":65},"end":{"line":414,"column":null}},"186":{"start":{"line":415,"column":6},"end":{"line":415,"column":null}},"187":{"start":{"line":416,"column":4},"end":{"line":416,"column":null}},"188":{"start":{"line":418,"column":4},"end":{"line":418,"column":null}},"189":{"start":{"line":419,"column":2},"end":{"line":419,"column":null}},"190":{"start":{"line":422,"column":31},"end":{"line":425,"column":null}},"191":{"start":{"line":422,"column":46},"end":{"line":422,"column":null}},"192":{"start":{"line":423,"column":10},"end":{"line":423,"column":null}},"193":{"start":{"line":423,"column":40},"end":{"line":423,"column":null}},"194":{"start":{"line":424,"column":4},"end":{"line":424,"column":null}},"195":{"start":{"line":425,"column":2},"end":{"line":425,"column":null}},"196":{"start":{"line":427,"column":2},"end":{"line":506,"column":null}},"197":{"start":{"line":446,"column":8},"end":{"line":446,"column":9}},"198":{"start":{"line":446,"column":8},"end":{"line":483,"column":null}},"199":{"start":{"line":449,"column":27},"end":{"line":449,"column":29}},"200":{"start":{"line":449,"column":27},"end":{"line":449,"column":null}},"201":{"start":{"line":451,"column":14},"end":{"line":451,"column":15}},"202":{"start":{"line":451,"column":14},"end":{"line":458,"column":null}},"203":{"start":{"line":462,"column":27},"end":{"line":462,"column":28}},"204":{"start":{"line":462,"column":27},"end":{"line":462,"column":null}},"205":{"start":{"line":464,"column":14},"end":{"line":464,"column":15}},"206":{"start":{"line":464,"column":14},"end":{"line":481,"column":null}},"207":{"start":{"line":471,"column":18},"end":{"line":471,"column":19}},"208":{"start":{"line":471,"column":18},"end":{"line":478,"column":null}},"209":{"start":{"line":476,"column":38},"end":{"line":476,"column":57}},"210":{"start":{"line":476,"column":38},"end":{"line":476,"column":null}},"211":{"start":{"line":490,"column":27},"end":{"line":490,"column":null}},"212":{"start":{"line":492,"column":14},"end":{"line":492,"column":null}}},"fnMap":{"0":{"name":"(anonymous_0)","decl":{"start":{"line":15,"column":2},"end":{"line":15,"column":null}},"loc":{"start":{"line":15,"column":2},"end":{"line":15,"column":null}},"line":15},"1":{"name":"(anonymous_1)","decl":{"start":{"line":68,"column":20},"end":{"line":68,"column":21}},"loc":{"start":{"line":68,"column":68},"end":{"line":76,"column":null}},"line":68},"2":{"name":"(anonymous_2)","decl":{"start":{"line":69,"column":12},"end":{"line":69,"column":18}},"loc":{"start":{"line":69,"column":18},"end":{"line":75,"column":5}},"line":69},"3":{"name":"(anonymous_3)","decl":{"start":{"line":74,"column":11},"end":{"line":74,"column":17}},"loc":{"start":{"line":74,"column":17},"end":{"line":74,"column":null}},"line":74},"4":{"name":"DimensionVoteSlider","decl":{"start":{"line":79,"column":9},"end":{"line":79,"column":29}},"loc":{"start":{"line":89,"column":3},"end":{"line":119,"column":null}},"line":89},"5":{"name":"(anonymous_5)","decl":{"start":{"line":112,"column":19},"end":{"line":112,"column":32}},"loc":{"start":{"line":112,"column":32},"end":{"line":115,"column":null}},"line":112},"6":{"name":"Branch","decl":{"start":{"line":122,"column":9},"end":{"line":122,"column":16}},"loc":{"start":{"line":136,"column":3},"end":{"line":256,"column":null}},"line":136},"7":{"name":"(anonymous_7)","decl":{"start":{"line":143,"column":28},"end":{"line":143,"column":29}},"loc":{"start":{"line":143,"column":43},"end":{"line":143,"column":61}},"line":143},"8":{"name":"(anonymous_8)","decl":{"start":{"line":152,"column":23},"end":{"line":152,"column":29}},"loc":{"start":{"line":152,"column":29},"end":{"line":157,"column":null}},"line":152},"9":{"name":"(anonymous_9)","decl":{"start":{"line":168,"column":15},"end":{"line":168,"column":40}},"loc":{"start":{"line":168,"column":40},"end":{"line":174,"column":null}},"line":168},"10":{"name":"(anonymous_10)","decl":{"start":{"line":236,"column":63},"end":{"line":236,"column":69}},"loc":{"start":{"line":236,"column":69},"end":{"line":236,"column":null}},"line":236},"11":{"name":"(anonymous_11)","decl":{"start":{"line":241,"column":33},"end":{"line":241,"column":null}},"loc":{"start":{"line":242,"column":18},"end":{"line":247,"column":null}},"line":242},"12":{"name":"(anonymous_12)","decl":{"start":{"line":246,"column":28},"end":{"line":246,"column":29}},"loc":{"start":{"line":246,"column":52},"end":{"line":246,"column":null}},"line":246},"13":{"name":"ThreadedConversation","decl":{"start":{"line":259,"column":16},"end":{"line":259,"column":37}},"loc":{"start":{"line":259,"column":69},"end":{"line":508,"column":null}},"line":259},"14":{"name":"(anonymous_14)","decl":{"start":{"line":266,"column":14},"end":{"line":266,"column":20}},"loc":{"start":{"line":266,"column":20},"end":{"line":275,"column":5}},"line":266},"15":{"name":"(anonymous_15)","decl":{"start":{"line":281,"column":21},"end":{"line":281,"column":22}},"loc":{"start":{"line":281,"column":79},"end":{"line":316,"column":null}},"line":281},"16":{"name":"(anonymous_16)","decl":{"start":{"line":283,"column":55},"end":{"line":283,"column":66}},"loc":{"start":{"line":283,"column":66},"end":{"line":310,"column":5}},"line":283},"17":{"name":"(anonymous_17)","decl":{"start":{"line":287,"column":11},"end":{"line":287,"column":20}},"loc":{"start":{"line":287,"column":20},"end":{"line":287,"column":null}},"line":287},"18":{"name":"(anonymous_18)","decl":{"start":{"line":319,"column":30},"end":{"line":319,"column":51}},"loc":{"start":{"line":319,"column":51},"end":{"line":346,"column":null}},"line":319},"19":{"name":"(anonymous_19)","decl":{"start":{"line":321,"column":55},"end":{"line":321,"column":66}},"loc":{"start":{"line":321,"column":66},"end":{"line":335,"column":5}},"line":321},"20":{"name":"(anonymous_20)","decl":{"start":{"line":349,"column":35},"end":{"line":349,"column":41}},"loc":{"start":{"line":349,"column":41},"end":{"line":374,"column":null}},"line":349},"21":{"name":"(anonymous_21)","decl":{"start":{"line":352,"column":7},"end":{"line":352,"column":18}},"loc":{"start":{"line":352,"column":18},"end":{"line":352,"column":null}},"line":352},"22":{"name":"(anonymous_22)","decl":{"start":{"line":364,"column":34},"end":{"line":364,"column":45}},"loc":{"start":{"line":364,"column":45},"end":{"line":370,"column":5}},"line":364},"23":{"name":"(anonymous_23)","decl":{"start":{"line":377,"column":32},"end":{"line":377,"column":71}},"loc":{"start":{"line":377,"column":71},"end":{"line":383,"column":null}},"line":377},"24":{"name":"(anonymous_24)","decl":{"start":{"line":382,"column":31},"end":{"line":382,"column":32}},"loc":{"start":{"line":382,"column":46},"end":{"line":382,"column":64}},"line":382},"25":{"name":"(anonymous_25)","decl":{"start":{"line":386,"column":32},"end":{"line":386,"column":68}},"loc":{"start":{"line":386,"column":68},"end":{"line":389,"column":null}},"line":386},"26":{"name":"(anonymous_26)","decl":{"start":{"line":387,"column":47},"end":{"line":387,"column":53}},"loc":{"start":{"line":387,"column":53},"end":{"line":387,"column":70}},"line":387},"27":{"name":"organizeBranches","decl":{"start":{"line":392,"column":11},"end":{"line":392,"column":28}},"loc":{"start":{"line":392,"column":84},"end":{"line":419,"column":null}},"line":392},"28":{"name":"(anonymous_28)","decl":{"start":{"line":394,"column":42},"end":{"line":394,"column":48}},"loc":{"start":{"line":394,"column":48},"end":{"line":394,"column":67}},"line":394},"29":{"name":"(anonymous_29)","decl":{"start":{"line":400,"column":60},"end":{"line":400,"column":66}},"loc":{"start":{"line":400,"column":66},"end":{"line":400,"column":78}},"line":400},"30":{"name":"(anonymous_30)","decl":{"start":{"line":404,"column":9},"end":{"line":404,"column":15}},"loc":{"start":{"line":404,"column":15},"end":{"line":404,"column":null}},"line":404},"31":{"name":"(anonymous_31)","decl":{"start":{"line":414,"column":47},"end":{"line":414,"column":53}},"loc":{"start":{"line":414,"column":53},"end":{"line":414,"column":65}},"line":414},"32":{"name":"(anonymous_32)","decl":{"start":{"line":422,"column":31},"end":{"line":422,"column":46}},"loc":{"start":{"line":422,"column":46},"end":{"line":425,"column":null}},"line":422},"33":{"name":"(anonymous_33)","decl":{"start":{"line":445,"column":29},"end":{"line":445,"column":30}},"loc":{"start":{"line":446,"column":8},"end":{"line":482,"column":null}},"line":446},"34":{"name":"(anonymous_34)","decl":{"start":{"line":449,"column":21},"end":{"line":449,"column":27}},"loc":{"start":{"line":449,"column":27},"end":{"line":449,"column":39}},"line":449},"35":{"name":"(anonymous_35)","decl":{"start":{"line":450,"column":18},"end":{"line":450,"column":null}},"loc":{"start":{"line":451,"column":14},"end":{"line":457,"column":null}},"line":451},"36":{"name":"(anonymous_36)","decl":{"start":{"line":462,"column":21},"end":{"line":462,"column":27}},"loc":{"start":{"line":462,"column":27},"end":{"line":462,"column":55}},"line":462},"37":{"name":"(anonymous_37)","decl":{"start":{"line":463,"column":18},"end":{"line":463,"column":null}},"loc":{"start":{"line":464,"column":14},"end":{"line":480,"column":null}},"line":464},"38":{"name":"(anonymous_38)","decl":{"start":{"line":470,"column":18},"end":{"line":470,"column":null}},"loc":{"start":{"line":471,"column":18},"end":{"line":478,"column":null}},"line":471},"39":{"name":"(anonymous_39)","decl":{"start":{"line":476,"column":32},"end":{"line":476,"column":38}},"loc":{"start":{"line":476,"column":38},"end":{"line":476,"column":null}},"line":476},"40":{"name":"(anonymous_40)","decl":{"start":{"line":490,"column":21},"end":{"line":490,"column":27}},"loc":{"start":{"line":490,"column":27},"end":{"line":493,"column":null}},"line":490}},"branchMap":{"0":{"loc":{"start":{"line":70,"column":4},"end":{"line":72,"column":null}},"type":"if","locations":[{"start":{"line":70,"column":4},"end":{"line":72,"column":null}},{"start":{"line":72,"column":4},"end":{"line":72,"column":null}}],"line":70},"1":{"loc":{"start":{"line":82,"column":2},"end":{"line":82,"column":null}},"type":"default-arg","locations":[{"start":{"line":82,"column":2},"end":{"line":82,"column":null}}],"line":82},"2":{"loc":{"start":{"line":125,"column":2},"end":{"line":125,"column":null}},"type":"default-arg","locations":[{"start":{"line":125,"column":2},"end":{"line":125,"column":null}}],"line":125},"3":{"loc":{"start":{"line":142,"column":4},"end":{"line":144,"column":null}},"type":"cond-expr","locations":[{"start":{"line":142,"column":26},"end":{"line":143,"column":null}},{"start":{"line":143,"column":79},"end":{"line":144,"column":null}}],"line":142},"4":{"loc":{"start":{"line":154,"column":4},"end":{"line":156,"column":null}},"type":"if","locations":[{"start":{"line":154,"column":4},"end":{"line":156,"column":null}},{"start":{"line":156,"column":4},"end":{"line":156,"column":null}}],"line":154},"5":{"loc":{"start":{"line":163,"column":14},"end":{"line":163,"column":null}},"type":"cond-expr","locations":[{"start":{"line":163,"column":14},"end":{"line":163,"column":36}},{"start":{"line":163,"column":29},"end":{"line":163,"column":null}}],"line":163},"6":{"loc":{"start":{"line":164,"column":15},"end":{"line":164,"column":null}},"type":"cond-expr","locations":[{"start":{"line":164,"column":15},"end":{"line":164,"column":37}},{"start":{"line":164,"column":30},"end":{"line":164,"column":null}}],"line":164},"7":{"loc":{"start":{"line":169,"column":22},"end":{"line":169,"column":null}},"type":"cond-expr","locations":[{"start":{"line":169,"column":22},"end":{"line":169,"column":79}},{"start":{"line":169,"column":74},"end":{"line":169,"column":null}}],"line":169},"8":{"loc":{"start":{"line":170,"column":19},"end":{"line":170,"column":null}},"type":"cond-expr","locations":[{"start":{"line":170,"column":33},"end":{"line":170,"column":52}},{"start":{"line":170,"column":46},"end":{"line":170,"column":null}}],"line":170},"9":{"loc":{"start":{"line":170,"column":19},"end":{"line":170,"column":46}},"type":"binary-expr","locations":[{"start":{"line":170,"column":19},"end":{"line":170,"column":32}},{"start":{"line":170,"column":20},"end":{"line":170,"column":46}}],"line":170},"10":{"loc":{"start":{"line":171,"column":27},"end":{"line":171,"column":null}},"type":"cond-expr","locations":[{"start":{"line":171,"column":27},"end":{"line":171,"column":65}},{"start":{"line":171,"column":61},"end":{"line":171,"column":null}}],"line":171},"11":{"loc":{"start":{"line":172,"column":20},"end":{"line":172,"column":null}},"type":"cond-expr","locations":[{"start":{"line":172,"column":20},"end":{"line":172,"column":44}},{"start":{"line":172,"column":35},"end":{"line":172,"column":null}}],"line":172},"12":{"loc":{"start":{"line":173,"column":22},"end":{"line":173,"column":null}},"type":"cond-expr","locations":[{"start":{"line":173,"column":22},"end":{"line":173,"column":41}},{"start":{"line":173,"column":37},"end":{"line":173,"column":null}}],"line":173},"13":{"loc":{"start":{"line":179,"column":67},"end":{"line":179,"column":null}},"type":"cond-expr","locations":[{"start":{"line":179,"column":74},"end":{"line":179,"column":90}},{"start":{"line":179,"column":81},"end":{"line":179,"column":null}}],"line":179},"14":{"loc":{"start":{"line":188,"column":15},"end":{"line":191,"column":null}},"type":"binary-expr","locations":[{"start":{"line":188,"column":15},"end":{"line":188,"column":null}},{"start":{"line":188,"column":22},"end":{"line":191,"column":null}}],"line":188},"15":{"loc":{"start":{"line":193,"column":15},"end":{"line":196,"column":null}},"type":"binary-expr","locations":[{"start":{"line":193,"column":15},"end":{"line":193,"column":null}},{"start":{"line":193,"column":15},"end":{"line":196,"column":null}}],"line":193},"16":{"loc":{"start":{"line":198,"column":15},"end":{"line":201,"column":null}},"type":"binary-expr","locations":[{"start":{"line":198,"column":15},"end":{"line":198,"column":30}},{"start":{"line":198,"column":16},"end":{"line":198,"column":null}},{"start":{"line":198,"column":30},"end":{"line":201,"column":null}}],"line":198},"17":{"loc":{"start":{"line":210,"column":14},"end":{"line":214,"column":null}},"type":"cond-expr","locations":[{"start":{"line":210,"column":29},"end":{"line":211,"column":null}},{"start":{"line":211,"column":39},"end":{"line":214,"column":null}}],"line":210},"18":{"loc":{"start":{"line":212,"column":18},"end":{"line":214,"column":null}},"type":"cond-expr","locations":[{"start":{"line":212,"column":33},"end":{"line":213,"column":null}},{"start":{"line":213,"column":41},"end":{"line":214,"column":null}}],"line":212},"19":{"loc":{"start":{"line":216,"column":19},"end":{"line":216,"column":null}},"type":"cond-expr","locations":[{"start":{"line":216,"column":34},"end":{"line":216,"column":48}},{"start":{"line":216,"column":38},"end":{"line":216,"column":null}}],"line":216},"20":{"loc":{"start":{"line":216,"column":48},"end":{"line":216,"column":null}},"type":"cond-expr","locations":[{"start":{"line":216,"column":63},"end":{"line":216,"column":75}},{"start":{"line":216,"column":67},"end":{"line":216,"column":null}}],"line":216},"21":{"loc":{"start":{"line":221,"column":11},"end":{"line":226,"column":null}},"type":"binary-expr","locations":[{"start":{"line":221,"column":11},"end":{"line":221,"column":null}},{"start":{"line":221,"column":12},"end":{"line":226,"column":null}}],"line":221},"22":{"loc":{"start":{"line":231,"column":18},"end":{"line":231,"column":46}},"type":"cond-expr","locations":[{"start":{"line":231,"column":18},"end":{"line":231,"column":40}},{"start":{"line":231,"column":33},"end":{"line":231,"column":46}}],"line":231},"23":{"loc":{"start":{"line":235,"column":7},"end":{"line":252,"column":null}},"type":"binary-expr","locations":[{"start":{"line":235,"column":7},"end":{"line":235,"column":null}},{"start":{"line":235,"column":8},"end":{"line":252,"column":null}}],"line":235},"24":{"loc":{"start":{"line":236,"column":26},"end":{"line":236,"column":53}},"type":"cond-expr","locations":[{"start":{"line":236,"column":26},"end":{"line":236,"column":47}},{"start":{"line":236,"column":37},"end":{"line":236,"column":53}}],"line":236},"25":{"loc":{"start":{"line":262,"column":4},"end":{"line":262,"column":null}},"type":"cond-expr","locations":[{"start":{"line":262,"column":11},"end":{"line":262,"column":52}},{"start":{"line":262,"column":35},"end":{"line":262,"column":null}}],"line":262},"26":{"loc":{"start":{"line":267,"column":4},"end":{"line":274,"column":null}},"type":"if","locations":[{"start":{"line":267,"column":4},"end":{"line":274,"column":null}},{"start":{"line":269,"column":4},"end":{"line":274,"column":null}}],"line":267},"27":{"loc":{"start":{"line":267,"column":8},"end":{"line":267,"column":71}},"type":"binary-expr","locations":[{"start":{"line":267,"column":8},"end":{"line":267,"column":43}},{"start":{"line":267,"column":35},"end":{"line":267,"column":71}}],"line":267},"28":{"loc":{"start":{"line":269,"column":4},"end":{"line":274,"column":null}},"type":"if","locations":[{"start":{"line":269,"column":4},"end":{"line":274,"column":null}},{"start":{"line":274,"column":4},"end":{"line":274,"column":null}}],"line":269},"29":{"loc":{"start":{"line":284,"column":6},"end":{"line":308,"column":null}},"type":"if","locations":[{"start":{"line":284,"column":6},"end":{"line":308,"column":null}},{"start":{"line":308,"column":6},"end":{"line":308,"column":null}}],"line":284},"30":{"loc":{"start":{"line":287,"column":20},"end":{"line":287,"column":null}},"type":"binary-expr","locations":[{"start":{"line":287,"column":20},"end":{"line":287,"column":54}},{"start":{"line":287,"column":39},"end":{"line":287,"column":null}}],"line":287},"31":{"loc":{"start":{"line":290,"column":8},"end":{"line":301,"column":null}},"type":"if","locations":[{"start":{"line":290,"column":8},"end":{"line":301,"column":null}},{"start":{"line":301,"column":8},"end":{"line":301,"column":null}}],"line":290},"32":{"loc":{"start":{"line":294,"column":10},"end":{"line":299,"column":null}},"type":"if","locations":[{"start":{"line":294,"column":10},"end":{"line":299,"column":null}},{"start":{"line":299,"column":10},"end":{"line":299,"column":null}}],"line":294},"33":{"loc":{"start":{"line":322,"column":6},"end":{"line":333,"column":null}},"type":"if","locations":[{"start":{"line":322,"column":6},"end":{"line":333,"column":null}},{"start":{"line":324,"column":6},"end":{"line":333,"column":null}}],"line":322},"34":{"loc":{"start":{"line":324,"column":6},"end":{"line":333,"column":null}},"type":"if","locations":[{"start":{"line":324,"column":6},"end":{"line":333,"column":null}},{"start":{"line":333,"column":6},"end":{"line":333,"column":null}}],"line":324},"35":{"loc":{"start":{"line":331,"column":20},"end":{"line":331,"column":null}},"type":"binary-expr","locations":[{"start":{"line":331,"column":20},"end":{"line":331,"column":43}},{"start":{"line":331,"column":21},"end":{"line":331,"column":null}}],"line":331},"36":{"loc":{"start":{"line":343,"column":4},"end":{"line":345,"column":null}},"type":"if","locations":[{"start":{"line":343,"column":4},"end":{"line":345,"column":null}},{"start":{"line":345,"column":4},"end":{"line":345,"column":null}}],"line":343},"37":{"loc":{"start":{"line":352,"column":18},"end":{"line":352,"column":null}},"type":"binary-expr","locations":[{"start":{"line":352,"column":18},"end":{"line":352,"column":40}},{"start":{"line":352,"column":26},"end":{"line":352,"column":60}},{"start":{"line":352,"column":48},"end":{"line":352,"column":null}}],"line":352},"38":{"loc":{"start":{"line":356,"column":4},"end":{"line":358,"column":null}},"type":"if","locations":[{"start":{"line":356,"column":4},"end":{"line":358,"column":null}},{"start":{"line":358,"column":4},"end":{"line":358,"column":null}}],"line":356},"39":{"loc":{"start":{"line":356,"column":8},"end":{"line":356,"column":59}},"type":"binary-expr","locations":[{"start":{"line":356,"column":8},"end":{"line":356,"column":45}},{"start":{"line":356,"column":40},"end":{"line":356,"column":59}}],"line":356},"40":{"loc":{"start":{"line":366,"column":6},"end":{"line":369,"column":null}},"type":"if","locations":[{"start":{"line":366,"column":6},"end":{"line":369,"column":null}},{"start":{"line":369,"column":6},"end":{"line":369,"column":null}}],"line":366},"41":{"loc":{"start":{"line":378,"column":4},"end":{"line":380,"column":null}},"type":"if","locations":[{"start":{"line":378,"column":4},"end":{"line":380,"column":null}},{"start":{"line":380,"column":4},"end":{"line":380,"column":null}}],"line":378},"42":{"loc":{"start":{"line":388,"column":11},"end":{"line":388,"column":null}},"type":"cond-expr","locations":[{"start":{"line":388,"column":11},"end":{"line":388,"column":38}},{"start":{"line":388,"column":27},"end":{"line":388,"column":null}}],"line":388},"43":{"loc":{"start":{"line":400,"column":41},"end":{"line":400,"column":null}},"type":"binary-expr","locations":[{"start":{"line":400,"column":41},"end":{"line":400,"column":87}},{"start":{"line":400,"column":81},"end":{"line":400,"column":null}}],"line":400},"44":{"loc":{"start":{"line":404,"column":15},"end":{"line":404,"column":null}},"type":"binary-expr","locations":[{"start":{"line":404,"column":15},"end":{"line":404,"column":50}},{"start":{"line":404,"column":50},"end":{"line":404,"column":65}},{"start":{"line":404,"column":53},"end":{"line":404,"column":null}}],"line":404},"45":{"loc":{"start":{"line":407,"column":6},"end":{"line":409,"column":null}},"type":"if","locations":[{"start":{"line":407,"column":6},"end":{"line":409,"column":null}},{"start":{"line":409,"column":6},"end":{"line":409,"column":null}}],"line":407},"46":{"loc":{"start":{"line":415,"column":24},"end":{"line":415,"column":null}},"type":"binary-expr","locations":[{"start":{"line":415,"column":24},"end":{"line":415,"column":44}},{"start":{"line":415,"column":38},"end":{"line":415,"column":null}}],"line":415},"47":{"loc":{"start":{"line":434,"column":11},"end":{"line":440,"column":null}},"type":"binary-expr","locations":[{"start":{"line":434,"column":11},"end":{"line":434,"column":null}},{"start":{"line":434,"column":38},"end":{"line":440,"column":null}}],"line":434},"48":{"loc":{"start":{"line":446,"column":40},"end":{"line":446,"column":null}},"type":"cond-expr","locations":[{"start":{"line":446,"column":48},"end":{"line":446,"column":57}},{"start":{"line":446,"column":52},"end":{"line":446,"column":null}}],"line":446},"49":{"loc":{"start":{"line":462,"column":27},"end":{"line":462,"column":null}},"type":"binary-expr","locations":[{"start":{"line":462,"column":27},"end":{"line":462,"column":44}},{"start":{"line":462,"column":30},"end":{"line":462,"column":55}}],"line":462},"50":{"loc":{"start":{"line":485,"column":7},"end":{"line":504,"column":null}},"type":"binary-expr","locations":[{"start":{"line":485,"column":7},"end":{"line":485,"column":null}},{"start":{"line":485,"column":39},"end":{"line":504,"column":null}}],"line":485}},"s":{"0":1,"1":1,"2":1,"3":5,"4":5,"5":5,"6":5,"7":0,"8":0,"9":5,"10":5,"11":5,"12":5,"13":5,"14":5,"15":10,"16":10,"17":10,"18":10,"19":0,"20":0,"21":0,"22":0,"23":17,"24":17,"25":17,"26":17,"27":12,"28":12,"29":17,"30":17,"31":17,"32":0,"33":0,"34":0,"35":0,"36":0,"37":0,"38":0,"39":17,"40":17,"41":0,"42":0,"43":0,"44":0,"45":10,"46":10,"47":0,"48":0,"49":5,"50":5,"51":5,"52":5,"53":5,"54":2,"55":2,"56":1,"57":1,"58":1,"59":1,"60":1,"61":1,"62":1,"63":1,"64":0,"65":5,"66":5,"67":5,"68":0,"69":0,"70":0,"71":0,"72":0,"73":0,"74":0,"75":0,"76":0,"77":0,"78":0,"79":0,"80":0,"81":0,"82":0,"83":0,"84":0,"85":0,"86":0,"87":0,"88":0,"89":0,"90":0,"91":0,"92":0,"93":5,"94":5,"95":2,"96":2,"97":6,"98":6,"99":2,"100":2,"101":4,"102":4,"103":2,"104":2,"105":2,"106":2,"107":2,"108":2,"109":2,"110":2,"111":2,"112":2,"113":2,"114":2,"115":0,"116":5,"117":5,"118":2,"119":2,"120":6,"121":6,"122":2,"123":2,"124":2,"125":0,"126":0,"127":2,"128":2,"129":2,"130":2,"131":2,"132":4,"133":4,"134":4,"135":4,"136":0,"137":0,"138":0,"139":0,"140":4,"141":2,"142":2,"143":5,"144":5,"145":8,"146":8,"147":0,"148":0,"149":8,"150":8,"151":8,"152":8,"153":5,"154":5,"155":4,"156":4,"157":8,"158":8,"159":4,"160":4,"161":5,"162":5,"163":5,"164":15,"165":15,"166":5,"167":5,"168":5,"169":5,"170":5,"171":5,"172":5,"173":7,"174":21,"175":21,"176":7,"177":7,"178":2,"179":2,"180":5,"181":5,"182":5,"183":8,"184":8,"185":5,"186":5,"187":5,"188":5,"189":5,"190":5,"191":5,"192":5,"193":5,"194":5,"195":5,"196":5,"197":10,"198":10,"199":13,"200":13,"201":7,"202":7,"203":13,"204":13,"205":6,"206":6,"207":10,"208":10,"209":0,"210":0,"211":0,"212":0},"f":{"0":1213,"1":5,"2":5,"3":5,"4":10,"5":0,"6":17,"7":12,"8":0,"9":0,"10":0,"11":10,"12":0,"13":5,"14":2,"15":0,"16":0,"17":0,"18":2,"19":6,"20":2,"21":6,"22":4,"23":8,"24":8,"25":4,"26":8,"27":5,"28":15,"29":5,"30":21,"31":8,"32":5,"33":10,"34":13,"35":7,"36":13,"37":6,"38":10,"39":0,"40":0},"b":{"0":[0,5],"1":[10],"2":[17],"3":[12,5],"4":[0,0],"5":[7,10],"6":[7,10],"7":[0,0],"8":[0,0],"9":[0,0],"10":[0,0],"11":[0,0],"12":[0,0],"13":[0,17],"14":[17,0],"15":[17,7],"16":[17,10,10],"17":[7,10],"18":[5,5],"19":[7,10],"20":[5,5],"21":[17,10],"22":[7,10],"23":[17,10],"24":[0,10],"25":[5,0],"26":[1,1],"27":[2,2],"28":[1,0],"29":[0,0],"30":[0,0],"31":[0,0],"32":[0,0],"33":[2,4],"34":[2,2],"35":[2,2],"36":[2,0],"37":[6,4,4],"38":[0,2],"39":[2,2],"40":[0,4],"41":[0,8],"42":[4,0],"43":[5,0],"44":[21,10,2],"45":[2,5],"46":[5,3],"47":[5,5],"48":[5,5],"49":[13,6],"50":[5,5]},"meta":{"lastBranch":51,"lastFunction":41,"lastStatement":213,"seen":{"s:15:2:15:Infinity":0,"f:15:2:15:Infinity":0,"s:27:7:27:Infinity":1,"s:68:20:76:Infinity":2,"f:68:20:68:21":1,"s:68:68:68:Infinity":3,"s:69:2:75:Infinity":4,"f:69:12:69:18":2,"s:69:18:69:Infinity":5,"b:70:4:72:Infinity:72:4:72:Infinity":0,"s:70:4:72:Infinity":6,"s:70:24:70:Infinity":7,"s:71:6:71:Infinity":8,"s:72:4:72:Infinity":9,"s:73:10:73:Infinity":10,"s:73:42:73:Infinity":11,"s:74:4:74:Infinity":12,"f:74:11:74:17":3,"s:74:17:74:31":13,"s:74:17:74:Infinity":14,"f:79:9:79:29":4,"b:82:2:82:Infinity":1,"s:89:3:89:Infinity":15,"s:90:24:90:Infinity":16,"s:90:49:90:Infinity":17,"s:92:2:117:Infinity":18,"f:112:19:112:32":5,"s:112:32:112:Infinity":19,"s:113:10:113:Infinity":20,"s:113:27:113:Infinity":21,"s:114:10:114:Infinity":22,"f:122:9:122:16":6,"b:125:2:125:Infinity":2,"s:136:3:136:Infinity":23,"s:137:30:137:Infinity":24,"s:138:59:138:Infinity":25,"s:141:8:144:Infinity":26,"b:142:26:143:Infinity:143:79:144:Infinity":3,"f:143:28:143:29":7,"s:143:43:143:49":27,"s:143:43:143:61":28,"s:147:8:150:Infinity":29,"s:150:3:150:Infinity":30,"s:152:23:157:Infinity":31,"f:152:23:152:29":8,"s:152:29:152:Infinity":32,"s:153:4:153:Infinity":33,"s:153:25:153:Infinity":34,"b:154:4:156:Infinity:156:4:156:Infinity":4,"s:154:4:156:Infinity":35,"s:154:18:154:Infinity":36,"s:155:6:155:Infinity":37,"s:156:4:156:Infinity":38,"s:157:2:157:Infinity":39,"s:160:2:254:Infinity":40,"b:163:14:163:36:163:29:163:Infinity":5,"b:164:15:164:37:164:30:164:Infinity":6,"f:168:15:168:40":9,"s:168:40:168:Infinity":41,"s:168:40:174:Infinity":42,"b:169:22:169:79:169:74:169:Infinity":7,"b:170:33:170:52:170:46:170:Infinity":8,"b:170:19:170:32:170:20:170:46":9,"b:171:27:171:65:171:61:171:Infinity":10,"b:172:20:172:44:172:35:172:Infinity":11,"b:173:22:173:41:173:37:173:Infinity":12,"b:179:74:179:90:179:81:179:Infinity":13,"b:188:15:188:Infinity:188:22:191:Infinity":14,"b:193:15:193:Infinity:193:15:196:Infinity":15,"b:198:15:198:30:198:16:198:Infinity:198:30:201:Infinity":16,"b:210:29:211:Infinity:211:39:214:Infinity":17,"b:212:33:213:Infinity:213:41:214:Infinity":18,"b:216:34:216:48:216:38:216:Infinity":19,"b:216:63:216:75:216:67:216:Infinity":20,"b:221:11:221:Infinity:221:12:226:Infinity":21,"b:231:18:231:40:231:33:231:46":22,"b:235:7:235:Infinity:235:8:252:Infinity":23,"b:236:26:236:47:236:37:236:53":24,"f:236:63:236:69":10,"s:236:69:236:82":43,"s:236:69:236:Infinity":44,"f:241:33:241:Infinity":11,"s:242:18:242:19":45,"s:242:18:248:Infinity":46,"f:246:28:246:29":12,"s:246:52:246:59":47,"s:246:52:246:Infinity":48,"f:259:16:259:37":13,"s:259:69:259:Infinity":49,"s:260:38:260:Infinity":50,"s:261:58:263:Infinity":51,"b:262:11:262:52:262:35:262:Infinity":25,"s:263:2:263:Infinity":52,"s:266:2:275:Infinity":53,"f:266:14:266:20":14,"s:266:20:266:Infinity":54,"b:267:4:274:Infinity:269:4:274:Infinity":26,"s:267:4:274:Infinity":55,"b:267:8:267:43:267:35:267:71":27,"s:267:71:267:Infinity":56,"s:268:6:268:Infinity":57,"s:269:4:269:15":58,"b:269:4:274:Infinity:274:4:274:Infinity":28,"s:269:4:274:Infinity":59,"s:269:45:269:Infinity":60,"s:271:6:271:Infinity":61,"s:271:31:271:Infinity":62,"s:273:6:273:Infinity":63,"s:274:4:274:Infinity":64,"s:278:8:278:Infinity":65,"s:278:66:278:Infinity":66,"s:281:21:316:Infinity":67,"f:281:21:281:22":15,"s:281:79:281:Infinity":68,"s:283:10:310:Infinity":69,"f:283:55:283:66":16,"s:283:66:283:Infinity":70,"b:284:6:308:Infinity:308:6:308:Infinity":29,"s:284:6:308:Infinity":71,"s:284:34:284:Infinity":72,"s:286:14:288:Infinity":73,"f:287:11:287:20":17,"s:287:20:287:25":74,"s:287:20:287:Infinity":75,"b:287:20:287:54:287:39:287:Infinity":30,"s:288:8:288:Infinity":76,"b:290:8:301:Infinity:301:8:301:Infinity":31,"s:290:8:301:Infinity":77,"s:290:36:290:Infinity":78,"s:292:16:292:Infinity":79,"s:293:16:293:Infinity":80,"s:293:61:293:Infinity":81,"b:294:10:299:Infinity:299:10:299:Infinity":32,"s:294:10:299:Infinity":82,"s:294:28:294:Infinity":83,"s:295:12:298:Infinity":84,"s:299:10:299:Infinity":85,"s:300:10:300:Infinity":86,"s:301:8:301:Infinity":87,"s:304:8:307:Infinity":88,"s:308:6:308:Infinity":89,"s:309:6:309:Infinity":90,"s:310:5:310:Infinity":91,"s:312:4:315:Infinity":92,"s:316:2:316:Infinity":93,"s:319:30:346:Infinity":94,"f:319:30:319:51":18,"s:319:51:319:Infinity":95,"s:321:10:335:Infinity":96,"f:321:55:321:66":19,"s:321:66:321:Infinity":97,"b:322:6:333:Infinity:324:6:333:Infinity":33,"s:322:6:333:Infinity":98,"s:322:34:322:Infinity":99,"s:323:8:323:Infinity":100,"s:324:6:324:17":101,"b:324:6:333:Infinity:333:6:333:Infinity":34,"s:324:6:333:Infinity":102,"s:324:69:324:Infinity":103,"s:326:14:326:Infinity":104,"s:326:66:326:Infinity":105,"s:327:8:332:Infinity":106,"b:331:20:331:43:331:21:331:Infinity":35,"s:333:6:333:Infinity":107,"s:334:6:334:Infinity":108,"s:335:5:335:Infinity":109,"s:337:4:340:Infinity":110,"s:340:5:340:Infinity":111,"b:343:4:345:Infinity:345:4:345:Infinity":36,"s:343:4:345:Infinity":112,"s:343:46:343:Infinity":113,"s:344:6:344:Infinity":114,"s:345:4:345:Infinity":115,"s:346:2:346:Infinity":116,"s:349:35:374:Infinity":117,"f:349:35:349:41":20,"s:349:41:349:Infinity":118,"s:351:10:353:Infinity":119,"f:352:7:352:18":21,"s:352:18:352:19":120,"s:352:18:352:Infinity":121,"b:352:18:352:40:352:26:352:60:352:48:352:Infinity":37,"s:355:10:355:Infinity":122,"s:355:46:355:Infinity":123,"b:356:4:358:Infinity:358:4:358:Infinity":38,"s:356:4:358:Infinity":124,"b:356:8:356:45:356:40:356:59":39,"s:356:59:356:Infinity":125,"s:357:6:357:Infinity":126,"s:358:4:358:Infinity":127,"s:361:8:361:Infinity":128,"s:362:8:362:Infinity":129,"s:362:62:362:Infinity":130,"s:364:4:370:Infinity":131,"f:364:34:364:45":22,"s:364:45:364:Infinity":132,"s:365:12:365:Infinity":133,"s:365:47:365:Infinity":134,"b:366:6:369:Infinity:369:6:369:Infinity":40,"s:366:6:369:Infinity":135,"s:366:32:366:Infinity":136,"s:367:8:367:Infinity":137,"s:367:29:367:Infinity":138,"s:368:8:368:Infinity":139,"s:369:6:369:Infinity":140,"s:370:5:370:Infinity":141,"s:373:4:373:Infinity":142,"s:374:2:374:Infinity":143,"s:377:32:383:Infinity":144,"f:377:32:377:71":23,"s:377:71:377:Infinity":145,"b:378:4:380:Infinity:380:4:380:Infinity":41,"s:378:4:380:Infinity":146,"s:378:35:378:Infinity":147,"s:379:6:379:Infinity":148,"s:380:4:380:Infinity":149,"s:382:4:382:Infinity":150,"f:382:31:382:32":24,"s:382:46:382:52":151,"s:382:46:382:64":152,"s:383:2:383:Infinity":153,"s:386:32:389:Infinity":154,"f:386:32:386:68":25,"s:386:68:386:Infinity":155,"s:387:10:387:Infinity":156,"f:387:47:387:53":26,"s:387:53:387:55":157,"s:387:53:387:Infinity":158,"s:387:70:387:Infinity":159,"s:388:4:388:Infinity":160,"b:388:11:388:38:388:27:388:Infinity":42,"f:392:11:392:28":27,"s:392:84:392:Infinity":161,"s:393:10:393:44":162,"s:394:10:394:Infinity":163,"f:394:42:394:48":28,"s:394:48:394:50":164,"s:394:48:394:Infinity":165,"s:394:67:394:Infinity":166,"s:397:4:397:Infinity":167,"s:400:8:400:Infinity":168,"b:400:41:400:87:400:81:400:Infinity":43,"f:400:60:400:66":29,"s:400:66:400:68":169,"s:400:66:400:81":170,"s:400:87:400:Infinity":171,"s:402:4:416:Infinity":172,"s:403:12:405:Infinity":173,"f:404:9:404:15":30,"s:404:15:404:17":174,"s:404:15:404:Infinity":175,"b:404:15:404:50:404:50:404:65:404:53:404:Infinity":44,"s:405:6:405:Infinity":176,"b:407:6:409:Infinity:409:6:409:Infinity":45,"s:407:6:409:Infinity":177,"s:407:38:407:Infinity":178,"s:408:8:408:Infinity":179,"s:409:6:409:Infinity":180,"s:411:6:411:Infinity":181,"s:414:12:414:Infinity":182,"f:414:47:414:53":31,"s:414:53:414:55":183,"s:414:53:414:Infinity":184,"s:414:65:414:Infinity":185,"s:415:6:415:Infinity":186,"b:415:24:415:44:415:38:415:Infinity":46,"s:416:4:416:Infinity":187,"s:418:4:418:Infinity":188,"s:419:2:419:Infinity":189,"s:422:31:425:Infinity":190,"f:422:31:422:46":32,"s:422:46:422:Infinity":191,"s:423:10:423:Infinity":192,"s:423:40:423:Infinity":193,"s:424:4:424:Infinity":194,"s:425:2:425:Infinity":195,"s:427:2:506:Infinity":196,"b:434:11:434:Infinity:434:38:440:Infinity":47,"f:445:29:445:30":33,"s:446:8:446:9":197,"s:446:8:483:Infinity":198,"b:446:48:446:57:446:52:446:Infinity":48,"f:449:21:449:27":34,"s:449:27:449:29":199,"s:449:27:449:Infinity":200,"f:450:18:450:Infinity":35,"s:451:14:451:15":201,"s:451:14:458:Infinity":202,"f:462:21:462:27":36,"s:462:27:462:28":203,"s:462:27:462:Infinity":204,"b:462:27:462:44:462:30:462:55":49,"f:463:18:463:Infinity":37,"s:464:14:464:15":205,"s:464:14:481:Infinity":206,"f:470:18:470:Infinity":38,"s:471:18:471:19":207,"s:471:18:478:Infinity":208,"f:476:32:476:38":39,"s:476:38:476:57":209,"s:476:38:476:Infinity":210,"b:485:7:485:Infinity:485:39:504:Infinity":50,"f:490:21:490:27":40,"s:490:27:490:Infinity":211,"s:492:14:492:Infinity":212}}}
,"/home/runner/work/tiny-congress/tiny-congress/web/src/components/Welcome/Welcome.module.css": {"path":"/home/runner/work/tiny-congress/tiny-congress/web/src/components/Welcome/Welcome.module.css","statementMap":{},"fnMap":{},"branchMap":{},"s":{},"f":{},"b":{},"meta":{"lastBranch":0,"lastFunction":0,"lastStatement":0,"seen":{}}}
,"/home/runner/work/tiny-congress/tiny-congress/web/src/components/Welcome/Welcome.tsx": {"path":"/home/runner/work/tiny-congress/tiny-congress/web/src/components/Welcome/Welcome.tsx","statementMap":{"0":{"start":{"line":9,"column":6},"end":{"line":9,"column":7}},"1":{"start":{"line":6,"column":26},"end":{"line":6,"column":null}},"2":{"start":{"line":7,"column":2},"end":{"line":23,"column":null}}},"fnMap":{"0":{"name":"(anonymous_0)","decl":{"start":{"line":9,"column":6},"end":{"line":9,"column":7}},"loc":{"start":{"line":9,"column":6},"end":{"line":9,"column":7}},"line":9},"1":{"name":"Welcome","decl":{"start":{"line":6,"column":16},"end":{"line":6,"column":26}},"loc":{"start":{"line":6,"column":26},"end":{"line":25,"column":null}},"line":6}},"branchMap":{},"s":{"0":1,"1":1,"2":1},"f":{"0":2,"1":1},"b":{},"meta":{"lastBranch":0,"lastFunction":2,"lastStatement":3,"seen":{"s:9:6:9:7":0,"f:9:6:9:7":0,"f:6:16:6:26":1,"s:6:26:6:Infinity":1,"s:7:2:23:Infinity":2}}}
,"/home/runner/work/tiny-congress/tiny-congress/web/src/features/identity/index.ts": {"path":"/home/runner/work/tiny-congress/tiny-congress/web/src/features/identity/index.ts","statementMap":{},"fnMap":{},"branchMap":{},"s":{},"f":{},"b":{},"meta":{"lastBranch":0,"lastFunction":0,"lastStatement":0,"seen":{}}}
,"/home/runner/work/tiny-congress/tiny-congress/web/src/features/identity/api/client.ts": {"path":"/home/runner/work/tiny-congress/tiny-congress/web/src/features/identity/api/client.ts","statementMap":{"0":{"start":{"line":36,"column":10},"end":{"line":36,"column":14}},"1":{"start":{"line":7,"column":0},"end":{"line":7,"column":21}},"2":{"start":{"line":7,"column":21},"end":{"line":23,"column":null}},"3":{"start":{"line":24,"column":2},"end":{"line":24,"column":null}},"4":{"start":{"line":26,"column":8},"end":{"line":26,"column":null}},"5":{"start":{"line":27,"column":7},"end":{"line":32,"column":null}},"6":{"start":{"line":34,"column":2},"end":{"line":34,"column":null}},"7":{"start":{"line":34,"column":20},"end":{"line":37,"column":null}},"8":{"start":{"line":35,"column":4},"end":{"line":35,"column":53}},"9":{"start":{"line":35,"column":53},"end":{"line":35,"column":null}},"10":{"start":{"line":35,"column":53},"end":{"line":35,"column":55}},"11":{"start":{"line":35,"column":55},"end":{"line":35,"column":null}},"12":{"start":{"line":36,"column":4},"end":{"line":36,"column":null}},"13":{"start":{"line":37,"column":2},"end":{"line":37,"column":null}},"14":{"start":{"line":39,"column":2},"end":{"line":39,"column":null}},"15":{"start":{"line":40,"column":0},"end":{"line":40,"column":null}},"16":{"start":{"line":44,"column":78},"end":{"line":44,"column":null}},"17":{"start":{"line":45,"column":2},"end":{"line":45,"column":null}},"18":{"start":{"line":46,"column":4},"end":{"line":49,"column":null}}},"fnMap":{"0":{"name":"(anonymous_0)","decl":{"start":{"line":36,"column":10},"end":{"line":36,"column":14}},"loc":{"start":{"line":36,"column":10},"end":{"line":36,"column":14}},"line":36},"1":{"name":"fetchJson","decl":{"start":{"line":23,"column":77},"end":{"line":23,"column":null}},"loc":{"start":{"line":23,"column":77},"end":{"line":44,"column":78}},"line":23},"2":{"name":"(anonymous_2)","decl":{"start":{"line":35,"column":53},"end":{"line":35,"column":55}},"loc":{"start":{"line":35,"column":53},"end":{"line":35,"column":null}},"line":35}},"branchMap":{"0":{"loc":{"start":{"line":7,"column":21},"end":{"line":23,"column":null}},"type":"binary-expr","locations":[{"start":{"line":7,"column":21},"end":{"line":23,"column":null}},{"start":{"line":23,"column":77},"end":{"line":23,"column":null}}],"line":7},"1":{"loc":{"start":{"line":34,"column":20},"end":{"line":37,"column":null}},"type":"if","locations":[{"start":{"line":34,"column":20},"end":{"line":37,"column":null}},{"start":{"line":37,"column":2},"end":{"line":37,"column":null}}],"line":34},"2":{"loc":{"start":{"line":37,"column":2},"end":{"line":37,"column":null}},"type":"binary-expr","locations":[{"start":{"line":37,"column":2},"end":{"line":37,"column":null}},{"start":{"line":37,"column":2},"end":{"line":37,"column":null}}],"line":37}},"s":{"0":2,"1":2,"2":2,"3":2,"4":2,"5":2,"6":2,"7":2,"8":1,"9":1,"10":0,"11":0,"12":1,"13":1,"14":1,"15":1,"16":2,"17":2,"18":2},"f":{"0":24,"1":2,"2":0},"b":{"0":[2,2],"1":[1,1],"2":[1,0]},"meta":{"lastBranch":3,"lastFunction":3,"lastStatement":19,"seen":{"s:36:10:36:14":0,"f:36:10:36:14":0,"s:7:0:7:21":1,"s:7:21:23:Infinity":2,"b:7:21:23:Infinity:23:77:23:Infinity":0,"f:23:77:23:Infinity":1,"s:24:2:24:Infinity":3,"s:26:8:26:Infinity":4,"s:27:7:32:Infinity":5,"s:34:2:34:Infinity":6,"b:34:20:37:Infinity:37:2:37:Infinity":1,"s:34:20:37:Infinity":7,"s:35:4:35:53":8,"s:35:53:35:Infinity":9,"f:35:53:35:55":2,"s:35:53:35:55":10,"s:35:55:35:Infinity":11,"s:36:4:36:Infinity":12,"s:37:2:37:Infinity":13,"b:37:2:37:Infinity:37:2:37:Infinity":2,"s:39:2:39:Infinity":14,"s:40:0:40:Infinity":15,"s:44:78:44:Infinity":16,"s:45:2:45:Infinity":17,"s:46:4:49:Infinity":18}}}
,"/home/runner/work/tiny-congress/tiny-congress/web/src/features/identity/api/index.ts": {"path":"/home/runner/work/tiny-congress/tiny-congress/web/src/features/identity/api/index.ts","statementMap":{},"fnMap":{},"branchMap":{},"s":{},"f":{},"b":{},"meta":{"lastBranch":0,"lastFunction":0,"lastStatement":0,"seen":{}}}
,"/home/runner/work/tiny-congress/tiny-congress/web/src/features/identity/api/queries.ts": {"path":"/home/runner/work/tiny-congress/tiny-congress/web/src/features/identity/api/queries.ts","statementMap":{"0":{"start":{"line":11,"column":28},"end":{"line":11,"column":null}},"1":{"start":{"line":12,"column":2},"end":{"line":14,"column":null}}},"fnMap":{"0":{"name":"useSignup","decl":{"start":{"line":11,"column":16},"end":{"line":11,"column":28}},"loc":{"start":{"line":11,"column":28},"end":{"line":15,"column":null}},"line":11}},"branchMap":{},"s":{"0":0,"1":0},"f":{"0":0},"b":{},"meta":{"lastBranch":0,"lastFunction":1,"lastStatement":2,"seen":{"f:11:16:11:28":0,"s:11:28:11:Infinity":0,"s:12:2:14:Infinity":1}}}
,"/home/runner/work/tiny-congress/tiny-congress/web/src/features/identity/components/SignupForm.tsx": {"path":"/home/runner/work/tiny-congress/tiny-congress/web/src/features/identity/components/SignupForm.tsx","statementMap":{"0":{"start":{"line":41,"column":21},"end":{"line":41,"column":22}},"1":{"start":{"line":37,"column":20},"end":{"line":37,"column":null}},"2":{"start":{"line":38,"column":2},"end":{"line":64,"column":null}},"3":{"start":{"line":38,"column":19},"end":{"line":38,"column":null}},"4":{"start":{"line":39,"column":4},"end":{"line":62,"column":null}},"5":{"start":{"line":64,"column":2},"end":{"line":64,"column":null}},"6":{"start":{"line":66,"column":2},"end":{"line":105,"column":null}},"7":{"start":{"line":83,"column":31},"end":{"line":83,"column":48}},"8":{"start":{"line":83,"column":31},"end":{"line":83,"column":null}}},"fnMap":{"0":{"name":"(anonymous_0)","decl":{"start":{"line":41,"column":21},"end":{"line":41,"column":22}},"loc":{"start":{"line":41,"column":21},"end":{"line":41,"column":22}},"line":41},"1":{"name":"SignupForm","decl":{"start":{"line":29,"column":16},"end":{"line":29,"column":27}},"loc":{"start":{"line":37,"column":20},"end":{"line":107,"column":null}},"line":37},"2":{"name":"(anonymous_2)","decl":{"start":{"line":83,"column":25},"end":{"line":83,"column":31}},"loc":{"start":{"line":83,"column":31},"end":{"line":83,"column":null}},"line":83}},"branchMap":{"0":{"loc":{"start":{"line":38,"column":2},"end":{"line":64,"column":null}},"type":"if","locations":[{"start":{"line":38,"column":2},"end":{"line":64,"column":null}},{"start":{"line":64,"column":2},"end":{"line":64,"column":null}}],"line":38},"1":{"loc":{"start":{"line":87,"column":13},"end":{"line":90,"column":null}},"type":"binary-expr","locations":[{"start":{"line":87,"column":13},"end":{"line":87,"column":null}},{"start":{"line":87,"column":13},"end":{"line":90,"column":null}}],"line":87},"2":{"loc":{"start":{"line":95,"column":17},"end":{"line":95,"column":null}},"type":"binary-expr","locations":[{"start":{"line":95,"column":17},"end":{"line":95,"column":32}},{"start":{"line":95,"column":17},"end":{"line":95,"column":null}}],"line":95}},"s":{"0":1,"1":19,"2":19,"3":1,"4":1,"5":18,"6":18,"7":12,"8":12},"f":{"0":161,"1":19,"2":12},"b":{"0":[1,18],"1":[18,9],"2":[19,16]},"meta":{"lastBranch":3,"lastFunction":3,"lastStatement":9,"seen":{"s:41:21:41:22":0,"f:41:21:41:22":0,"f:29:16:29:27":1,"s:37:20:37:Infinity":1,"b:38:2:64:Infinity:64:2:64:Infinity":0,"s:38:2:64:Infinity":2,"s:38:19:38:Infinity":3,"s:39:4:62:Infinity":4,"s:64:2:64:Infinity":5,"s:66:2:105:Infinity":6,"f:83:25:83:31":2,"s:83:31:83:48":7,"s:83:31:83:Infinity":8,"b:87:13:87:Infinity:87:13:90:Infinity":1,"b:95:17:95:32:95:17:95:Infinity":2}}}
,"/home/runner/work/tiny-congress/tiny-congress/web/src/features/identity/components/index.ts": {"path":"/home/runner/work/tiny-congress/tiny-congress/web/src/features/identity/components/index.ts","statementMap":{},"fnMap":{},"branchMap":{},"s":{},"f":{},"b":{},"meta":{"lastBranch":0,"lastFunction":0,"lastStatement":0,"seen":{}}}
,"/home/runner/work/tiny-congress/tiny-congress/web/src/features/identity/keys/crypto.ts": {"path":"/home/runner/work/tiny-congress/tiny-congress/web/src/features/identity/keys/crypto.ts","statementMap":{"0":{"start":{"line":18,"column":63},"end":{"line":18,"column":null}},"1":{"start":{"line":19,"column":31},"end":{"line":19,"column":null}},"2":{"start":{"line":20,"column":8},"end":{"line":20,"column":null}},"3":{"start":{"line":20,"column":41},"end":{"line":20,"column":null}},"4":{"start":{"line":22,"column":2},"end":{"line":22,"column":null}}},"fnMap":{"0":{"name":"generateKeyPair","decl":{"start":{"line":18,"column":16},"end":{"line":18,"column":32}},"loc":{"start":{"line":18,"column":63},"end":{"line":23,"column":null}},"line":18}},"branchMap":{},"s":{"0":3,"1":3,"2":3,"3":3,"4":3},"f":{"0":3},"b":{},"meta":{"lastBranch":0,"lastFunction":1,"lastStatement":5,"seen":{"f:18:16:18:32":0,"s:18:63:18:Infinity":0,"s:19:31:19:Infinity":1,"s:20:8:20:Infinity":2,"s:20:41:20:Infinity":3,"s:22:2:22:Infinity":4}}}
,"/home/runner/work/tiny-congress/tiny-congress/web/src/features/identity/keys/index.ts": {"path":"/home/runner/work/tiny-congress/tiny-congress/web/src/features/identity/keys/index.ts","statementMap":{},"fnMap":{},"branchMap":{},"s":{},"f":{},"b":{},"meta":{"lastBranch":0,"lastFunction":0,"lastStatement":0,"seen":{}}}
,"/home/runner/work/tiny-congress/tiny-congress/web/src/features/identity/keys/types.ts": {"path":"/home/runner/work/tiny-congress/tiny-congress/web/src/features/identity/keys/types.ts","statementMap":{},"fnMap":{},"branchMap":{},"s":{},"f":{},"b":{},"meta":{"lastBranch":0,"lastFunction":0,"lastStatement":0,"seen":{}}}
,"/home/runner/work/tiny-congress/tiny-congress/web/src/pages/About.page.tsx": {"path":"/home/runner/work/tiny-congress/tiny-congress/web/src/pages/About.page.tsx","statementMap":{"0":{"start":{"line":13,"column":8},"end":{"line":13,"column":9}},"1":{"start":{"line":6,"column":28},"end":{"line":6,"column":null}},"2":{"start":{"line":7,"column":42},"end":{"line":7,"column":null}},"3":{"start":{"line":7,"column":69},"end":{"line":7,"column":null}},"4":{"start":{"line":9,"column":2},"end":{"line":53,"column":null}},"5":{"start":{"line":57,"column":92},"end":{"line":57,"column":null}},"6":{"start":{"line":58,"column":2},"end":{"line":64,"column":null}}},"fnMap":{"0":{"name":"(anonymous_0)","decl":{"start":{"line":13,"column":8},"end":{"line":13,"column":9}},"loc":{"start":{"line":13,"column":8},"end":{"line":13,"column":9}},"line":13},"1":{"name":"AboutPage","decl":{"start":{"line":6,"column":16},"end":{"line":6,"column":28}},"loc":{"start":{"line":6,"column":28},"end":{"line":55,"column":null}},"line":6},"2":{"name":"Metric","decl":{"start":{"line":57,"column":9},"end":{"line":57,"column":16}},"loc":{"start":{"line":57,"column":92},"end":{"line":66,"column":null}},"line":57}},"branchMap":{"0":{"loc":{"start":{"line":21,"column":7},"end":{"line":27,"column":null}},"type":"binary-expr","locations":[{"start":{"line":21,"column":7},"end":{"line":21,"column":null}},{"start":{"line":21,"column":7},"end":{"line":27,"column":null}}],"line":21},"1":{"loc":{"start":{"line":30,"column":7},"end":{"line":38,"column":null}},"type":"binary-expr","locations":[{"start":{"line":30,"column":7},"end":{"line":30,"column":null}},{"start":{"line":30,"column":7},"end":{"line":38,"column":null}}],"line":30},"2":{"loc":{"start":{"line":37,"column":11},"end":{"line":37,"column":null}},"type":"cond-expr","locations":[{"start":{"line":37,"column":28},"end":{"line":37,"column":52}},{"start":{"line":37,"column":42},"end":{"line":37,"column":null}}],"line":37},"3":{"loc":{"start":{"line":41,"column":7},"end":{"line":51,"column":null}},"type":"binary-expr","locations":[{"start":{"line":41,"column":7},"end":{"line":41,"column":null}},{"start":{"line":41,"column":7},"end":{"line":51,"column":null}}],"line":41},"4":{"loc":{"start":{"line":47,"column":13},"end":{"line":48,"column":null}},"type":"binary-expr","locations":[{"start":{"line":47,"column":13},"end":{"line":47,"column":null}},{"start":{"line":47,"column":18},"end":{"line":48,"column":null}}],"line":47}},"s":{"0":1,"1":5,"2":5,"3":5,"4":5,"5":4,"6":4},"f":{"0":46,"1":5,"2":4},"b":{"0":[5,3],"1":[5,1],"2":[1,0],"3":[5,1],"4":[1,1]},"meta":{"lastBranch":5,"lastFunction":3,"lastStatement":7,"seen":{"s:13:8:13:9":0,"f:13:8:13:9":0,"f:6:16:6:28":1,"s:6:28:6:Infinity":1,"s:7:42:7:Infinity":2,"s:7:69:7:Infinity":3,"s:9:2:53:Infinity":4,"b:21:7:21:Infinity:21:7:27:Infinity":0,"b:30:7:30:Infinity:30:7:38:Infinity":1,"b:37:28:37:52:37:42:37:Infinity":2,"b:41:7:41:Infinity:41:7:51:Infinity":3,"b:47:13:47:Infinity:47:18:48:Infinity":4,"f:57:9:57:16":2,"s:57:92:57:Infinity":5,"s:58:2:64:Infinity":6}}}
,"/home/runner/work/tiny-congress/tiny-congress/web/src/pages/Signup.page.tsx": {"path":"/home/runner/work/tiny-congress/tiny-congress/web/src/pages/Signup.page.tsx","statementMap":{"0":{"start":{"line":27,"column":4},"end":{"line":27,"column":null}},"1":{"start":{"line":11,"column":29},"end":{"line":11,"column":null}},"2":{"start":{"line":12,"column":8},"end":{"line":12,"column":null}},"3":{"start":{"line":13,"column":8},"end":{"line":13,"column":null}},"4":{"start":{"line":15,"column":30},"end":{"line":15,"column":null}},"5":{"start":{"line":16,"column":46},"end":{"line":16,"column":null}},"6":{"start":{"line":17,"column":42},"end":{"line":20,"column":null}},"7":{"start":{"line":20,"column":16},"end":{"line":20,"column":null}},"8":{"start":{"line":22,"column":23},"end":{"line":47,"column":null}},"9":{"start":{"line":22,"column":53},"end":{"line":22,"column":null}},"10":{"start":{"line":23,"column":4},"end":{"line":23,"column":null}},"11":{"start":{"line":23,"column":21},"end":{"line":23,"column":null}},"12":{"start":{"line":25,"column":4},"end":{"line":27,"column":null}},"13":{"start":{"line":25,"column":26},"end":{"line":25,"column":null}},"14":{"start":{"line":26,"column":6},"end":{"line":26,"column":null}},"15":{"start":{"line":29,"column":4},"end":{"line":29,"column":null}},"16":{"start":{"line":29,"column":28},"end":{"line":29,"column":null}},"17":{"start":{"line":31,"column":4},"end":{"line":46,"column":null}},"18":{"start":{"line":33,"column":12},"end":{"line":33,"column":null}},"19":{"start":{"line":36,"column":12},"end":{"line":39,"column":null}},"20":{"start":{"line":39,"column":7},"end":{"line":39,"column":null}},"21":{"start":{"line":41,"column":6},"end":{"line":41,"column":null}},"22":{"start":{"line":44,"column":6},"end":{"line":44,"column":null}},"23":{"start":{"line":45,"column":6},"end":{"line":45,"column":null}},"24":{"start":{"line":47,"column":2},"end":{"line":47,"column":null}},"25":{"start":{"line":49,"column":2},"end":{"line":58,"column":null}}},"fnMap":{"0":{"name":"(anonymous_0)","decl":{"start":{"line":27,"column":4},"end":{"line":27,"column":null}},"loc":{"start":{"line":27,"column":4},"end":{"line":27,"column":null}},"line":27},"1":{"name":"SignupPage","decl":{"start":{"line":11,"column":16},"end":{"line":11,"column":29}},"loc":{"start":{"line":11,"column":29},"end":{"line":60,"column":null}},"line":11},"2":{"name":"(anonymous_2)","decl":{"start":{"line":22,"column":23},"end":{"line":22,"column":30}},"loc":{"start":{"line":22,"column":53},"end":{"line":47,"column":null}},"line":22}},"branchMap":{"0":{"loc":{"start":{"line":25,"column":4},"end":{"line":27,"column":null}},"type":"if","locations":[{"start":{"line":25,"column":4},"end":{"line":27,"column":null}},{"start":{"line":27,"column":4},"end":{"line":27,"column":null}}],"line":25},"1":{"loc":{"start":{"line":54,"column":17},"end":{"line":54,"column":null}},"type":"binary-expr","locations":[{"start":{"line":54,"column":17},"end":{"line":54,"column":37}},{"start":{"line":54,"column":24},"end":{"line":54,"column":null}}],"line":54},"2":{"loc":{"start":{"line":55,"column":19},"end":{"line":55,"column":null}},"type":"cond-expr","locations":[{"start":{"line":55,"column":19},"end":{"line":55,"column":61}},{"start":{"line":55,"column":38},"end":{"line":55,"column":null}}],"line":55},"3":{"loc":{"start":{"line":56,"column":13},"end":{"line":56,"column":null}},"type":"cond-expr","locations":[{"start":{"line":56,"column":20},"end":{"line":56,"column":77}},{"start":{"line":56,"column":55},"end":{"line":56,"column":null}}],"line":56},"4":{"loc":{"start":{"line":56,"column":30},"end":{"line":56,"column":77}},"type":"binary-expr","locations":[{"start":{"line":56,"column":30},"end":{"line":56,"column":55}},{"start":{"line":56,"column":44},"end":{"line":56,"column":77}}],"line":56}},"s":{"0":2,"1":19,"2":19,"3":19,"4":19,"5":19,"6":19,"7":19,"8":19,"9":2,"10":2,"11":2,"12":2,"13":0,"14":0,"15":2,"16":2,"17":2,"18":2,"19":2,"20":1,"21":1,"22":2,"23":2,"24":19,"25":19},"f":{"0":256,"1":19,"2":2},"b":{"0":[0,2],"1":[19,19],"2":[2,17],"3":[9,10],"4":[9,0]},"meta":{"lastBranch":5,"lastFunction":3,"lastStatement":26,"seen":{"s:27:4:27:Infinity":0,"f:27:4:27:Infinity":0,"f:11:16:11:29":1,"s:11:29:11:Infinity":1,"s:12:8:12:Infinity":2,"s:13:8:13:Infinity":3,"s:15:30:15:Infinity":4,"s:16:46:16:Infinity":5,"s:17:42:20:Infinity":6,"s:20:16:20:Infinity":7,"s:22:23:47:Infinity":8,"f:22:23:22:30":2,"s:22:53:22:Infinity":9,"s:23:4:23:Infinity":10,"s:23:21:23:Infinity":11,"b:25:4:27:Infinity:27:4:27:Infinity":0,"s:25:4:27:Infinity":12,"s:25:26:25:Infinity":13,"s:26:6:26:Infinity":14,"s:29:4:29:Infinity":15,"s:29:28:29:Infinity":16,"s:31:4:46:Infinity":17,"s:33:12:33:Infinity":18,"s:36:12:39:Infinity":19,"s:39:7:39:Infinity":20,"s:41:6:41:Infinity":21,"s:44:6:44:Infinity":22,"s:45:6:45:Infinity":23,"s:47:2:47:Infinity":24,"s:49:2:58:Infinity":25,"b:54:17:54:37:54:24:54:Infinity":1,"b:55:19:55:61:55:38:55:Infinity":2,"b:56:20:56:77:56:55:56:Infinity":3,"b:56:30:56:55:56:44:56:77":4}}}
,"/home/runner/work/tiny-congress/tiny-congress/web/src/theme/mantineTheme.ts": {"path":"/home/runner/work/tiny-congress/tiny-congress/web/src/theme/mantineTheme.ts","statementMap":{"0":{"start":{"line":18,"column":11},"end":{"line":18,"column":null}},"1":{"start":{"line":4,"column":13},"end":{"line":35,"column":null}}},"fnMap":{"0":{"name":"(anonymous_0)","decl":{"start":{"line":18,"column":11},"end":{"line":18,"column":null}},"loc":{"start":{"line":18,"column":11},"end":{"line":18,"column":null}},"line":18}},"branchMap":{},"s":{"0":6,"1":6},"f":{"0":6},"b":{},"meta":{"lastBranch":0,"lastFunction":1,"lastStatement":2,"seen":{"s:18:11:18:Infinity":0,"f:18:11:18:Infinity":0,"s:4:13:35:Infinity":1}}}
,"/home/runner/work/tiny-congress/tiny-congress/web/test-utils/index.ts": {"path":"/home/runner/work/tiny-congress/tiny-congress/web/test-utils/index.ts","statementMap":{},"fnMap":{},"branchMap":{},"s":{},"f":{},"b":{},"meta":{"lastBranch":0,"lastFunction":0,"lastStatement":0,"seen":{}}}
,"/home/runner/work/tiny-congress/tiny-congress/web/test-utils/render.tsx": {"path":"/home/runner/work/tiny-congress/tiny-congress/web/test-utils/render.tsx","statementMap":{"0":{"start":{"line":7,"column":2},"end":{"line":14,"column":null}},"1":{"start":{"line":20,"column":26},"end":{"line":20,"column":null}},"2":{"start":{"line":21,"column":44},"end":{"line":21,"column":null}},"3":{"start":{"line":23,"column":26},"end":{"line":31,"column":null}},"4":{"start":{"line":24,"column":20},"end":{"line":24,"column":null}},"5":{"start":{"line":26,"column":4},"end":{"line":29,"column":null}},"6":{"start":{"line":33,"column":2},"end":{"line":33,"column":null}}},"fnMap":{"0":{"name":"createTestQueryClient","decl":{"start":{"line":6,"column":9},"end":{"line":6,"column":33}},"loc":{"start":{"line":6,"column":33},"end":{"line":15,"column":null}},"line":6},"1":{"name":"render","decl":{"start":{"line":19,"column":16},"end":{"line":19,"column":23}},"loc":{"start":{"line":19,"column":72},"end":{"line":34,"column":null}},"line":19},"2":{"name":"(anonymous_2)","decl":{"start":{"line":23,"column":26},"end":{"line":23,"column":27}},"loc":{"start":{"line":23,"column":58},"end":{"line":31,"column":null}},"line":23}},"branchMap":{"0":{"loc":{"start":{"line":21,"column":44},"end":{"line":21,"column":null}},"type":"binary-expr","locations":[{"start":{"line":21,"column":44},"end":{"line":21,"column":55}},{"start":{"line":21,"column":55},"end":{"line":21,"column":null}}],"line":21},"1":{"loc":{"start":{"line":24,"column":20},"end":{"line":24,"column":null}},"type":"cond-expr","locations":[{"start":{"line":24,"column":34},"end":{"line":24,"column":74}},{"start":{"line":24,"column":74},"end":{"line":24,"column":null}}],"line":24}},"s":{"0":21,"1":21,"2":21,"3":21,"4":31,"5":31,"6":21},"f":{"0":21,"1":21,"2":31},"b":{"0":[21,21],"1":[0,26]},"meta":{"lastBranch":2,"lastFunction":3,"lastStatement":7,"seen":{"f:6:9:6:33":0,"s:7:2:14:Infinity":0,"f:19:16:19:23":1,"s:20:26:20:Infinity":1,"s:21:44:21:Infinity":2,"b:21:44:21:55:21:55:21:Infinity":0,"s:23:26:31:Infinity":3,"f:23:26:23:27":2,"s:24:20:24:Infinity":4,"b:24:34:24:74:24:74:24:Infinity":1,"s:26:4:29:Infinity":5,"s:33:2:33:Infinity":6}}}
}
