{"total": {"lines":{"total":303,"covered":168,"skipped":0,"pct":55.44},"statements":{"total":362,"covered":190,"skipped":0,"pct":52.48},"functions":{"total":109,"covered":48,"skipped":0,"pct":44.03},"branches":{"total":182,"covered":53,"skipped":0,"pct":29.12},"branchesTrue":{"total":0,"covered":0,"skipped":0,"pct":100}}
,"src/App.tsx": {"lines":{"total":1,"covered":1,"skipped":0,"pct":100},"functions":{"total":1,"covered":1,"skipped":0,"pct":100},"statements":{"total":1,"covered":1,"skipped":0,"pct":100},"branches":{"total":0,"covered":0,"skipped":0,"pct":100}}
,"src/Router.tsx": {"lines":{"total":5,"covered":4,"skipped":0,"pct":80},"functions":{"total":6,"covered":4,"skipped":0,"pct":66.66},"statements":{"total":8,"covered":6,"skipped":0,"pct":75},"branches":{"total":0,"covered":0,"skipped":0,"pct":100}}
,"src/api/buildInfo.ts": {"lines":{"total":5,"covered":5,"skipped":0,"pct":100},"functions":{"total":1,"covered":1,"skipped":0,"pct":100},"statements":{"total":6,"covered":6,"skipped":0,"pct":100},"branches":{"total":0,"covered":0,"skipped":0,"pct":100}}
,"src/api/generated/graphql.ts": {"lines":{"total":8,"covered":8,"skipped":0,"pct":100},"functions":{"total":3,"covered":0,"skipped":0,"pct":0},"statements":{"total":8,"covered":8,"skipped":0,"pct":100},"branches":{"total":2,"covered":0,"skipped":0,"pct":0}}
,"src/api/graphqlClient.ts": {"lines":{"total":17,"covered":14,"skipped":0,"pct":82.35},"functions":{"total":4,"covered":3,"skipped":0,"pct":75},"statements":{"total":21,"covered":17,"skipped":0,"pct":80.95},"branches":{"total":8,"covered":4,"skipped":0,"pct":50}}
,"src/api/queries.ts": {"lines":{"total":2,"covered":2,"skipped":0,"pct":100},"functions":{"total":0,"covered":0,"skipped":0,"pct":100},"statements":{"total":2,"covered":2,"skipped":0,"pct":100},"branches":{"total":0,"covered":0,"skipped":0,"pct":100}}
,"src/components/ErrorBoundary/ErrorBoundary.tsx": {"lines":{"total":4,"covered":4,"skipped":0,"pct":100},"functions":{"total":2,"covered":1,"skipped":0,"pct":50},"statements":{"total":5,"covered":4,"skipped":0,"pct":80},"branches":{"total":3,"covered":3,"skipped":0,"pct":100}}
,"src/components/ErrorBoundary/ErrorFallback.tsx": {"lines":{"total":3,"covered":0,"skipped":0,"pct":0},"functions":{"total":2,"covered":0,"skipped":0,"pct":0},"statements":{"total":5,"covered":0,"skipped":0,"pct":0},"branches":{"total":1,"covered":0,"skipped":0,"pct":0}}
,"src/components/ErrorBoundary/index.ts": {"lines":{"total":1,"covered":1,"skipped":0,"pct":100},"functions":{"total":0,"covered":0,"skipped":0,"pct":100},"statements":{"total":1,"covered":1,"skipped":0,"pct":100},"branches":{"total":0,"covered":0,"skipped":0,"pct":100}}
,"src/components/Navbar/Navbar.tsx": {"lines":{"total":7,"covered":7,"skipped":0,"pct":100},"functions":{"total":5,"covered":5,"skipped":0,"pct":100},"statements":{"total":8,"covered":8,"skipped":0,"pct":100},"branches":{"total":4,"covered":3,"skipped":0,"pct":75}}
,"src/components/ThreadedConversation/ThreadedConversation.tsx": {"lines":{"total":72,"covered":2,"skipped":0,"pct":2.77},"functions":{"total":40,"covered":1,"skipped":0,"pct":2.5},"statements":{"total":93,"covered":3,"skipped":0,"pct":3.22},"branches":{"total":66,"covered":0,"skipped":0,"pct":0}}
,"src/components/Welcome/Welcome.tsx": {"lines":{"total":1,"covered":1,"skipped":0,"pct":100},"functions":{"total":1,"covered":1,"skipped":0,"pct":100},"statements":{"total":1,"covered":1,"skipped":0,"pct":100},"branches":{"total":0,"covered":0,"skipped":0,"pct":100}}
,"src/features/identity/api/client.ts": {"lines":{"total":12,"covered":7,"skipped":0,"pct":58.33},"functions":{"total":2,"covered":2,"skipped":0,"pct":100},"statements":{"total":15,"covered":8,"skipped":0,"pct":53.33},"branches":{"total":2,"covered":1,"skipped":0,"pct":50}}
,"src/features/identity/api/index.ts": {"lines":{"total":1,"covered":1,"skipped":0,"pct":100},"functions":{"total":0,"covered":0,"skipped":0,"pct":100},"statements":{"total":1,"covered":1,"skipped":0,"pct":100},"branches":{"total":0,"covered":0,"skipped":0,"pct":100}}
,"src/features/identity/api/queries.ts": {"lines":{"total":2,"covered":2,"skipped":0,"pct":100},"functions":{"total":1,"covered":1,"skipped":0,"pct":100},"statements":{"total":2,"covered":2,"skipped":0,"pct":100},"branches":{"total":0,"covered":0,"skipped":0,"pct":100}}
,"src/features/identity/components/SignupForm.tsx": {"lines":{"total":3,"covered":3,"skipped":0,"pct":100},"functions":{"total":2,"covered":2,"skipped":0,"pct":100},"statements":{"total":3,"covered":3,"skipped":0,"pct":100},"branches":{"total":6,"covered":5,"skipped":0,"pct":83.33}}
,"src/features/identity/components/index.ts": {"lines":{"total":1,"covered":1,"skipped":0,"pct":100},"functions":{"total":0,"covered":0,"skipped":0,"pct":100},"statements":{"total":1,"covered":1,"skipped":0,"pct":100},"branches":{"total":0,"covered":0,"skipped":0,"pct":100}}
,"src/features/identity/index.ts": {"lines":{"total":1,"covered":1,"skipped":0,"pct":100},"functions":{"total":0,"covered":0,"skipped":0,"pct":100},"statements":{"total":1,"covered":1,"skipped":0,"pct":100},"branches":{"total":0,"covered":0,"skipped":0,"pct":100}}
,"src/features/identity/keys/crypto.ts": {"lines":{"total":4,"covered":4,"skipped":0,"pct":100},"functions":{"total":1,"covered":1,"skipped":0,"pct":100},"statements":{"total":5,"covered":5,"skipped":0,"pct":100},"branches":{"total":0,"covered":0,"skipped":0,"pct":100}}
,"src/features/identity/keys/index.ts": {"lines":{"total":1,"covered":1,"skipped":0,"pct":100},"functions":{"total":0,"covered":0,"skipped":0,"pct":100},"statements":{"total":1,"covered":1,"skipped":0,"pct":100},"branches":{"total":0,"covered":0,"skipped":0,"pct":100}}
,"src/main.tsx": {"lines":{"total":3,"covered":3,"skipped":0,"pct":100},"functions":{"total":0,"covered":0,"skipped":0,"pct":100},"statements":{"total":5,"covered":5,"skipped":0,"pct":100},"branches":{"total":2,"covered":1,"skipped":0,"pct":50}}
,"src/pages/About.page.tsx": {"lines":{"total":4,"covered":4,"skipped":0,"pct":100},"functions":{"total":2,"covered":2,"skipped":0,"pct":100},"statements":{"total":6,"covered":6,"skipped":0,"pct":100},"branches":{"total":10,"covered":6,"skipped":0,"pct":60}}
,"src/pages/Dashboard.page.tsx": {"lines":{"total":1,"covered":0,"skipped":0,"pct":0},"functions":{"total":1,"covered":0,"skipped":0,"pct":0},"statements":{"total":1,"covered":0,"skipped":0,"pct":0},"branches":{"total":0,"covered":0,"skipped":0,"pct":100}}
,"src/pages/Home.page.tsx": {"lines":{"total":1,"covered":1,"skipped":0,"pct":100},"functions":{"total":1,"covered":1,"skipped":0,"pct":100},"statements":{"total":1,"covered":1,"skipped":0,"pct":100},"branches":{"total":0,"covered":0,"skipped":0,"pct":100}}
,"src/pages/Layout.tsx": {"lines":{"total":3,"covered":3,"skipped":0,"pct":100},"functions":{"total":1,"covered":1,"skipped":0,"pct":100},"statements":{"total":4,"covered":4,"skipped":0,"pct":100},"branches":{"total":0,"covered":0,"skipped":0,"pct":100}}
,"src/pages/Signup.page.tsx": {"lines":{"total":12,"covered":12,"skipped":0,"pct":100},"functions":{"total":3,"covered":3,"skipped":0,"pct":100},"statements":{"total":14,"covered":13,"skipped":0,"pct":92.85},"branches":{"total":6,"covered":4,"skipped":0,"pct":66.66}}
,"src/pages/ThreadedConversation.page.tsx": {"lines":{"total":10,"covered":3,"skipped":0,"pct":30},"functions":{"total":5,"covered":1,"skipped":0,"pct":20},"statements":{"total":17,"covered":4,"skipped":0,"pct":23.52},"branches":{"total":4,"covered":0,"skipped":0,"pct":0}}
,"src/providers/CryptoProvider.tsx": {"lines":{"total":21,"covered":19,"skipped":0,"pct":90.47},"functions":{"total":6,"covered":5,"skipped":0,"pct":83.33},"statements":{"total":25,"covered":23,"skipped":0,"pct":92},"branches":{"total":16,"covered":7,"skipped":0,"pct":43.75}}
,"src/providers/QueryProvider.tsx": {"lines":{"total":3,"covered":3,"skipped":0,"pct":100},"functions":{"total":1,"covered":1,"skipped":0,"pct":100},"statements":{"total":3,"covered":3,"skipped":0,"pct":100},"branches":{"total":0,"covered":0,"skipped":0,"pct":100}}
,"src/theme/mantineTheme.ts": {"lines":{"total":2,"covered":2,"skipped":0,"pct":100},"functions":{"total":0,"covered":0,"skipped":0,"pct":100},"statements":{"total":2,"covered":2,"skipped":0,"pct":100},"branches":{"total":0,"covered":0,"skipped":0,"pct":100}}
,"src/wasm/tc-crypto/tc_crypto.js": {"lines":{"total":92,"covered":49,"skipped":0,"pct":53.26},"functions":{"total":18,"covered":11,"skipped":0,"pct":61.11},"statements":{"total":96,"covered":50,"skipped":0,"pct":52.08},"branches":{"total":52,"covered":19,"skipped":0,"pct":36.53}}
}
