TN:
SF:src/App.tsx
FN:10,Ab
FNF:1
FNH:1
FNDA:3,Ab
DA:10,3
LF:1
LH:1
BRF:0
BRH:0
end_of_record
TN:
SF:src/Router.tsx
FN:17,Se
FN:65,cov_qemxkmd8p
FN:73,cov_qemxkmd8p
FN:75,rootRoute
FN:77,cov_qemxkmd8p
FN:81,eb
FNF:6
FNH:4
FNDA:3,Se
FNDA:3,cov_qemxkmd8p
FNDA:15,cov_qemxkmd8p
FNDA:15,rootRoute
FNDA:0,cov_qemxkmd8p
FNDA:0,eb
DA:11,3
DA:17,3
DA:65,3
DA:73,15
DA:81,0
LF:5
LH:4
BRF:0
BRH:0
end_of_record
TN:
SF:src/api/buildInfo.ts
FN:23,cov_ogwwqmgd7
FNF:1
FNH:1
FNDA:1,cov_ogwwqmgd7
DA:1,3
DA:23,1
DA:24,1
DA:27,1
DA:29,1
LF:5
LH:5
BRF:0
BRH:0
end_of_record
TN:
SF:src/api/generated/graphql.ts
FN:57,v
FN:59,v
FN:80,BuildInfoSchema
FNF:3
FNH:0
FNDA:0,v
FNDA:0,v
FNDA:0,BuildInfoSchema
DA:1,3
DA:56,3
DA:57,3
DA:59,3
DA:61,3
DA:67,3
DA:71,3
DA:78,3
LF:8
LH:8
BRDA:57,0,0,0
BRDA:57,0,1,0
BRF:2
BRH:0
end_of_record
TN:
SF:src/api/graphqlClient.ts
FN:28,re
FN:8,cov_235y8sntlj
FN:27,cov_235y8sntlj
FN:43,error
FNF:4
FNH:3
FNDA:3,re
FNDA:1,cov_235y8sntlj
FNDA:1,cov_235y8sntlj
FNDA:0,error
DA:6,3
DA:8,3
DA:14,1
DA:15,1
DA:16,1
DA:21,0
DA:27,1
DA:28,3
DA:29,1
DA:36,1
DA:40,1
DA:42,1
DA:43,0
DA:44,0
DA:45,1
DA:47,1
DA:51,1
LF:17
LH:14
BRDA:14,0,0,1
BRDA:14,0,1,0
BRDA:36,1,0,1
BRDA:36,1,1,0
BRDA:42,2,0,0
BRDA:42,2,1,1
BRDA:47,3,0,1
BRDA:47,3,1,0
BRF:8
BRH:4
end_of_record
TN:
SF:src/api/queries.ts
FNF:0
FNH:0
DA:6,3
DA:10,3
LF:2
LH:2
BRF:0
BRH:0
end_of_record
TN:
SF:src/components/ErrorBoundary/ErrorBoundary.tsx
FN:37,children
FN:42,(anonymous_1)
FNF:2
FNH:1
FNDA:9,children
FNDA:0,(anonymous_1)
DA:37,9
DA:41,9
DA:42,9
DA:61,9
LF:4
LH:4
BRDA:41,0,0,9
BRDA:63,1,0,9
BRDA:63,1,1,9
BRF:3
BRH:3
end_of_record
TN:
SF:src/components/ErrorBoundary/ErrorFallback.tsx
FN:25,context
FN:26,(anonymous_1)
FNF:2
FNH:0
FNDA:0,context
FNDA:0,(anonymous_1)
DA:25,0
DA:26,0
DA:30,0
LF:3
LH:0
BRDA:25,0,0,0
BRF:1
BRH:0
end_of_record
TN:
SF:src/components/ErrorBoundary/index.ts
FNF:0
FNH:0
DA:1,3
LF:1
LH:1
BRF:0
BRH:0
end_of_record
TN:
SF:src/components/Navbar/Navbar.tsx
FN:15,Ke
FN:33,cov_1ef58azato
FN:43,cov_1ef58azato
FN:65,link
FN:80,link
FNF:5
FNH:5
FNDA:3,Ke
FNDA:3,cov_1ef58azato
FNDA:21,cov_1ef58azato
FNDA:18,link
FNDA:3,link
DA:15,3
DA:23,3
DA:33,3
DA:34,3
DA:42,3
DA:43,3
DA:45,3
LF:7
LH:7
BRDA:40,0,0,0
BRDA:40,0,1,3
BRDA:43,1,0,21
BRDA:43,1,1,18
BRF:4
BRH:3
end_of_record
TN:
SF:src/components/ThreadedConversation/ThreadedConversation.tsx
FN:15,h
FN:68,(anonymous_1)
FN:69,cov_cxilcstn5
FN:74,cov_cxilcstn5
FN:81,R4
FN:114,cov_cxilcstn5
FN:124,d0
FN:145,(anonymous_7)
FN:154,(anonymous_8)
FN:170,cov_cxilcstn5
FN:240,cov_cxilcstn5
FN:249,dimension
FN:253,cov_cxilcstn5
FN:268,thread
FN:275,cov_cxilcstn5
FN:290,(anonymous_15)
FN:292,branch
FN:296,vote
FN:328,branchId
FN:330,branch
FN:358,(anonymous_20)
FN:361,branch
FN:373,branch
FN:386,branch
FN:391,(anonymous_24)
FN:395,branchId
FN:396,b
FN:401,cov_cxilcstn5
FN:403,b
FN:409,b
FN:413,b
FN:423,b
FN:431,ms
FN:455,(anonymous_33)
FN:458,b
FN:460,cov_cxilcstn5
FN:471,b
FN:480,cov_cxilcstn5
FN:485,cov_cxilcstn5
FN:501,cov_cxilcstn5
FNF:40
FNH:1
FNDA:3,h
FNDA:0,(anonymous_1)
FNDA:0,cov_cxilcstn5
FNDA:0,cov_cxilcstn5
FNDA:0,R4
FNDA:0,cov_cxilcstn5
FNDA:0,d0
FNDA:0,(anonymous_7)
FNDA:0,(anonymous_8)
FNDA:0,cov_cxilcstn5
FNDA:0,cov_cxilcstn5
FNDA:0,dimension
FNDA:0,cov_cxilcstn5
FNDA:0,thread
FNDA:0,cov_cxilcstn5
FNDA:0,(anonymous_15)
FNDA:0,branch
FNDA:0,vote
FNDA:0,branchId
FNDA:0,branch
FNDA:0,(anonymous_20)
FNDA:0,branch
FNDA:0,branch
FNDA:0,branch
FNDA:0,(anonymous_24)
FNDA:0,branchId
FNDA:0,b
FNDA:0,cov_cxilcstn5
FNDA:0,b
FNDA:0,b
FNDA:0,b
FNDA:0,b
FNDA:0,ms
FNDA:0,(anonymous_33)
FNDA:0,b
FNDA:0,cov_cxilcstn5
FNDA:0,b
FNDA:0,cov_cxilcstn5
FNDA:0,cov_cxilcstn5
FNDA:0,cov_cxilcstn5
DA:15,3
DA:68,3
DA:69,0
DA:73,0
DA:74,0
DA:81,0
DA:92,0
DA:94,0
DA:114,0
DA:124,0
DA:139,0
DA:140,0
DA:154,0
DA:162,0
DA:240,0
DA:253,0
DA:268,0
DA:269,0
DA:270,0
DA:275,0
DA:287,0
DA:290,0
DA:292,0
DA:293,0
DA:295,0
DA:296,0
DA:299,0
DA:301,0
DA:302,0
DA:303,0
DA:310,0
DA:313,0
DA:318,0
DA:321,0
DA:328,0
DA:330,0
DA:331,0
DA:333,0
DA:335,0
DA:336,0
DA:343,0
DA:346,0
DA:358,0
DA:360,0
DA:361,0
DA:365,0
DA:367,0
DA:371,0
DA:373,0
DA:374,0
DA:375,0
DA:386,0
DA:395,0
DA:396,0
DA:397,0
DA:401,0
DA:402,0
DA:403,0
DA:406,0
DA:409,0
DA:413,0
DA:416,0
DA:420,0
DA:423,0
DA:424,0
DA:427,0
DA:431,0
DA:432,0
DA:433,0
DA:436,0
DA:485,0
DA:501,0
LF:72
LH:2
BRDA:145,0,0,0
BRDA:145,0,1,0
BRDA:156,1,0,0
BRDA:156,1,1,0
BRDA:166,2,0,0
BRDA:166,2,1,0
BRDA:167,3,0,0
BRDA:167,3,1,0
BRDA:172,4,0,0
BRDA:172,4,1,0
BRDA:173,5,0,0
BRDA:173,5,1,0
BRDA:174,6,0,0
BRDA:174,6,1,0
BRDA:175,7,0,0
BRDA:175,7,1,0
BRDA:182,8,0,0
BRDA:182,8,1,0
BRDA:191,9,0,0
BRDA:191,9,1,0
BRDA:196,10,0,0
BRDA:196,10,1,0
BRDA:201,11,0,0
BRDA:201,11,1,0
BRDA:213,12,0,0
BRDA:213,12,1,0
BRDA:215,13,0,0
BRDA:215,13,1,0
BRDA:220,14,0,0
BRDA:220,14,1,0
BRDA:220,15,0,0
BRDA:220,15,1,0
BRDA:240,16,0,0
BRDA:240,16,1,0
BRDA:276,17,0,0
BRDA:276,17,1,0
BRDA:278,18,0,0
BRDA:278,18,1,0
BRDA:293,19,0,0
BRDA:293,19,1,0
BRDA:299,20,0,0
BRDA:299,20,1,0
BRDA:303,21,0,0
BRDA:303,21,1,0
BRDA:331,22,0,0
BRDA:331,22,1,0
BRDA:333,23,0,0
BRDA:333,23,1,0
BRDA:352,24,0,0
BRDA:352,24,1,0
BRDA:365,25,0,0
BRDA:365,25,1,0
BRDA:375,26,0,0
BRDA:375,26,1,0
BRDA:387,27,0,0
BRDA:387,27,1,0
BRDA:398,28,0,0
BRDA:398,28,1,0
BRDA:416,29,0,0
BRDA:416,29,1,0
BRDA:444,30,0,0
BRDA:444,30,1,0
BRDA:457,31,0,0
BRDA:457,31,1,0
BRDA:497,32,0,0
BRDA:497,32,1,0
BRF:66
BRH:0
end_of_record
TN:
SF:src/components/Welcome/Welcome.tsx
FN:6,cov_2jgaflkhdu
FNF:1
FNH:1
FNDA:1,cov_2jgaflkhdu
DA:6,1
LF:1
LH:1
BRF:0
BRH:0
end_of_record
TN:
SF:src/features/identity/api/client.ts
FN:28,cov_1cmqbu6gxh
FN:53,cov_1cmqbu6gxh
FNF:2
FNH:2
FNDA:1,cov_1cmqbu6gxh
FNDA:1,cov_1cmqbu6gxh
DA:7,3
DA:28,3
DA:29,1
DA:31,1
DA:36,1
DA:37,0
DA:38,0
DA:39,0
DA:44,0
DA:45,0
DA:48,1
DA:53,1
LF:12
LH:7
BRDA:36,0,0,1
BRDA:36,0,1,0
BRF:2
BRH:1
end_of_record
TN:
SF:src/features/identity/api/index.ts
FNF:0
FNH:0
DA:5,3
LF:1
LH:1
BRF:0
BRH:0
end_of_record
TN:
SF:src/features/identity/api/queries.ts
FN:11,cov_p3pif4ljt
FNF:1
FNH:1
FNDA:4,cov_p3pif4ljt
DA:5,3
DA:11,4
LF:2
LH:2
BRF:0
BRH:0
end_of_record
TN:
SF:src/features/identity/components/SignupForm.tsx
FN:30,username
FN:83,cov_qlgtof89e
FNF:2
FNH:2
FNDA:4,username
FNDA:1,cov_qlgtof89e
DA:30,4
DA:38,4
DA:83,1
LF:3
LH:3
BRDA:38,0,0,1
BRDA:38,0,1,3
BRDA:90,1,0,0
BRDA:90,1,1,3
BRDA:98,2,0,3
BRDA:98,2,1,2
BRF:6
BRH:5
end_of_record
TN:
SF:src/features/identity/components/index.ts
FNF:0
FNH:0
DA:1,3
LF:1
LH:1
BRF:0
BRH:0
end_of_record
TN:
SF:src/features/identity/index.ts
FNF:0
FNH:0
DA:5,3
LF:1
LH:1
BRF:0
BRH:0
end_of_record
TN:
SF:src/features/identity/keys/crypto.ts
FN:18,cov_1bjrswdepp
FNF:1
FNH:1
FNDA:1,cov_1bjrswdepp
DA:8,3
DA:18,1
DA:19,1
DA:22,1
LF:4
LH:4
BRF:0
BRH:0
end_of_record
TN:
SF:src/features/identity/keys/index.ts
FNF:0
FNH:0
DA:5,3
LF:1
LH:1
BRF:0
BRH:0
end_of_record
TN:
SF:src/main.tsx
FNF:0
FNH:0
DA:4,3
DA:5,3
DA:9,3
LF:3
LH:3
BRDA:5,0,0,3
BRDA:5,0,1,0
BRF:2
BRH:1
end_of_record
TN:
SF:src/pages/About.page.tsx
FN:6,cov_1vs6irbf1q
FN:57,ni
FNF:2
FNH:2
FNDA:2,cov_1vs6irbf1q
FNDA:3,ni
DA:6,2
DA:7,2
DA:9,2
DA:57,3
LF:4
LH:4
BRDA:22,0,0,1
BRDA:22,0,1,1
BRDA:32,1,0,0
BRDA:32,1,1,2
BRDA:38,2,0,0
BRDA:38,2,1,0
BRDA:42,3,0,1
BRDA:42,3,1,1
BRDA:48,4,0,0
BRDA:48,4,1,1
BRF:10
BRH:6
end_of_record
TN:
SF:src/pages/Dashboard.page.tsx
FN:1,cov_8yw491ftx
FNF:1
FNH:0
FNDA:0,cov_8yw491ftx
DA:1,0
LF:1
LH:0
BRF:0
BRH:0
end_of_record
TN:
SF:src/pages/Home.page.tsx
FN:3,cov_26itpl68xe
FNF:1
FNH:1
FNDA:1,cov_26itpl68xe
DA:3,1
LF:1
LH:1
BRF:0
BRH:0
end_of_record
TN:
SF:src/pages/Layout.tsx
FN:6,cov_15hg543lsw
FNF:1
FNH:1
FNDA:3,cov_15hg543lsw
DA:6,3
DA:7,3
DA:9,3
LF:3
LH:3
BRF:0
BRH:0
end_of_record
TN:
SF:src/pages/Signup.page.tsx
FN:11,cov_g54llkd8g
FN:22,(anonymous_1)
FN:53,cov_g54llkd8g
FNF:3
FNH:3
FNDA:4,cov_g54llkd8g
FNDA:1,(anonymous_1)
FNDA:1,cov_g54llkd8g
DA:11,4
DA:12,4
DA:13,4
DA:22,4
DA:25,1
DA:29,1
DA:31,1
DA:36,1
DA:41,1
DA:45,1
DA:49,4
DA:53,1
LF:12
LH:12
BRDA:25,0,0,1
BRDA:25,0,1,0
BRDA:58,1,0,1
BRDA:58,1,1,3
BRDA:59,2,0,0
BRDA:59,2,1,4
BRF:6
BRH:4
end_of_record
TN:
SF:src/pages/ThreadedConversation.page.tsx
FN:18,Ge
FN:33,(anonymous_1)
FN:276,cov_v7052b1kz
FN:279,(anonymous_3)
FN:283,(anonymous_4)
FNF:5
FNH:1
FNDA:3,Ge
FNDA:0,(anonymous_1)
FNDA:0,cov_v7052b1kz
FNDA:0,(anonymous_3)
FNDA:0,(anonymous_4)
DA:11,3
DA:18,3
DA:33,3
DA:34,0
DA:35,0
DA:276,0
DA:277,0
DA:279,0
DA:283,0
DA:290,0
LF:10
LH:3
BRDA:306,0,0,0
BRDA:306,0,1,0
BRDA:309,1,0,0
BRDA:309,1,1,0
BRF:4
BRH:0
end_of_record
TN:
SF:src/providers/CryptoProvider.tsx
FN:51,$
FN:41,children
FN:48,cov_2cj2w9um4n
FN:51,cov_2cj2w9um4n
FN:81,cov_2cj2w9um4n
FN:113,cov_2cj2w9um4n
FNF:6
FNH:5
FNDA:3,$
FNDA:6,children
FNDA:3,cov_2cj2w9um4n
FNDA:3,cov_2cj2w9um4n
FNDA:0,cov_2cj2w9um4n
FNDA:4,cov_2cj2w9um4n
DA:25,3
DA:41,6
DA:42,6
DA:43,6
DA:49,3
DA:51,3
DA:52,3
DA:54,3
DA:56,3
DA:70,0
DA:80,3
DA:81,0
DA:88,6
DA:92,6
DA:95,3
DA:113,4
DA:114,4
DA:116,4
DA:121,4
DA:124,4
DA:128,4
LF:21
LH:19
BRDA:88,0,0,3
BRDA:88,0,1,3
BRDA:58,1,0,3
BRDA:58,1,1,0
BRDA:70,2,0,0
BRDA:70,2,1,0
BRDA:75,3,0,0
BRDA:75,3,1,0
BRDA:92,4,0,0
BRDA:92,4,1,6
BRDA:116,5,0,0
BRDA:116,5,1,4
BRDA:121,6,0,0
BRDA:121,6,1,4
BRDA:124,7,0,4
BRDA:124,7,1,0
BRF:16
BRH:7
end_of_record
TN:
SF:src/providers/QueryProvider.tsx
FN:21,children
FNF:1
FNH:1
FNDA:3,children
DA:7,3
DA:21,3
DA:22,3
LF:3
LH:3
BRF:0
BRH:0
end_of_record
TN:
SF:src/theme/mantineTheme.ts
FNF:0
FNH:0
DA:1,3
DA:5,3
LF:2
LH:2
BRF:0
BRH:0
end_of_record
TN:
SF:src/wasm/tc-crypto/tc_crypto.js
FN:3,m
FN:8,w
FN:14,f
FN:21,g
FN:28,E
FN:65,W
FN:75,S
FN:88,(anonymous_7)
FN:116,O
FN:144,v
FN:170,M
FN:187,x
FN:217,p
FN:220,(anonymous_13)
FN:224,(anonymous_14)
FN:237,A
FN:247,D
FN:267,R
FNF:18
FNH:11
FNDA:0,m
FNDA:2,w
FNDA:4,f
FNDA:2,g
FNDA:0,E
FNDA:0,W
FNDA:2,S
FNDA:0,(anonymous_7)
FNDA:0,O
FNDA:1,v
FNDA:1,M
FNDA:3,x
FNDA:3,p
FNDA:0,(anonymous_13)
FNDA:3,(anonymous_14)
FNDA:3,A
FNDA:0,D
FNDA:3,R
DA:1,3
DA:3,0
DA:4,0
DA:8,2
DA:9,2
DA:13,3
DA:14,4
DA:15,4
DA:21,2
DA:22,2
DA:23,2
DA:28,0
DA:29,0
DA:30,0
DA:32,0
DA:37,0
DA:40,0
DA:42,0
DA:44,0
DA:45,0
DA:46,0
DA:47,0
DA:49,0
DA:50,0
DA:54,0
DA:57,0
DA:61,0
DA:65,0
DA:66,0
DA:67,0
DA:71,3
DA:72,3
DA:73,3
DA:74,3
DA:75,2
DA:76,2
DA:85,3
DA:87,3
DA:89,0
DA:90,0
DA:98,3
DA:116,0
DA:117,0
DA:120,0
DA:121,0
DA:123,0
DA:124,0
DA:144,1
DA:145,1
DA:147,1
DA:148,1
DA:151,1
DA:155,1
DA:170,1
DA:171,1
DA:173,1
DA:174,1
DA:177,1
DA:181,1
DA:185,3
DA:187,3
DA:188,3
DA:189,3
DA:190,3
DA:191,3
DA:195,0
DA:196,0
DA:199,0
DA:204,0
DA:205,0
DA:207,0
DA:209,0
DA:217,3
DA:218,3
DA:219,3
DA:225,3
DA:227,3
DA:237,3
DA:238,3
DA:247,0
DA:248,0
DA:251,0
DA:259,0
DA:260,0
DA:263,0
DA:264,0
DA:267,3
DA:268,3
DA:271,3
DA:282,3
DA:288,3
DA:290,3
LF:92
LH:49
BRDA:15,0,0,4
BRDA:15,0,1,3
BRDA:15,0,2,1
BRDA:29,1,0,0
BRDA:29,1,1,0
BRDA:46,2,0,0
BRDA:46,2,1,0
BRDA:49,3,0,0
BRDA:49,3,1,0
BRDA:50,4,0,0
BRDA:50,4,1,0
BRDA:77,5,0,2
BRDA:77,5,1,0
BRDA:87,6,0,3
BRDA:87,6,1,0
BRDA:120,7,0,0
BRDA:120,7,1,0
BRDA:188,8,0,3
BRDA:188,8,1,0
BRDA:188,9,0,3
BRDA:188,9,1,3
BRDA:189,10,0,3
BRDA:189,10,1,0
BRDA:195,11,0,0
BRDA:195,11,1,0
BRDA:193,12,0,0
BRDA:193,12,1,0
BRDA:193,12,2,0
BRDA:209,13,0,0
BRDA:209,13,1,0
BRDA:248,14,0,0
BRDA:248,14,1,0
BRDA:251,15,0,0
BRDA:251,15,1,0
BRDA:252,16,0,0
BRDA:252,16,1,0
BRDA:260,17,0,0
BRDA:260,17,1,0
BRDA:268,18,0,0
BRDA:268,18,1,3
BRDA:271,19,0,3
BRDA:271,19,1,0
BRDA:272,20,0,0
BRDA:272,20,1,0
BRDA:279,21,0,3
BRDA:279,21,1,3
BRDA:282,22,0,3
BRDA:282,22,1,3
BRDA:282,22,2,3
BRDA:282,22,3,3
BRDA:282,22,4,3
BRDA:282,22,5,3
BRF:52
BRH:19
end_of_record
