{"/home/runner/work/tiny-congress/tiny-congress/web/src/api/graphqlClient.ts": {"path":"/home/runner/work/tiny-congress/tiny-congress/web/src/api/graphqlClient.ts","statementMap":{"0":{"start":{"line":17,"column":11},"end":{"line":17,"column":15}},"1":{"start":{"line":6,"column":0},"end":{"line":6,"column":null}},"2":{"start":{"line":8,"column":16},"end":{"line":8,"column":null}},"3":{"start":{"line":8,"column":32},"end":{"line":8,"column":null}},"4":{"start":{"line":9,"column":6},"end":{"line":11,"column":null}},"5":{"start":{"line":9,"column":40},"end":{"line":9,"column":null}},"6":{"start":{"line":10,"column":11},"end":{"line":11,"column":null}},"7":{"start":{"line":11,"column":2},"end":{"line":11,"column":null}},"8":{"start":{"line":13,"column":2},"end":{"line":13,"column":37}},"9":{"start":{"line":13,"column":37},"end":{"line":18,"column":null}},"10":{"start":{"line":14,"column":4},"end":{"line":14,"column":46}},"11":{"start":{"line":14,"column":46},"end":{"line":14,"column":null}},"12":{"start":{"line":15,"column":4},"end":{"line":15,"column":null}},"13":{"start":{"line":15,"column":15},"end":{"line":15,"column":null}},"14":{"start":{"line":16,"column":4},"end":{"line":16,"column":null}},"15":{"start":{"line":16,"column":19},"end":{"line":16,"column":null}},"16":{"start":{"line":17,"column":4},"end":{"line":17,"column":null}},"17":{"start":{"line":18,"column":2},"end":{"line":18,"column":null}},"18":{"start":{"line":20,"column":2},"end":{"line":20,"column":null}},"19":{"start":{"line":21,"column":0},"end":{"line":21,"column":null}},"20":{"start":{"line":27,"column":2},"end":{"line":27,"column":null}},"21":{"start":{"line":28,"column":12},"end":{"line":33,"column":null}},"22":{"start":{"line":35,"column":2},"end":{"line":35,"column":null}},"23":{"start":{"line":35,"column":20},"end":{"line":39,"column":39}},"24":{"start":{"line":35,"column":20},"end":{"line":35,"column":null}},"25":{"start":{"line":36,"column":4},"end":{"line":36,"column":null}},"26":{"start":{"line":37,"column":2},"end":{"line":37,"column":null}},"27":{"start":{"line":39,"column":39},"end":{"line":39,"column":null}},"28":{"start":{"line":41,"column":2},"end":{"line":41,"column":30}},"29":{"start":{"line":41,"column":30},"end":{"line":44,"column":null}},"30":{"start":{"line":42,"column":4},"end":{"line":42,"column":50}},"31":{"start":{"line":42,"column":50},"end":{"line":42,"column":null}},"32":{"start":{"line":42,"column":50},"end":{"line":42,"column":56}},"33":{"start":{"line":42,"column":50},"end":{"line":42,"column":70}},"34":{"start":{"line":42,"column":63},"end":{"line":42,"column":null}},"35":{"start":{"line":43,"column":4},"end":{"line":43,"column":null}},"36":{"start":{"line":44,"column":2},"end":{"line":44,"column":null}},"37":{"start":{"line":46,"column":2},"end":{"line":46,"column":null}},"38":{"start":{"line":46,"column":21},"end":{"line":48,"column":null}},"39":{"start":{"line":46,"column":21},"end":{"line":46,"column":null}},"40":{"start":{"line":47,"column":4},"end":{"line":47,"column":null}},"41":{"start":{"line":48,"column":2},"end":{"line":48,"column":null}},"42":{"start":{"line":50,"column":2},"end":{"line":50,"column":null}},"43":{"start":{"line":51,"column":0},"end":{"line":51,"column":null}}},"fnMap":{"0":{"name":"(anonymous_0)","decl":{"start":{"line":17,"column":11},"end":{"line":17,"column":15}},"loc":{"start":{"line":17,"column":11},"end":{"line":17,"column":15}},"line":17},"1":{"name":"getGraphqlUrl","decl":{"start":{"line":8,"column":32},"end":{"line":8,"column":null}},"loc":{"start":{"line":8,"column":32},"end":{"line":23,"column":null}},"line":8},"2":{"name":"(anonymous_2)","decl":{"start":{"line":42,"column":50},"end":{"line":42,"column":56}},"loc":{"start":{"line":42,"column":50},"end":{"line":42,"column":null}},"line":42}},"branchMap":{"0":{"loc":{"start":{"line":9,"column":6},"end":{"line":11,"column":null}},"type":"if","locations":[{"start":{"line":9,"column":6},"end":{"line":11,"column":null}},{"start":{"line":11,"column":2},"end":{"line":11,"column":null}}],"line":9},"1":{"loc":{"start":{"line":13,"column":37},"end":{"line":18,"column":null}},"type":"if","locations":[{"start":{"line":13,"column":37},"end":{"line":18,"column":null}},{"start":{"line":18,"column":2},"end":{"line":18,"column":null}}],"line":13},"2":{"loc":{"start":{"line":35,"column":20},"end":{"line":39,"column":39}},"type":"if","locations":[{"start":{"line":35,"column":20},"end":{"line":39,"column":39}},{"start":{"line":37,"column":2},"end":{"line":39,"column":39}}],"line":35},"3":{"loc":{"start":{"line":41,"column":30},"end":{"line":44,"column":null}},"type":"if","locations":[{"start":{"line":41,"column":30},"end":{"line":44,"column":null}},{"start":{"line":44,"column":2},"end":{"line":44,"column":null}}],"line":41},"4":{"loc":{"start":{"line":46,"column":21},"end":{"line":48,"column":null}},"type":"if","locations":[{"start":{"line":46,"column":21},"end":{"line":48,"column":null}},{"start":{"line":48,"column":2},"end":{"line":48,"column":null}}],"line":46}},"s":{"0":1,"1":1,"2":1,"3":0,"4":0,"5":0,"6":0,"7":0,"8":0,"9":0,"10":0,"11":0,"12":0,"13":0,"14":0,"15":0,"16":0,"17":0,"18":0,"19":0,"20":0,"21":0,"22":0,"23":0,"24":0,"25":0,"26":0,"27":0,"28":0,"29":0,"30":0,"31":0,"32":0,"33":0,"34":0,"35":0,"36":0,"37":0,"38":0,"39":0,"40":0,"41":0,"42":0,"43":0},"f":{"0":1,"1":0,"2":0},"b":{"0":[0,0],"1":[0,0],"2":[0,0],"3":[0,0],"4":[0,0]},"meta":{"lastBranch":5,"lastFunction":3,"lastStatement":44,"seen":{"s:17:11:17:15":0,"f:17:11:17:15":0,"s:6:0:6:Infinity":1,"s:8:16:8:Infinity":2,"f:8:32:8:Infinity":1,"s:8:32:8:Infinity":3,"b:9:6:11:Infinity:11:2:11:Infinity":0,"s:9:6:11:Infinity":4,"s:9:40:9:Infinity":5,"s:10:11:11:Infinity":6,"s:11:2:11:Infinity":7,"s:13:2:13:37":8,"b:13:37:18:Infinity:18:2:18:Infinity":1,"s:13:37:18:Infinity":9,"s:14:4:14:46":10,"s:14:46:14:Infinity":11,"s:15:4:15:Infinity":12,"s:15:15:15:Infinity":13,"s:16:4:16:Infinity":14,"s:16:19:16:Infinity":15,"s:17:4:17:Infinity":16,"s:18:2:18:Infinity":17,"s:20:2:20:Infinity":18,"s:21:0:21:Infinity":19,"s:27:2:27:Infinity":20,"s:28:12:33:Infinity":21,"s:35:2:35:Infinity":22,"b:35:20:39:39:37:2:39:39":2,"s:35:20:39:39":23,"s:35:20:35:Infinity":24,"s:36:4:36:Infinity":25,"s:37:2:37:Infinity":26,"s:39:39:39:Infinity":27,"s:41:2:41:30":28,"b:41:30:44:Infinity:44:2:44:Infinity":3,"s:41:30:44:Infinity":29,"s:42:4:42:50":30,"s:42:50:42:Infinity":31,"f:42:50:42:56":2,"s:42:50:42:56":32,"s:42:50:42:70":33,"s:42:63:42:Infinity":34,"s:43:4:43:Infinity":35,"s:44:2:44:Infinity":36,"s:46:2:46:Infinity":37,"b:46:21:48:Infinity:48:2:48:Infinity":4,"s:46:21:48:Infinity":38,"s:46:21:46:Infinity":39,"s:47:4:47:Infinity":40,"s:48:2:48:Infinity":41,"s:50:2:50:Infinity":42,"s:51:0:51:Infinity":43}}}
,"/home/runner/work/tiny-congress/tiny-congress/web/src/api/queries.ts": {"path":"/home/runner/work/tiny-congress/tiny-congress/web/src/api/queries.ts","statementMap":{"0":{"start":{"line":9,"column":13},"end":{"line":14,"column":null}}},"fnMap":{},"branchMap":{},"s":{"0":1},"f":{},"b":{},"meta":{"lastBranch":0,"lastFunction":0,"lastStatement":1,"seen":{"s:9:13:14:Infinity":0}}}
,"/home/runner/work/tiny-congress/tiny-congress/web/src/api/generated/graphql.ts": {"path":"/home/runner/work/tiny-congress/tiny-congress/web/src/api/generated/graphql.ts","statementMap":{"0":{"start":{"line":75,"column":11},"end":{"line":75,"column":13}},"1":{"start":{"line":1,"column":19},"end":{"line":1,"column":null}},"2":{"start":{"line":56,"column":36},"end":{"line":57,"column":null}},"3":{"start":{"line":57,"column":2},"end":{"line":57,"column":8}},"4":{"start":{"line":57,"column":2},"end":{"line":57,"column":null}},"5":{"start":{"line":59,"column":13},"end":{"line":59,"column":null}},"6":{"start":{"line":59,"column":61},"end":{"line":59,"column":81}},"7":{"start":{"line":59,"column":61},"end":{"line":59,"column":null}},"8":{"start":{"line":61,"column":13},"end":{"line":64,"column":null}},"9":{"start":{"line":66,"column":13},"end":{"line":68,"column":null}},"10":{"start":{"line":70,"column":13},"end":{"line":76,"column":null}},"11":{"start":{"line":78,"column":13},"end":{"line":81,"column":null}},"12":{"start":{"line":80,"column":26},"end":{"line":80,"column":41}},"13":{"start":{"line":80,"column":26},"end":{"line":80,"column":null}}},"fnMap":{"0":{"name":"(anonymous_0)","decl":{"start":{"line":75,"column":11},"end":{"line":75,"column":13}},"loc":{"start":{"line":75,"column":11},"end":{"line":75,"column":13}},"line":75},"1":{"name":"(anonymous_1)","decl":{"start":{"line":56,"column":36},"end":{"line":56,"column":null}},"loc":{"start":{"line":57,"column":2},"end":{"line":57,"column":null}},"line":57},"2":{"name":"(anonymous_2)","decl":{"start":{"line":59,"column":55},"end":{"line":59,"column":61}},"loc":{"start":{"line":59,"column":61},"end":{"line":59,"column":83}},"line":59},"3":{"name":"(anonymous_3)","decl":{"start":{"line":80,"column":20},"end":{"line":80,"column":26}},"loc":{"start":{"line":80,"column":26},"end":{"line":80,"column":41}},"line":80}},"branchMap":{"0":{"loc":{"start":{"line":57,"column":2},"end":{"line":57,"column":null}},"type":"binary-expr","locations":[{"start":{"line":57,"column":2},"end":{"line":57,"column":21}},{"start":{"line":57,"column":8},"end":{"line":57,"column":null}}],"line":57}},"s":{"0":1,"1":1,"2":1,"3":0,"4":0,"5":1,"6":0,"7":0,"8":1,"9":1,"10":1,"11":1,"12":0,"13":0},"f":{"0":6,"1":0,"2":0,"3":0},"b":{"0":[0,0]},"meta":{"lastBranch":1,"lastFunction":4,"lastStatement":14,"seen":{"s:75:11:75:13":0,"f:75:11:75:13":0,"s:1:19:1:Infinity":1,"s:56:36:57:Infinity":2,"f:56:36:56:Infinity":1,"s:57:2:57:8":3,"s:57:2:57:Infinity":4,"b:57:2:57:21:57:8:57:Infinity":0,"s:59:13:59:Infinity":5,"f:59:55:59:61":2,"s:59:61:59:81":6,"s:59:61:59:Infinity":7,"s:61:13:64:Infinity":8,"s:66:13:68:Infinity":9,"s:70:13:76:Infinity":10,"s:78:13:81:Infinity":11,"f:80:20:80:26":3,"s:80:26:80:41":12,"s:80:26:80:Infinity":13}}}
,"/home/runner/work/tiny-congress/tiny-congress/web/src/components/ErrorBoundary/ErrorBoundary.tsx": {"path":"/home/runner/work/tiny-congress/tiny-congress/web/src/components/ErrorBoundary/ErrorBoundary.tsx","statementMap":{"0":{"start":{"line":48,"column":6},"end":{"line":48,"column":20}},"1":{"start":{"line":63,"column":28},"end":{"line":63,"column":43}},"2":{"start":{"line":41,"column":23},"end":{"line":41,"column":null}},"3":{"start":{"line":42,"column":2},"end":{"line":42,"column":57}},"4":{"start":{"line":42,"column":57},"end":{"line":59,"column":null}},"5":{"start":{"line":42,"column":57},"end":{"line":42,"column":null}},"6":{"start":{"line":44,"column":8},"end":{"line":49,"column":null}},"7":{"start":{"line":44,"column":29},"end":{"line":44,"column":null}},"8":{"start":{"line":46,"column":6},"end":{"line":46,"column":69}},"9":{"start":{"line":46,"column":69},"end":{"line":46,"column":null}},"10":{"start":{"line":48,"column":6},"end":{"line":48,"column":null}},"11":{"start":{"line":49,"column":4},"end":{"line":49,"column":null}},"12":{"start":{"line":52,"column":4},"end":{"line":52,"column":null}},"13":{"start":{"line":59,"column":2},"end":{"line":59,"column":null}},"14":{"start":{"line":61,"column":2},"end":{"line":62,"column":null}},"15":{"start":{"line":63,"column":6},"end":{"line":69,"column":null}}},"fnMap":{"0":{"name":"(anonymous_0)","decl":{"start":{"line":48,"column":6},"end":{"line":48,"column":20}},"loc":{"start":{"line":48,"column":6},"end":{"line":48,"column":20}},"line":48},"1":{"name":"(anonymous_1)","decl":{"start":{"line":42,"column":57},"end":{"line":42,"column":null}},"loc":{"start":{"line":42,"column":57},"end":{"line":59,"column":null}},"line":42}},"branchMap":{"0":{"loc":{"start":{"line":41,"column":0},"end":{"line":41,"column":null}},"type":"default-arg","locations":[{"start":{"line":41,"column":23},"end":{"line":41,"column":null}}],"line":41},"1":{"loc":{"start":{"line":44,"column":8},"end":{"line":49,"column":null}},"type":"if","locations":[{"start":{"line":44,"column":8},"end":{"line":49,"column":null}},{"start":{"line":49,"column":4},"end":{"line":49,"column":null}}],"line":44},"2":{"loc":{"start":{"line":63,"column":43},"end":{"line":64,"column":15}},"type":"binary-expr","locations":[{"start":{"line":63,"column":43},"end":{"line":63,"column":61}},{"start":{"line":63,"column":43},"end":{"line":64,"column":15}}],"line":63}},"s":{"0":1,"1":1,"2":12,"3":12,"4":12,"5":5,"6":5,"7":5,"8":5,"9":5,"10":5,"11":0,"12":5,"13":5,"14":12,"15":12},"f":{"0":83,"1":5},"b":{"0":[12],"1":[5,0],"2":[12,9]},"meta":{"lastBranch":3,"lastFunction":2,"lastStatement":16,"seen":{"s:48:6:48:20":0,"f:48:6:48:20":0,"s:63:28:63:43":1,"b:41:23:41:Infinity":0,"s:41:23:41:Infinity":2,"s:42:2:42:57":3,"s:42:57:59:Infinity":4,"f:42:57:42:Infinity":1,"s:42:57:42:Infinity":5,"b:44:8:49:Infinity:49:4:49:Infinity":1,"s:44:8:49:Infinity":6,"s:44:29:44:Infinity":7,"s:46:6:46:69":8,"s:46:69:46:Infinity":9,"s:48:6:48:Infinity":10,"s:49:4:49:Infinity":11,"s:52:4:52:Infinity":12,"s:59:2:59:Infinity":13,"s:61:2:62:Infinity":14,"s:63:6:69:Infinity":15,"b:63:43:63:61:63:43:64:15":2}}}
,"/home/runner/work/tiny-congress/tiny-congress/web/src/components/ErrorBoundary/ErrorFallback.tsx": {"path":"/home/runner/work/tiny-congress/tiny-congress/web/src/components/ErrorBoundary/ErrorFallback.tsx","statementMap":{"0":{"start":{"line":34,"column":16},"end":{"line":34,"column":17}},"1":{"start":{"line":25,"column":86},"end":{"line":25,"column":null}},"2":{"start":{"line":26,"column":2},"end":{"line":26,"column":29}},"3":{"start":{"line":26,"column":29},"end":{"line":28,"column":null}},"4":{"start":{"line":26,"column":29},"end":{"line":26,"column":null}},"5":{"start":{"line":27,"column":4},"end":{"line":27,"column":null}},"6":{"start":{"line":28,"column":2},"end":{"line":28,"column":null}},"7":{"start":{"line":30,"column":2},"end":{"line":31,"column":15}},"8":{"start":{"line":31,"column":15},"end":{"line":73,"column":null}}},"fnMap":{"0":{"name":"(anonymous_0)","decl":{"start":{"line":34,"column":16},"end":{"line":34,"column":17}},"loc":{"start":{"line":34,"column":16},"end":{"line":34,"column":17}},"line":34},"1":{"name":"(anonymous_1)","decl":{"start":{"line":26,"column":29},"end":{"line":26,"column":null}},"loc":{"start":{"line":26,"column":29},"end":{"line":28,"column":null}},"line":26}},"branchMap":{"0":{"loc":{"start":{"line":25,"column":57},"end":{"line":25,"column":63}},"type":"default-arg","locations":[{"start":{"line":25,"column":57},"end":{"line":25,"column":63}}],"line":25},"1":{"loc":{"start":{"line":53,"column":9},"end":{"line":32,"column":17}},"type":"binary-expr","locations":[{"start":{"line":53,"column":9},"end":{"line":54,"column":null}},{"start":{"line":54,"column":21},"end":{"line":54,"column":null}},{"start":{"line":54,"column":21},"end":{"line":32,"column":17}}],"line":53},"2":{"loc":{"start":{"line":61,"column":27},"end":{"line":56,"column":19}},"type":"binary-expr","locations":[{"start":{"line":61,"column":27},"end":{"line":61,"column":32}},{"start":{"line":61,"column":27},"end":{"line":56,"column":19}}],"line":61}},"s":{"0":2,"1":14,"2":14,"3":14,"4":1,"5":1,"6":1,"7":14,"8":14},"f":{"0":79,"1":1},"b":{"0":[14],"1":[14,13,1],"2":[1,1]},"meta":{"lastBranch":3,"lastFunction":2,"lastStatement":9,"seen":{"s:34:16:34:17":0,"f:34:16:34:17":0,"b:25:57:25:63":0,"s:25:86:25:Infinity":1,"s:26:2:26:29":2,"s:26:29:28:Infinity":3,"f:26:29:26:Infinity":1,"s:26:29:26:Infinity":4,"s:27:4:27:Infinity":5,"s:28:2:28:Infinity":6,"s:30:2:31:15":7,"s:31:15:73:Infinity":8,"b:53:9:54:Infinity:54:21:54:Infinity:54:21:32:17":1,"b:61:27:61:32:61:27:56:19":2}}}
,"/home/runner/work/tiny-congress/tiny-congress/web/src/components/Welcome/Welcome.module.css": {"path":"/home/runner/work/tiny-congress/tiny-congress/web/src/components/Welcome/Welcome.module.css","statementMap":{},"fnMap":{},"branchMap":{},"s":{},"f":{},"b":{},"meta":{"lastBranch":0,"lastFunction":0,"lastStatement":0,"seen":{}}}
,"/home/runner/work/tiny-congress/tiny-congress/web/src/components/Welcome/Welcome.tsx": {"path":"/home/runner/work/tiny-congress/tiny-congress/web/src/components/Welcome/Welcome.tsx","statementMap":{"0":{"start":{"line":9,"column":6},"end":{"line":9,"column":7}},"1":{"start":{"line":6,"column":26},"end":{"line":6,"column":null}},"2":{"start":{"line":7,"column":2},"end":{"line":23,"column":null}}},"fnMap":{"0":{"name":"(anonymous_0)","decl":{"start":{"line":9,"column":6},"end":{"line":9,"column":7}},"loc":{"start":{"line":9,"column":6},"end":{"line":9,"column":7}},"line":9},"1":{"name":"Welcome","decl":{"start":{"line":6,"column":16},"end":{"line":6,"column":26}},"loc":{"start":{"line":6,"column":26},"end":{"line":25,"column":null}},"line":6}},"branchMap":{},"s":{"0":1,"1":1,"2":1},"f":{"0":2,"1":1},"b":{},"meta":{"lastBranch":0,"lastFunction":2,"lastStatement":3,"seen":{"s:9:6:9:7":0,"f:9:6:9:7":0,"f:6:16:6:26":1,"s:6:26:6:Infinity":1,"s:7:2:23:Infinity":2}}}
,"/home/runner/work/tiny-congress/tiny-congress/web/src/pages/About.page.tsx": {"path":"/home/runner/work/tiny-congress/tiny-congress/web/src/pages/About.page.tsx","statementMap":{"0":{"start":{"line":13,"column":8},"end":{"line":13,"column":9}},"1":{"start":{"line":6,"column":28},"end":{"line":6,"column":null}},"2":{"start":{"line":7,"column":42},"end":{"line":7,"column":null}},"3":{"start":{"line":7,"column":69},"end":{"line":7,"column":null}},"4":{"start":{"line":9,"column":2},"end":{"line":53,"column":null}},"5":{"start":{"line":57,"column":92},"end":{"line":57,"column":null}},"6":{"start":{"line":58,"column":2},"end":{"line":64,"column":null}}},"fnMap":{"0":{"name":"(anonymous_0)","decl":{"start":{"line":13,"column":8},"end":{"line":13,"column":9}},"loc":{"start":{"line":13,"column":8},"end":{"line":13,"column":9}},"line":13},"1":{"name":"AboutPage","decl":{"start":{"line":6,"column":16},"end":{"line":6,"column":28}},"loc":{"start":{"line":6,"column":28},"end":{"line":55,"column":null}},"line":6},"2":{"name":"Metric","decl":{"start":{"line":57,"column":9},"end":{"line":57,"column":16}},"loc":{"start":{"line":57,"column":92},"end":{"line":66,"column":null}},"line":57}},"branchMap":{"0":{"loc":{"start":{"line":21,"column":7},"end":{"line":27,"column":null}},"type":"binary-expr","locations":[{"start":{"line":21,"column":7},"end":{"line":21,"column":null}},{"start":{"line":21,"column":7},"end":{"line":27,"column":null}}],"line":21},"1":{"loc":{"start":{"line":30,"column":7},"end":{"line":38,"column":null}},"type":"binary-expr","locations":[{"start":{"line":30,"column":7},"end":{"line":30,"column":null}},{"start":{"line":30,"column":7},"end":{"line":38,"column":null}}],"line":30},"2":{"loc":{"start":{"line":37,"column":11},"end":{"line":37,"column":null}},"type":"cond-expr","locations":[{"start":{"line":37,"column":28},"end":{"line":37,"column":52}},{"start":{"line":37,"column":42},"end":{"line":37,"column":null}}],"line":37},"3":{"loc":{"start":{"line":41,"column":7},"end":{"line":51,"column":null}},"type":"binary-expr","locations":[{"start":{"line":41,"column":7},"end":{"line":41,"column":null}},{"start":{"line":41,"column":7},"end":{"line":51,"column":null}}],"line":41},"4":{"loc":{"start":{"line":47,"column":13},"end":{"line":48,"column":null}},"type":"binary-expr","locations":[{"start":{"line":47,"column":13},"end":{"line":47,"column":null}},{"start":{"line":47,"column":18},"end":{"line":48,"column":null}}],"line":47}},"s":{"0":1,"1":5,"2":5,"3":5,"4":5,"5":4,"6":4},"f":{"0":46,"1":5,"2":4},"b":{"0":[5,3],"1":[5,1],"2":[1,0],"3":[5,1],"4":[1,1]},"meta":{"lastBranch":5,"lastFunction":3,"lastStatement":7,"seen":{"s:13:8:13:9":0,"f:13:8:13:9":0,"f:6:16:6:28":1,"s:6:28:6:Infinity":1,"s:7:42:7:Infinity":2,"s:7:69:7:Infinity":3,"s:9:2:53:Infinity":4,"b:21:7:21:Infinity:21:7:27:Infinity":0,"b:30:7:30:Infinity:30:7:38:Infinity":1,"b:37:28:37:52:37:42:37:Infinity":2,"b:41:7:41:Infinity:41:7:51:Infinity":3,"b:47:13:47:Infinity:47:18:48:Infinity":4,"f:57:9:57:16":2,"s:57:92:57:Infinity":5,"s:58:2:64:Infinity":6}}}
,"/home/runner/work/tiny-congress/tiny-congress/web/src/theme/mantineTheme.ts": {"path":"/home/runner/work/tiny-congress/tiny-congress/web/src/theme/mantineTheme.ts","statementMap":{"0":{"start":{"line":18,"column":11},"end":{"line":18,"column":null}},"1":{"start":{"line":4,"column":13},"end":{"line":35,"column":null}}},"fnMap":{"0":{"name":"(anonymous_0)","decl":{"start":{"line":18,"column":11},"end":{"line":18,"column":null}},"loc":{"start":{"line":18,"column":11},"end":{"line":18,"column":null}},"line":18}},"branchMap":{},"s":{"0":4,"1":4},"f":{"0":4},"b":{},"meta":{"lastBranch":0,"lastFunction":1,"lastStatement":2,"seen":{"s:18:11:18:Infinity":0,"f:18:11:18:Infinity":0,"s:4:13:35:Infinity":1}}}
,"/home/runner/work/tiny-congress/tiny-congress/web/test-utils/index.ts": {"path":"/home/runner/work/tiny-congress/tiny-congress/web/test-utils/index.ts","statementMap":{},"fnMap":{},"branchMap":{},"s":{},"f":{},"b":{},"meta":{"lastBranch":0,"lastFunction":0,"lastStatement":0,"seen":{}}}
,"/home/runner/work/tiny-congress/tiny-congress/web/test-utils/render.tsx": {"path":"/home/runner/work/tiny-congress/tiny-congress/web/test-utils/render.tsx","statementMap":{"0":{"start":{"line":7,"column":2},"end":{"line":14,"column":null}},"1":{"start":{"line":20,"column":26},"end":{"line":20,"column":null}},"2":{"start":{"line":21,"column":44},"end":{"line":21,"column":null}},"3":{"start":{"line":23,"column":26},"end":{"line":31,"column":null}},"4":{"start":{"line":24,"column":20},"end":{"line":24,"column":null}},"5":{"start":{"line":26,"column":4},"end":{"line":29,"column":null}},"6":{"start":{"line":33,"column":2},"end":{"line":33,"column":null}}},"fnMap":{"0":{"name":"createTestQueryClient","decl":{"start":{"line":6,"column":9},"end":{"line":6,"column":33}},"loc":{"start":{"line":6,"column":33},"end":{"line":15,"column":null}},"line":6},"1":{"name":"render","decl":{"start":{"line":19,"column":16},"end":{"line":19,"column":23}},"loc":{"start":{"line":19,"column":72},"end":{"line":34,"column":null}},"line":19},"2":{"name":"(anonymous_2)","decl":{"start":{"line":23,"column":26},"end":{"line":23,"column":27}},"loc":{"start":{"line":23,"column":58},"end":{"line":31,"column":null}},"line":23}},"branchMap":{"0":{"loc":{"start":{"line":21,"column":44},"end":{"line":21,"column":null}},"type":"binary-expr","locations":[{"start":{"line":21,"column":44},"end":{"line":21,"column":55}},{"start":{"line":21,"column":55},"end":{"line":21,"column":null}}],"line":21},"1":{"loc":{"start":{"line":24,"column":20},"end":{"line":24,"column":null}},"type":"cond-expr","locations":[{"start":{"line":24,"column":34},"end":{"line":24,"column":74}},{"start":{"line":24,"column":74},"end":{"line":24,"column":null}}],"line":24}},"s":{"0":16,"1":16,"2":16,"3":16,"4":26,"5":26,"6":16},"f":{"0":16,"1":16,"2":26},"b":{"0":[16,16],"1":[0,21]},"meta":{"lastBranch":2,"lastFunction":3,"lastStatement":7,"seen":{"f:6:9:6:33":0,"s:7:2:14:Infinity":0,"f:19:16:19:23":1,"s:20:26:20:Infinity":1,"s:21:44:21:Infinity":2,"b:21:44:21:55:21:55:21:Infinity":0,"s:23:26:31:Infinity":3,"f:23:26:23:27":2,"s:24:20:24:Infinity":4,"b:24:34:24:74:24:74:24:Infinity":1,"s:26:4:29:Infinity":5,"s:33:2:33:Infinity":6}}}
}
