{"/home/runner/work/tiny-congress/tiny-congress/web/src/api/graphqlClient.ts": {"path":"/home/runner/work/tiny-congress/tiny-congress/web/src/api/graphqlClient.ts","statementMap":{"0":{"start":{"line":21,"column":9},"end":{"line":21,"column":null}},"1":{"start":{"line":6,"column":0},"end":{"line":6,"column":null}},"2":{"start":{"line":8,"column":16},"end":{"line":8,"column":null}},"3":{"start":{"line":9,"column":2},"end":{"line":9,"column":17}},"4":{"start":{"line":9,"column":17},"end":{"line":9,"column":null}},"5":{"start":{"line":10,"column":2},"end":{"line":10,"column":null}},"6":{"start":{"line":10,"column":14},"end":{"line":12,"column":null}},"7":{"start":{"line":10,"column":14},"end":{"line":10,"column":null}},"8":{"start":{"line":11,"column":4},"end":{"line":11,"column":null}},"9":{"start":{"line":12,"column":2},"end":{"line":12,"column":null}},"10":{"start":{"line":14,"column":2},"end":{"line":14,"column":37}},"11":{"start":{"line":14,"column":37},"end":{"line":19,"column":null}},"12":{"start":{"line":15,"column":4},"end":{"line":15,"column":46}},"13":{"start":{"line":15,"column":46},"end":{"line":15,"column":null}},"14":{"start":{"line":16,"column":4},"end":{"line":16,"column":null}},"15":{"start":{"line":16,"column":15},"end":{"line":16,"column":null}},"16":{"start":{"line":17,"column":4},"end":{"line":17,"column":null}},"17":{"start":{"line":17,"column":19},"end":{"line":17,"column":null}},"18":{"start":{"line":18,"column":4},"end":{"line":18,"column":null}},"19":{"start":{"line":19,"column":2},"end":{"line":19,"column":null}},"20":{"start":{"line":21,"column":2},"end":{"line":21,"column":null}},"21":{"start":{"line":22,"column":0},"end":{"line":22,"column":null}},"22":{"start":{"line":28,"column":2},"end":{"line":28,"column":null}},"23":{"start":{"line":29,"column":12},"end":{"line":34,"column":null}},"24":{"start":{"line":36,"column":2},"end":{"line":36,"column":null}},"25":{"start":{"line":36,"column":20},"end":{"line":40,"column":39}},"26":{"start":{"line":36,"column":20},"end":{"line":36,"column":null}},"27":{"start":{"line":37,"column":4},"end":{"line":37,"column":null}},"28":{"start":{"line":38,"column":2},"end":{"line":38,"column":null}},"29":{"start":{"line":40,"column":39},"end":{"line":40,"column":null}},"30":{"start":{"line":42,"column":2},"end":{"line":42,"column":30}},"31":{"start":{"line":42,"column":30},"end":{"line":45,"column":null}},"32":{"start":{"line":43,"column":4},"end":{"line":43,"column":50}},"33":{"start":{"line":43,"column":50},"end":{"line":43,"column":null}},"34":{"start":{"line":43,"column":50},"end":{"line":43,"column":56}},"35":{"start":{"line":43,"column":50},"end":{"line":43,"column":70}},"36":{"start":{"line":43,"column":63},"end":{"line":43,"column":null}},"37":{"start":{"line":44,"column":4},"end":{"line":44,"column":null}},"38":{"start":{"line":45,"column":2},"end":{"line":45,"column":null}},"39":{"start":{"line":47,"column":2},"end":{"line":47,"column":null}},"40":{"start":{"line":47,"column":21},"end":{"line":49,"column":null}},"41":{"start":{"line":47,"column":21},"end":{"line":47,"column":null}},"42":{"start":{"line":48,"column":4},"end":{"line":48,"column":null}},"43":{"start":{"line":49,"column":2},"end":{"line":49,"column":null}},"44":{"start":{"line":51,"column":2},"end":{"line":51,"column":null}},"45":{"start":{"line":52,"column":0},"end":{"line":52,"column":null}}},"fnMap":{"0":{"name":"(anonymous_0)","decl":{"start":{"line":21,"column":9},"end":{"line":21,"column":null}},"loc":{"start":{"line":21,"column":9},"end":{"line":21,"column":null}},"line":21},"1":{"name":"getGraphqlUrl","decl":{"start":{"line":8,"column":40},"end":{"line":8,"column":null}},"loc":{"start":{"line":8,"column":40},"end":{"line":24,"column":null}},"line":8},"2":{"name":"(anonymous_2)","decl":{"start":{"line":43,"column":50},"end":{"line":43,"column":56}},"loc":{"start":{"line":43,"column":50},"end":{"line":43,"column":null}},"line":43}},"branchMap":{"0":{"loc":{"start":{"line":10,"column":14},"end":{"line":12,"column":null}},"type":"if","locations":[{"start":{"line":10,"column":14},"end":{"line":12,"column":null}},{"start":{"line":12,"column":2},"end":{"line":12,"column":null}}],"line":10},"1":{"loc":{"start":{"line":14,"column":37},"end":{"line":19,"column":null}},"type":"if","locations":[{"start":{"line":14,"column":37},"end":{"line":19,"column":null}},{"start":{"line":19,"column":2},"end":{"line":19,"column":null}}],"line":14},"2":{"loc":{"start":{"line":36,"column":20},"end":{"line":40,"column":39}},"type":"if","locations":[{"start":{"line":36,"column":20},"end":{"line":40,"column":39}},{"start":{"line":38,"column":2},"end":{"line":40,"column":39}}],"line":36},"3":{"loc":{"start":{"line":42,"column":30},"end":{"line":45,"column":null}},"type":"if","locations":[{"start":{"line":42,"column":30},"end":{"line":45,"column":null}},{"start":{"line":45,"column":2},"end":{"line":45,"column":null}}],"line":42},"4":{"loc":{"start":{"line":47,"column":21},"end":{"line":49,"column":null}},"type":"if","locations":[{"start":{"line":47,"column":21},"end":{"line":49,"column":null}},{"start":{"line":49,"column":2},"end":{"line":49,"column":null}}],"line":47}},"s":{"0":1,"1":1,"2":1,"3":0,"4":0,"5":0,"6":0,"7":0,"8":0,"9":0,"10":0,"11":0,"12":0,"13":0,"14":0,"15":0,"16":0,"17":0,"18":0,"19":0,"20":0,"21":0,"22":0,"23":0,"24":0,"25":0,"26":0,"27":0,"28":0,"29":0,"30":0,"31":0,"32":0,"33":0,"34":0,"35":0,"36":0,"37":0,"38":0,"39":0,"40":0,"41":0,"42":0,"43":0,"44":0,"45":0},"f":{"0":1,"1":0,"2":0},"b":{"0":[0,0],"1":[0,0],"2":[0,0],"3":[0,0],"4":[0,0]},"meta":{"lastBranch":5,"lastFunction":3,"lastStatement":46,"seen":{"s:21:9:21:Infinity":0,"f:21:9:21:Infinity":0,"s:6:0:6:Infinity":1,"s:8:16:8:Infinity":2,"f:8:40:8:Infinity":1,"s:9:2:9:17":3,"s:9:17:9:Infinity":4,"s:10:2:10:Infinity":5,"b:10:14:12:Infinity:12:2:12:Infinity":0,"s:10:14:12:Infinity":6,"s:10:14:10:Infinity":7,"s:11:4:11:Infinity":8,"s:12:2:12:Infinity":9,"s:14:2:14:37":10,"b:14:37:19:Infinity:19:2:19:Infinity":1,"s:14:37:19:Infinity":11,"s:15:4:15:46":12,"s:15:46:15:Infinity":13,"s:16:4:16:Infinity":14,"s:16:15:16:Infinity":15,"s:17:4:17:Infinity":16,"s:17:19:17:Infinity":17,"s:18:4:18:Infinity":18,"s:19:2:19:Infinity":19,"s:21:2:21:Infinity":20,"s:22:0:22:Infinity":21,"s:28:2:28:Infinity":22,"s:29:12:34:Infinity":23,"s:36:2:36:Infinity":24,"b:36:20:40:39:38:2:40:39":2,"s:36:20:40:39":25,"s:36:20:36:Infinity":26,"s:37:4:37:Infinity":27,"s:38:2:38:Infinity":28,"s:40:39:40:Infinity":29,"s:42:2:42:30":30,"b:42:30:45:Infinity:45:2:45:Infinity":3,"s:42:30:45:Infinity":31,"s:43:4:43:50":32,"s:43:50:43:Infinity":33,"f:43:50:43:56":2,"s:43:50:43:56":34,"s:43:50:43:70":35,"s:43:63:43:Infinity":36,"s:44:4:44:Infinity":37,"s:45:2:45:Infinity":38,"s:47:2:47:Infinity":39,"b:47:21:49:Infinity:49:2:49:Infinity":4,"s:47:21:49:Infinity":40,"s:47:21:47:Infinity":41,"s:48:4:48:Infinity":42,"s:49:2:49:Infinity":43,"s:51:2:51:Infinity":44,"s:52:0:52:Infinity":45}}}
,"/home/runner/work/tiny-congress/tiny-congress/web/src/api/queries.ts": {"path":"/home/runner/work/tiny-congress/tiny-congress/web/src/api/queries.ts","statementMap":{"0":{"start":{"line":9,"column":13},"end":{"line":14,"column":null}}},"fnMap":{},"branchMap":{},"s":{"0":1},"f":{},"b":{},"meta":{"lastBranch":0,"lastFunction":0,"lastStatement":1,"seen":{"s:9:13:14:Infinity":0}}}
,"/home/runner/work/tiny-congress/tiny-congress/web/src/api/generated/graphql.ts": {"path":"/home/runner/work/tiny-congress/tiny-congress/web/src/api/generated/graphql.ts","statementMap":{"0":{"start":{"line":75,"column":11},"end":{"line":75,"column":13}},"1":{"start":{"line":1,"column":19},"end":{"line":1,"column":null}},"2":{"start":{"line":56,"column":36},"end":{"line":57,"column":null}},"3":{"start":{"line":57,"column":2},"end":{"line":57,"column":8}},"4":{"start":{"line":57,"column":2},"end":{"line":57,"column":null}},"5":{"start":{"line":59,"column":13},"end":{"line":59,"column":null}},"6":{"start":{"line":59,"column":61},"end":{"line":59,"column":81}},"7":{"start":{"line":59,"column":61},"end":{"line":59,"column":null}},"8":{"start":{"line":61,"column":13},"end":{"line":64,"column":null}},"9":{"start":{"line":66,"column":13},"end":{"line":68,"column":null}},"10":{"start":{"line":70,"column":13},"end":{"line":76,"column":null}},"11":{"start":{"line":78,"column":13},"end":{"line":81,"column":null}},"12":{"start":{"line":80,"column":26},"end":{"line":80,"column":41}},"13":{"start":{"line":80,"column":26},"end":{"line":80,"column":null}}},"fnMap":{"0":{"name":"(anonymous_0)","decl":{"start":{"line":75,"column":11},"end":{"line":75,"column":13}},"loc":{"start":{"line":75,"column":11},"end":{"line":75,"column":13}},"line":75},"1":{"name":"(anonymous_1)","decl":{"start":{"line":56,"column":36},"end":{"line":56,"column":null}},"loc":{"start":{"line":57,"column":2},"end":{"line":57,"column":null}},"line":57},"2":{"name":"(anonymous_2)","decl":{"start":{"line":59,"column":55},"end":{"line":59,"column":61}},"loc":{"start":{"line":59,"column":61},"end":{"line":59,"column":83}},"line":59},"3":{"name":"(anonymous_3)","decl":{"start":{"line":80,"column":20},"end":{"line":80,"column":26}},"loc":{"start":{"line":80,"column":26},"end":{"line":80,"column":41}},"line":80}},"branchMap":{"0":{"loc":{"start":{"line":57,"column":2},"end":{"line":57,"column":null}},"type":"binary-expr","locations":[{"start":{"line":57,"column":2},"end":{"line":57,"column":21}},{"start":{"line":57,"column":8},"end":{"line":57,"column":null}}],"line":57}},"s":{"0":1,"1":1,"2":1,"3":0,"4":0,"5":1,"6":0,"7":0,"8":1,"9":1,"10":1,"11":1,"12":0,"13":0},"f":{"0":6,"1":0,"2":0,"3":0},"b":{"0":[0,0]},"meta":{"lastBranch":1,"lastFunction":4,"lastStatement":14,"seen":{"s:75:11:75:13":0,"f:75:11:75:13":0,"s:1:19:1:Infinity":1,"s:56:36:57:Infinity":2,"f:56:36:56:Infinity":1,"s:57:2:57:8":3,"s:57:2:57:Infinity":4,"b:57:2:57:21:57:8:57:Infinity":0,"s:59:13:59:Infinity":5,"f:59:55:59:61":2,"s:59:61:59:81":6,"s:59:61:59:Infinity":7,"s:61:13:64:Infinity":8,"s:66:13:68:Infinity":9,"s:70:13:76:Infinity":10,"s:78:13:81:Infinity":11,"f:80:20:80:26":3,"s:80:26:80:41":12,"s:80:26:80:Infinity":13}}}
,"/home/runner/work/tiny-congress/tiny-congress/web/src/components/ErrorBoundary/ErrorBoundary.tsx": {"path":"/home/runner/work/tiny-congress/tiny-congress/web/src/components/ErrorBoundary/ErrorBoundary.tsx","statementMap":{"0":{"start":{"line":48,"column":6},"end":{"line":48,"column":20}},"1":{"start":{"line":63,"column":28},"end":{"line":63,"column":43}},"2":{"start":{"line":41,"column":23},"end":{"line":41,"column":null}},"3":{"start":{"line":42,"column":2},"end":{"line":42,"column":57}},"4":{"start":{"line":42,"column":57},"end":{"line":59,"column":null}},"5":{"start":{"line":42,"column":57},"end":{"line":42,"column":null}},"6":{"start":{"line":44,"column":8},"end":{"line":49,"column":null}},"7":{"start":{"line":44,"column":29},"end":{"line":44,"column":null}},"8":{"start":{"line":46,"column":6},"end":{"line":46,"column":69}},"9":{"start":{"line":46,"column":69},"end":{"line":46,"column":null}},"10":{"start":{"line":48,"column":6},"end":{"line":48,"column":null}},"11":{"start":{"line":49,"column":4},"end":{"line":49,"column":null}},"12":{"start":{"line":52,"column":4},"end":{"line":52,"column":null}},"13":{"start":{"line":59,"column":2},"end":{"line":59,"column":null}},"14":{"start":{"line":61,"column":2},"end":{"line":62,"column":null}},"15":{"start":{"line":63,"column":6},"end":{"line":69,"column":null}}},"fnMap":{"0":{"name":"(anonymous_0)","decl":{"start":{"line":48,"column":6},"end":{"line":48,"column":20}},"loc":{"start":{"line":48,"column":6},"end":{"line":48,"column":20}},"line":48},"1":{"name":"(anonymous_1)","decl":{"start":{"line":42,"column":57},"end":{"line":42,"column":null}},"loc":{"start":{"line":42,"column":57},"end":{"line":59,"column":null}},"line":42}},"branchMap":{"0":{"loc":{"start":{"line":41,"column":0},"end":{"line":41,"column":null}},"type":"default-arg","locations":[{"start":{"line":41,"column":23},"end":{"line":41,"column":null}}],"line":41},"1":{"loc":{"start":{"line":44,"column":8},"end":{"line":49,"column":null}},"type":"if","locations":[{"start":{"line":44,"column":8},"end":{"line":49,"column":null}},{"start":{"line":49,"column":4},"end":{"line":49,"column":null}}],"line":44},"2":{"loc":{"start":{"line":63,"column":43},"end":{"line":64,"column":15}},"type":"binary-expr","locations":[{"start":{"line":63,"column":43},"end":{"line":63,"column":61}},{"start":{"line":63,"column":43},"end":{"line":64,"column":15}}],"line":63}},"s":{"0":1,"1":1,"2":12,"3":12,"4":12,"5":5,"6":5,"7":5,"8":5,"9":5,"10":5,"11":0,"12":5,"13":5,"14":12,"15":12},"f":{"0":83,"1":5},"b":{"0":[12],"1":[5,0],"2":[12,9]},"meta":{"lastBranch":3,"lastFunction":2,"lastStatement":16,"seen":{"s:48:6:48:20":0,"f:48:6:48:20":0,"s:63:28:63:43":1,"b:41:23:41:Infinity":0,"s:41:23:41:Infinity":2,"s:42:2:42:57":3,"s:42:57:59:Infinity":4,"f:42:57:42:Infinity":1,"s:42:57:42:Infinity":5,"b:44:8:49:Infinity:49:4:49:Infinity":1,"s:44:8:49:Infinity":6,"s:44:29:44:Infinity":7,"s:46:6:46:69":8,"s:46:69:46:Infinity":9,"s:48:6:48:Infinity":10,"s:49:4:49:Infinity":11,"s:52:4:52:Infinity":12,"s:59:2:59:Infinity":13,"s:61:2:62:Infinity":14,"s:63:6:69:Infinity":15,"b:63:43:63:61:63:43:64:15":2}}}
,"/home/runner/work/tiny-congress/tiny-congress/web/src/components/ErrorBoundary/ErrorFallback.tsx": {"path":"/home/runner/work/tiny-congress/tiny-congress/web/src/components/ErrorBoundary/ErrorFallback.tsx","statementMap":{"0":{"start":{"line":34,"column":16},"end":{"line":34,"column":17}},"1":{"start":{"line":25,"column":86},"end":{"line":25,"column":null}},"2":{"start":{"line":26,"column":2},"end":{"line":26,"column":29}},"3":{"start":{"line":26,"column":29},"end":{"line":28,"column":null}},"4":{"start":{"line":26,"column":29},"end":{"line":26,"column":null}},"5":{"start":{"line":27,"column":4},"end":{"line":27,"column":null}},"6":{"start":{"line":28,"column":2},"end":{"line":28,"column":null}},"7":{"start":{"line":30,"column":2},"end":{"line":31,"column":15}},"8":{"start":{"line":31,"column":15},"end":{"line":73,"column":null}}},"fnMap":{"0":{"name":"(anonymous_0)","decl":{"start":{"line":34,"column":16},"end":{"line":34,"column":17}},"loc":{"start":{"line":34,"column":16},"end":{"line":34,"column":17}},"line":34},"1":{"name":"(anonymous_1)","decl":{"start":{"line":26,"column":29},"end":{"line":26,"column":null}},"loc":{"start":{"line":26,"column":29},"end":{"line":28,"column":null}},"line":26}},"branchMap":{"0":{"loc":{"start":{"line":25,"column":57},"end":{"line":25,"column":63}},"type":"default-arg","locations":[{"start":{"line":25,"column":57},"end":{"line":25,"column":63}}],"line":25},"1":{"loc":{"start":{"line":53,"column":9},"end":{"line":32,"column":17}},"type":"cond-expr","locations":[{"start":{"line":54,"column":21},"end":{"line":32,"column":17}},{"start":{"line":32,"column":6},"end":{"line":32,"column":17}}],"line":53},"2":{"loc":{"start":{"line":53,"column":9},"end":{"line":54,"column":null}},"type":"binary-expr","locations":[{"start":{"line":53,"column":9},"end":{"line":54,"column":null}},{"start":{"line":54,"column":21},"end":{"line":54,"column":null}}],"line":53},"3":{"loc":{"start":{"line":61,"column":27},"end":{"line":56,"column":19}},"type":"cond-expr","locations":[{"start":{"line":61,"column":27},"end":{"line":56,"column":19}},{"start":{"line":56,"column":12},"end":{"line":56,"column":19}}],"line":61}},"s":{"0":2,"1":14,"2":14,"3":14,"4":1,"5":1,"6":1,"7":14,"8":14},"f":{"0":91,"1":1},"b":{"0":[14],"1":[1,13],"2":[14,13],"3":[1,0]},"meta":{"lastBranch":4,"lastFunction":2,"lastStatement":9,"seen":{"s:34:16:34:17":0,"f:34:16:34:17":0,"b:25:57:25:63":0,"s:25:86:25:Infinity":1,"s:26:2:26:29":2,"s:26:29:28:Infinity":3,"f:26:29:26:Infinity":1,"s:26:29:26:Infinity":4,"s:27:4:27:Infinity":5,"s:28:2:28:Infinity":6,"s:30:2:31:15":7,"s:31:15:73:Infinity":8,"b:54:21:32:17:32:6:32:17":1,"b:53:9:54:Infinity:54:21:54:Infinity":2,"b:61:27:56:19:56:12:56:19":3}}}
,"/home/runner/work/tiny-congress/tiny-congress/web/src/components/ThreadedConversation/ThreadedConversation.tsx": {"path":"/home/runner/work/tiny-congress/tiny-congress/web/src/components/ThreadedConversation/ThreadedConversation.tsx","statementMap":{"0":{"start":{"line":15,"column":2},"end":{"line":15,"column":null}},"1":{"start":{"line":27,"column":7},"end":{"line":27,"column":null}},"2":{"start":{"line":68,"column":20},"end":{"line":78,"column":null}},"3":{"start":{"line":68,"column":68},"end":{"line":68,"column":null}},"4":{"start":{"line":69,"column":2},"end":{"line":77,"column":null}},"5":{"start":{"line":69,"column":18},"end":{"line":69,"column":null}},"6":{"start":{"line":70,"column":4},"end":{"line":72,"column":null}},"7":{"start":{"line":70,"column":24},"end":{"line":70,"column":null}},"8":{"start":{"line":71,"column":6},"end":{"line":71,"column":null}},"9":{"start":{"line":72,"column":4},"end":{"line":72,"column":null}},"10":{"start":{"line":73,"column":10},"end":{"line":73,"column":null}},"11":{"start":{"line":73,"column":42},"end":{"line":73,"column":null}},"12":{"start":{"line":74,"column":4},"end":{"line":76,"column":null}},"13":{"start":{"line":74,"column":17},"end":{"line":74,"column":null}},"14":{"start":{"line":75,"column":6},"end":{"line":75,"column":null}},"15":{"start":{"line":91,"column":3},"end":{"line":91,"column":null}},"16":{"start":{"line":92,"column":24},"end":{"line":92,"column":null}},"17":{"start":{"line":92,"column":49},"end":{"line":92,"column":null}},"18":{"start":{"line":94,"column":2},"end":{"line":119,"column":null}},"19":{"start":{"line":114,"column":32},"end":{"line":114,"column":null}},"20":{"start":{"line":115,"column":10},"end":{"line":115,"column":null}},"21":{"start":{"line":115,"column":27},"end":{"line":115,"column":null}},"22":{"start":{"line":116,"column":10},"end":{"line":116,"column":null}},"23":{"start":{"line":138,"column":3},"end":{"line":138,"column":null}},"24":{"start":{"line":139,"column":30},"end":{"line":139,"column":null}},"25":{"start":{"line":140,"column":59},"end":{"line":140,"column":null}},"26":{"start":{"line":143,"column":8},"end":{"line":146,"column":null}},"27":{"start":{"line":145,"column":43},"end":{"line":145,"column":49}},"28":{"start":{"line":145,"column":43},"end":{"line":145,"column":61}},"29":{"start":{"line":149,"column":8},"end":{"line":152,"column":null}},"30":{"start":{"line":152,"column":3},"end":{"line":152,"column":null}},"31":{"start":{"line":154,"column":23},"end":{"line":159,"column":null}},"32":{"start":{"line":154,"column":29},"end":{"line":154,"column":null}},"33":{"start":{"line":155,"column":4},"end":{"line":155,"column":null}},"34":{"start":{"line":155,"column":25},"end":{"line":155,"column":null}},"35":{"start":{"line":156,"column":4},"end":{"line":158,"column":null}},"36":{"start":{"line":156,"column":18},"end":{"line":156,"column":null}},"37":{"start":{"line":157,"column":6},"end":{"line":157,"column":null}},"38":{"start":{"line":158,"column":4},"end":{"line":158,"column":null}},"39":{"start":{"line":159,"column":2},"end":{"line":159,"column":null}},"40":{"start":{"line":162,"column":2},"end":{"line":263,"column":null}},"41":{"start":{"line":170,"column":40},"end":{"line":170,"column":null}},"42":{"start":{"line":170,"column":40},"end":{"line":176,"column":null}},"43":{"start":{"line":240,"column":26},"end":{"line":240,"column":null}},"44":{"start":{"line":241,"column":12},"end":{"line":241,"column":null}},"45":{"start":{"line":249,"column":18},"end":{"line":249,"column":19}},"46":{"start":{"line":249,"column":18},"end":{"line":257,"column":null}},"47":{"start":{"line":253,"column":52},"end":{"line":253,"column":null}},"48":{"start":{"line":254,"column":22},"end":{"line":254,"column":null}},"49":{"start":{"line":268,"column":69},"end":{"line":268,"column":null}},"50":{"start":{"line":269,"column":38},"end":{"line":269,"column":null}},"51":{"start":{"line":270,"column":58},"end":{"line":272,"column":null}},"52":{"start":{"line":272,"column":2},"end":{"line":272,"column":null}},"53":{"start":{"line":275,"column":2},"end":{"line":284,"column":null}},"54":{"start":{"line":275,"column":20},"end":{"line":275,"column":null}},"55":{"start":{"line":276,"column":4},"end":{"line":283,"column":null}},"56":{"start":{"line":276,"column":71},"end":{"line":276,"column":null}},"57":{"start":{"line":277,"column":6},"end":{"line":277,"column":null}},"58":{"start":{"line":278,"column":4},"end":{"line":278,"column":15}},"59":{"start":{"line":278,"column":4},"end":{"line":283,"column":null}},"60":{"start":{"line":278,"column":45},"end":{"line":278,"column":null}},"61":{"start":{"line":280,"column":6},"end":{"line":280,"column":null}},"62":{"start":{"line":280,"column":31},"end":{"line":280,"column":null}},"63":{"start":{"line":282,"column":6},"end":{"line":282,"column":null}},"64":{"start":{"line":283,"column":4},"end":{"line":283,"column":null}},"65":{"start":{"line":287,"column":8},"end":{"line":287,"column":null}},"66":{"start":{"line":287,"column":66},"end":{"line":287,"column":null}},"67":{"start":{"line":290,"column":21},"end":{"line":325,"column":null}},"68":{"start":{"line":290,"column":79},"end":{"line":290,"column":null}},"69":{"start":{"line":292,"column":10},"end":{"line":319,"column":null}},"70":{"start":{"line":292,"column":66},"end":{"line":292,"column":null}},"71":{"start":{"line":293,"column":6},"end":{"line":317,"column":null}},"72":{"start":{"line":293,"column":34},"end":{"line":293,"column":null}},"73":{"start":{"line":295,"column":14},"end":{"line":297,"column":null}},"74":{"start":{"line":296,"column":20},"end":{"line":296,"column":25}},"75":{"start":{"line":296,"column":20},"end":{"line":296,"column":null}},"76":{"start":{"line":297,"column":8},"end":{"line":297,"column":null}},"77":{"start":{"line":299,"column":8},"end":{"line":310,"column":null}},"78":{"start":{"line":299,"column":36},"end":{"line":299,"column":null}},"79":{"start":{"line":301,"column":16},"end":{"line":301,"column":null}},"80":{"start":{"line":302,"column":16},"end":{"line":302,"column":null}},"81":{"start":{"line":302,"column":61},"end":{"line":302,"column":null}},"82":{"start":{"line":303,"column":10},"end":{"line":308,"column":null}},"83":{"start":{"line":303,"column":28},"end":{"line":303,"column":null}},"84":{"start":{"line":304,"column":12},"end":{"line":307,"column":null}},"85":{"start":{"line":308,"column":10},"end":{"line":308,"column":null}},"86":{"start":{"line":309,"column":10},"end":{"line":309,"column":null}},"87":{"start":{"line":310,"column":8},"end":{"line":310,"column":null}},"88":{"start":{"line":313,"column":8},"end":{"line":316,"column":null}},"89":{"start":{"line":317,"column":6},"end":{"line":317,"column":null}},"90":{"start":{"line":318,"column":6},"end":{"line":318,"column":null}},"91":{"start":{"line":319,"column":5},"end":{"line":319,"column":null}},"92":{"start":{"line":321,"column":4},"end":{"line":324,"column":null}},"93":{"start":{"line":325,"column":2},"end":{"line":325,"column":null}},"94":{"start":{"line":328,"column":30},"end":{"line":355,"column":null}},"95":{"start":{"line":328,"column":51},"end":{"line":328,"column":null}},"96":{"start":{"line":330,"column":10},"end":{"line":344,"column":null}},"97":{"start":{"line":330,"column":66},"end":{"line":330,"column":null}},"98":{"start":{"line":331,"column":6},"end":{"line":342,"column":null}},"99":{"start":{"line":331,"column":34},"end":{"line":331,"column":null}},"100":{"start":{"line":332,"column":8},"end":{"line":332,"column":null}},"101":{"start":{"line":333,"column":6},"end":{"line":333,"column":17}},"102":{"start":{"line":333,"column":6},"end":{"line":342,"column":null}},"103":{"start":{"line":333,"column":69},"end":{"line":333,"column":null}},"104":{"start":{"line":335,"column":14},"end":{"line":335,"column":null}},"105":{"start":{"line":335,"column":66},"end":{"line":335,"column":null}},"106":{"start":{"line":336,"column":8},"end":{"line":341,"column":null}},"107":{"start":{"line":342,"column":6},"end":{"line":342,"column":null}},"108":{"start":{"line":343,"column":6},"end":{"line":343,"column":null}},"109":{"start":{"line":344,"column":5},"end":{"line":344,"column":null}},"110":{"start":{"line":346,"column":4},"end":{"line":349,"column":null}},"111":{"start":{"line":349,"column":5},"end":{"line":349,"column":null}},"112":{"start":{"line":352,"column":4},"end":{"line":354,"column":null}},"113":{"start":{"line":352,"column":46},"end":{"line":352,"column":null}},"114":{"start":{"line":353,"column":6},"end":{"line":353,"column":null}},"115":{"start":{"line":354,"column":4},"end":{"line":354,"column":null}},"116":{"start":{"line":355,"column":2},"end":{"line":355,"column":null}},"117":{"start":{"line":358,"column":35},"end":{"line":383,"column":null}},"118":{"start":{"line":358,"column":41},"end":{"line":358,"column":null}},"119":{"start":{"line":360,"column":10},"end":{"line":362,"column":null}},"120":{"start":{"line":361,"column":18},"end":{"line":361,"column":19}},"121":{"start":{"line":361,"column":18},"end":{"line":361,"column":null}},"122":{"start":{"line":364,"column":10},"end":{"line":364,"column":null}},"123":{"start":{"line":364,"column":46},"end":{"line":364,"column":null}},"124":{"start":{"line":365,"column":4},"end":{"line":367,"column":null}},"125":{"start":{"line":365,"column":59},"end":{"line":365,"column":null}},"126":{"start":{"line":366,"column":6},"end":{"line":366,"column":null}},"127":{"start":{"line":367,"column":4},"end":{"line":367,"column":null}},"128":{"start":{"line":370,"column":8},"end":{"line":370,"column":null}},"129":{"start":{"line":371,"column":8},"end":{"line":371,"column":null}},"130":{"start":{"line":371,"column":62},"end":{"line":371,"column":null}},"131":{"start":{"line":373,"column":4},"end":{"line":379,"column":null}},"132":{"start":{"line":373,"column":45},"end":{"line":373,"column":null}},"133":{"start":{"line":374,"column":12},"end":{"line":374,"column":null}},"134":{"start":{"line":374,"column":47},"end":{"line":374,"column":null}},"135":{"start":{"line":375,"column":6},"end":{"line":378,"column":null}},"136":{"start":{"line":375,"column":32},"end":{"line":375,"column":null}},"137":{"start":{"line":376,"column":8},"end":{"line":376,"column":null}},"138":{"start":{"line":376,"column":29},"end":{"line":376,"column":null}},"139":{"start":{"line":377,"column":8},"end":{"line":377,"column":null}},"140":{"start":{"line":378,"column":6},"end":{"line":378,"column":null}},"141":{"start":{"line":379,"column":5},"end":{"line":379,"column":null}},"142":{"start":{"line":382,"column":4},"end":{"line":382,"column":null}},"143":{"start":{"line":383,"column":2},"end":{"line":383,"column":null}},"144":{"start":{"line":386,"column":32},"end":{"line":392,"column":null}},"145":{"start":{"line":386,"column":71},"end":{"line":386,"column":null}},"146":{"start":{"line":387,"column":4},"end":{"line":389,"column":null}},"147":{"start":{"line":387,"column":35},"end":{"line":387,"column":null}},"148":{"start":{"line":388,"column":6},"end":{"line":388,"column":null}},"149":{"start":{"line":389,"column":4},"end":{"line":389,"column":null}},"150":{"start":{"line":391,"column":4},"end":{"line":391,"column":null}},"151":{"start":{"line":391,"column":46},"end":{"line":391,"column":52}},"152":{"start":{"line":391,"column":46},"end":{"line":391,"column":64}},"153":{"start":{"line":392,"column":2},"end":{"line":392,"column":null}},"154":{"start":{"line":395,"column":32},"end":{"line":398,"column":null}},"155":{"start":{"line":395,"column":68},"end":{"line":395,"column":null}},"156":{"start":{"line":396,"column":10},"end":{"line":396,"column":null}},"157":{"start":{"line":396,"column":53},"end":{"line":396,"column":55}},"158":{"start":{"line":396,"column":53},"end":{"line":396,"column":null}},"159":{"start":{"line":396,"column":70},"end":{"line":396,"column":null}},"160":{"start":{"line":397,"column":4},"end":{"line":397,"column":null}},"161":{"start":{"line":401,"column":84},"end":{"line":401,"column":null}},"162":{"start":{"line":402,"column":10},"end":{"line":402,"column":44}},"163":{"start":{"line":403,"column":10},"end":{"line":403,"column":null}},"164":{"start":{"line":403,"column":48},"end":{"line":403,"column":50}},"165":{"start":{"line":403,"column":48},"end":{"line":403,"column":null}},"166":{"start":{"line":403,"column":67},"end":{"line":403,"column":null}},"167":{"start":{"line":406,"column":4},"end":{"line":406,"column":null}},"168":{"start":{"line":409,"column":8},"end":{"line":409,"column":null}},"169":{"start":{"line":409,"column":66},"end":{"line":409,"column":68}},"170":{"start":{"line":409,"column":66},"end":{"line":409,"column":81}},"171":{"start":{"line":409,"column":87},"end":{"line":409,"column":null}},"172":{"start":{"line":411,"column":4},"end":{"line":425,"column":null}},"173":{"start":{"line":412,"column":12},"end":{"line":414,"column":null}},"174":{"start":{"line":413,"column":15},"end":{"line":413,"column":17}},"175":{"start":{"line":413,"column":15},"end":{"line":413,"column":null}},"176":{"start":{"line":414,"column":6},"end":{"line":414,"column":null}},"177":{"start":{"line":416,"column":6},"end":{"line":418,"column":null}},"178":{"start":{"line":416,"column":38},"end":{"line":416,"column":null}},"179":{"start":{"line":417,"column":8},"end":{"line":417,"column":null}},"180":{"start":{"line":418,"column":6},"end":{"line":418,"column":null}},"181":{"start":{"line":420,"column":6},"end":{"line":420,"column":null}},"182":{"start":{"line":423,"column":12},"end":{"line":423,"column":null}},"183":{"start":{"line":423,"column":53},"end":{"line":423,"column":55}},"184":{"start":{"line":423,"column":53},"end":{"line":423,"column":null}},"185":{"start":{"line":423,"column":65},"end":{"line":423,"column":null}},"186":{"start":{"line":424,"column":6},"end":{"line":424,"column":null}},"187":{"start":{"line":425,"column":4},"end":{"line":425,"column":null}},"188":{"start":{"line":427,"column":4},"end":{"line":427,"column":null}},"189":{"start":{"line":428,"column":2},"end":{"line":428,"column":null}},"190":{"start":{"line":431,"column":31},"end":{"line":434,"column":null}},"191":{"start":{"line":431,"column":46},"end":{"line":431,"column":null}},"192":{"start":{"line":432,"column":10},"end":{"line":432,"column":null}},"193":{"start":{"line":432,"column":40},"end":{"line":432,"column":null}},"194":{"start":{"line":433,"column":4},"end":{"line":433,"column":null}},"195":{"start":{"line":434,"column":2},"end":{"line":434,"column":null}},"196":{"start":{"line":436,"column":2},"end":{"line":517,"column":null}},"197":{"start":{"line":455,"column":8},"end":{"line":455,"column":9}},"198":{"start":{"line":455,"column":8},"end":{"line":494,"column":null}},"199":{"start":{"line":458,"column":27},"end":{"line":458,"column":29}},"200":{"start":{"line":458,"column":27},"end":{"line":458,"column":null}},"201":{"start":{"line":460,"column":14},"end":{"line":460,"column":15}},"202":{"start":{"line":460,"column":14},"end":{"line":467,"column":null}},"203":{"start":{"line":471,"column":27},"end":{"line":471,"column":28}},"204":{"start":{"line":471,"column":27},"end":{"line":471,"column":null}},"205":{"start":{"line":473,"column":14},"end":{"line":473,"column":15}},"206":{"start":{"line":473,"column":14},"end":{"line":492,"column":null}},"207":{"start":{"line":480,"column":18},"end":{"line":480,"column":19}},"208":{"start":{"line":480,"column":18},"end":{"line":489,"column":null}},"209":{"start":{"line":485,"column":38},"end":{"line":485,"column":null}},"210":{"start":{"line":486,"column":24},"end":{"line":486,"column":null}},"211":{"start":{"line":501,"column":27},"end":{"line":501,"column":null}},"212":{"start":{"line":503,"column":14},"end":{"line":503,"column":null}}},"fnMap":{"0":{"name":"(anonymous_0)","decl":{"start":{"line":15,"column":2},"end":{"line":15,"column":null}},"loc":{"start":{"line":15,"column":2},"end":{"line":15,"column":null}},"line":15},"1":{"name":"(anonymous_1)","decl":{"start":{"line":68,"column":20},"end":{"line":68,"column":21}},"loc":{"start":{"line":68,"column":68},"end":{"line":78,"column":null}},"line":68},"2":{"name":"(anonymous_2)","decl":{"start":{"line":69,"column":12},"end":{"line":69,"column":18}},"loc":{"start":{"line":69,"column":18},"end":{"line":77,"column":5}},"line":69},"3":{"name":"(anonymous_3)","decl":{"start":{"line":74,"column":11},"end":{"line":74,"column":17}},"loc":{"start":{"line":74,"column":17},"end":{"line":76,"column":null}},"line":74},"4":{"name":"DimensionVoteSlider","decl":{"start":{"line":81,"column":9},"end":{"line":81,"column":29}},"loc":{"start":{"line":91,"column":3},"end":{"line":121,"column":null}},"line":91},"5":{"name":"(anonymous_5)","decl":{"start":{"line":114,"column":19},"end":{"line":114,"column":32}},"loc":{"start":{"line":114,"column":32},"end":{"line":117,"column":null}},"line":114},"6":{"name":"Branch","decl":{"start":{"line":124,"column":9},"end":{"line":124,"column":16}},"loc":{"start":{"line":138,"column":3},"end":{"line":265,"column":null}},"line":138},"7":{"name":"(anonymous_7)","decl":{"start":{"line":145,"column":28},"end":{"line":145,"column":29}},"loc":{"start":{"line":145,"column":43},"end":{"line":145,"column":61}},"line":145},"8":{"name":"(anonymous_8)","decl":{"start":{"line":154,"column":23},"end":{"line":154,"column":29}},"loc":{"start":{"line":154,"column":29},"end":{"line":159,"column":null}},"line":154},"9":{"name":"(anonymous_9)","decl":{"start":{"line":170,"column":15},"end":{"line":170,"column":40}},"loc":{"start":{"line":170,"column":40},"end":{"line":176,"column":null}},"line":170},"10":{"name":"(anonymous_10)","decl":{"start":{"line":240,"column":20},"end":{"line":240,"column":26}},"loc":{"start":{"line":240,"column":26},"end":{"line":242,"column":null}},"line":240},"11":{"name":"(anonymous_11)","decl":{"start":{"line":248,"column":33},"end":{"line":248,"column":null}},"loc":{"start":{"line":249,"column":18},"end":{"line":256,"column":null}},"line":249},"12":{"name":"(anonymous_12)","decl":{"start":{"line":253,"column":28},"end":{"line":253,"column":29}},"loc":{"start":{"line":253,"column":52},"end":{"line":255,"column":null}},"line":253},"13":{"name":"ThreadedConversation","decl":{"start":{"line":268,"column":16},"end":{"line":268,"column":37}},"loc":{"start":{"line":268,"column":69},"end":{"line":519,"column":null}},"line":268},"14":{"name":"(anonymous_14)","decl":{"start":{"line":275,"column":14},"end":{"line":275,"column":20}},"loc":{"start":{"line":275,"column":20},"end":{"line":284,"column":5}},"line":275},"15":{"name":"(anonymous_15)","decl":{"start":{"line":290,"column":21},"end":{"line":290,"column":22}},"loc":{"start":{"line":290,"column":79},"end":{"line":325,"column":null}},"line":290},"16":{"name":"(anonymous_16)","decl":{"start":{"line":292,"column":55},"end":{"line":292,"column":66}},"loc":{"start":{"line":292,"column":66},"end":{"line":319,"column":5}},"line":292},"17":{"name":"(anonymous_17)","decl":{"start":{"line":296,"column":11},"end":{"line":296,"column":20}},"loc":{"start":{"line":296,"column":20},"end":{"line":296,"column":null}},"line":296},"18":{"name":"(anonymous_18)","decl":{"start":{"line":328,"column":30},"end":{"line":328,"column":51}},"loc":{"start":{"line":328,"column":51},"end":{"line":355,"column":null}},"line":328},"19":{"name":"(anonymous_19)","decl":{"start":{"line":330,"column":55},"end":{"line":330,"column":66}},"loc":{"start":{"line":330,"column":66},"end":{"line":344,"column":5}},"line":330},"20":{"name":"(anonymous_20)","decl":{"start":{"line":358,"column":35},"end":{"line":358,"column":41}},"loc":{"start":{"line":358,"column":41},"end":{"line":383,"column":null}},"line":358},"21":{"name":"(anonymous_21)","decl":{"start":{"line":361,"column":7},"end":{"line":361,"column":18}},"loc":{"start":{"line":361,"column":18},"end":{"line":361,"column":null}},"line":361},"22":{"name":"(anonymous_22)","decl":{"start":{"line":373,"column":34},"end":{"line":373,"column":45}},"loc":{"start":{"line":373,"column":45},"end":{"line":379,"column":5}},"line":373},"23":{"name":"(anonymous_23)","decl":{"start":{"line":386,"column":32},"end":{"line":386,"column":71}},"loc":{"start":{"line":386,"column":71},"end":{"line":392,"column":null}},"line":386},"24":{"name":"(anonymous_24)","decl":{"start":{"line":391,"column":31},"end":{"line":391,"column":32}},"loc":{"start":{"line":391,"column":46},"end":{"line":391,"column":64}},"line":391},"25":{"name":"(anonymous_25)","decl":{"start":{"line":395,"column":32},"end":{"line":395,"column":68}},"loc":{"start":{"line":395,"column":68},"end":{"line":398,"column":null}},"line":395},"26":{"name":"(anonymous_26)","decl":{"start":{"line":396,"column":47},"end":{"line":396,"column":53}},"loc":{"start":{"line":396,"column":53},"end":{"line":396,"column":70}},"line":396},"27":{"name":"organizeBranches","decl":{"start":{"line":401,"column":11},"end":{"line":401,"column":28}},"loc":{"start":{"line":401,"column":84},"end":{"line":428,"column":null}},"line":401},"28":{"name":"(anonymous_28)","decl":{"start":{"line":403,"column":42},"end":{"line":403,"column":48}},"loc":{"start":{"line":403,"column":48},"end":{"line":403,"column":67}},"line":403},"29":{"name":"(anonymous_29)","decl":{"start":{"line":409,"column":60},"end":{"line":409,"column":66}},"loc":{"start":{"line":409,"column":66},"end":{"line":409,"column":78}},"line":409},"30":{"name":"(anonymous_30)","decl":{"start":{"line":413,"column":9},"end":{"line":413,"column":15}},"loc":{"start":{"line":413,"column":15},"end":{"line":413,"column":null}},"line":413},"31":{"name":"(anonymous_31)","decl":{"start":{"line":423,"column":47},"end":{"line":423,"column":53}},"loc":{"start":{"line":423,"column":53},"end":{"line":423,"column":65}},"line":423},"32":{"name":"(anonymous_32)","decl":{"start":{"line":431,"column":31},"end":{"line":431,"column":46}},"loc":{"start":{"line":431,"column":46},"end":{"line":434,"column":null}},"line":431},"33":{"name":"(anonymous_33)","decl":{"start":{"line":454,"column":29},"end":{"line":454,"column":30}},"loc":{"start":{"line":455,"column":8},"end":{"line":493,"column":null}},"line":455},"34":{"name":"(anonymous_34)","decl":{"start":{"line":458,"column":21},"end":{"line":458,"column":27}},"loc":{"start":{"line":458,"column":27},"end":{"line":458,"column":39}},"line":458},"35":{"name":"(anonymous_35)","decl":{"start":{"line":459,"column":18},"end":{"line":459,"column":null}},"loc":{"start":{"line":460,"column":14},"end":{"line":466,"column":null}},"line":460},"36":{"name":"(anonymous_36)","decl":{"start":{"line":471,"column":21},"end":{"line":471,"column":27}},"loc":{"start":{"line":471,"column":27},"end":{"line":471,"column":55}},"line":471},"37":{"name":"(anonymous_37)","decl":{"start":{"line":472,"column":18},"end":{"line":472,"column":null}},"loc":{"start":{"line":473,"column":14},"end":{"line":491,"column":null}},"line":473},"38":{"name":"(anonymous_38)","decl":{"start":{"line":479,"column":18},"end":{"line":479,"column":null}},"loc":{"start":{"line":480,"column":18},"end":{"line":489,"column":null}},"line":480},"39":{"name":"(anonymous_39)","decl":{"start":{"line":485,"column":32},"end":{"line":485,"column":38}},"loc":{"start":{"line":485,"column":38},"end":{"line":487,"column":null}},"line":485},"40":{"name":"(anonymous_40)","decl":{"start":{"line":501,"column":21},"end":{"line":501,"column":27}},"loc":{"start":{"line":501,"column":27},"end":{"line":504,"column":null}},"line":501}},"branchMap":{"0":{"loc":{"start":{"line":70,"column":4},"end":{"line":72,"column":null}},"type":"if","locations":[{"start":{"line":70,"column":4},"end":{"line":72,"column":null}},{"start":{"line":72,"column":4},"end":{"line":72,"column":null}}],"line":70},"1":{"loc":{"start":{"line":84,"column":2},"end":{"line":84,"column":null}},"type":"default-arg","locations":[{"start":{"line":84,"column":2},"end":{"line":84,"column":null}}],"line":84},"2":{"loc":{"start":{"line":127,"column":2},"end":{"line":127,"column":null}},"type":"default-arg","locations":[{"start":{"line":127,"column":2},"end":{"line":127,"column":null}}],"line":127},"3":{"loc":{"start":{"line":144,"column":4},"end":{"line":146,"column":null}},"type":"cond-expr","locations":[{"start":{"line":144,"column":26},"end":{"line":145,"column":null}},{"start":{"line":145,"column":79},"end":{"line":146,"column":null}}],"line":144},"4":{"loc":{"start":{"line":156,"column":4},"end":{"line":158,"column":null}},"type":"if","locations":[{"start":{"line":156,"column":4},"end":{"line":158,"column":null}},{"start":{"line":158,"column":4},"end":{"line":158,"column":null}}],"line":156},"5":{"loc":{"start":{"line":165,"column":14},"end":{"line":165,"column":null}},"type":"cond-expr","locations":[{"start":{"line":165,"column":14},"end":{"line":165,"column":36}},{"start":{"line":165,"column":29},"end":{"line":165,"column":null}}],"line":165},"6":{"loc":{"start":{"line":166,"column":15},"end":{"line":166,"column":null}},"type":"cond-expr","locations":[{"start":{"line":166,"column":15},"end":{"line":166,"column":37}},{"start":{"line":166,"column":30},"end":{"line":166,"column":null}}],"line":166},"7":{"loc":{"start":{"line":171,"column":22},"end":{"line":171,"column":null}},"type":"cond-expr","locations":[{"start":{"line":171,"column":22},"end":{"line":171,"column":79}},{"start":{"line":171,"column":74},"end":{"line":171,"column":null}}],"line":171},"8":{"loc":{"start":{"line":172,"column":19},"end":{"line":172,"column":null}},"type":"cond-expr","locations":[{"start":{"line":172,"column":33},"end":{"line":172,"column":52}},{"start":{"line":172,"column":46},"end":{"line":172,"column":null}}],"line":172},"9":{"loc":{"start":{"line":172,"column":19},"end":{"line":172,"column":46}},"type":"binary-expr","locations":[{"start":{"line":172,"column":19},"end":{"line":172,"column":32}},{"start":{"line":172,"column":20},"end":{"line":172,"column":46}}],"line":172},"10":{"loc":{"start":{"line":173,"column":27},"end":{"line":173,"column":null}},"type":"cond-expr","locations":[{"start":{"line":173,"column":27},"end":{"line":173,"column":65}},{"start":{"line":173,"column":61},"end":{"line":173,"column":null}}],"line":173},"11":{"loc":{"start":{"line":174,"column":20},"end":{"line":174,"column":null}},"type":"cond-expr","locations":[{"start":{"line":174,"column":20},"end":{"line":174,"column":44}},{"start":{"line":174,"column":35},"end":{"line":174,"column":null}}],"line":174},"12":{"loc":{"start":{"line":175,"column":22},"end":{"line":175,"column":null}},"type":"cond-expr","locations":[{"start":{"line":175,"column":22},"end":{"line":175,"column":41}},{"start":{"line":175,"column":37},"end":{"line":175,"column":null}}],"line":175},"13":{"loc":{"start":{"line":181,"column":67},"end":{"line":181,"column":null}},"type":"cond-expr","locations":[{"start":{"line":181,"column":74},"end":{"line":181,"column":90}},{"start":{"line":181,"column":81},"end":{"line":181,"column":null}}],"line":181},"14":{"loc":{"start":{"line":190,"column":15},"end":{"line":194,"column":null}},"type":"cond-expr","locations":[{"start":{"line":190,"column":22},"end":{"line":193,"column":null}},{"start":{"line":193,"column":16},"end":{"line":194,"column":null}}],"line":190},"15":{"loc":{"start":{"line":195,"column":15},"end":{"line":199,"column":null}},"type":"cond-expr","locations":[{"start":{"line":195,"column":15},"end":{"line":198,"column":null}},{"start":{"line":198,"column":16},"end":{"line":199,"column":null}}],"line":195},"16":{"loc":{"start":{"line":200,"column":15},"end":{"line":204,"column":null}},"type":"cond-expr","locations":[{"start":{"line":200,"column":30},"end":{"line":203,"column":null}},{"start":{"line":203,"column":16},"end":{"line":204,"column":null}}],"line":200},"17":{"loc":{"start":{"line":200,"column":15},"end":{"line":200,"column":null}},"type":"binary-expr","locations":[{"start":{"line":200,"column":15},"end":{"line":200,"column":30}},{"start":{"line":200,"column":16},"end":{"line":200,"column":null}}],"line":200},"18":{"loc":{"start":{"line":212,"column":14},"end":{"line":216,"column":null}},"type":"cond-expr","locations":[{"start":{"line":212,"column":29},"end":{"line":213,"column":null}},{"start":{"line":213,"column":39},"end":{"line":216,"column":null}}],"line":212},"19":{"loc":{"start":{"line":214,"column":18},"end":{"line":216,"column":null}},"type":"cond-expr","locations":[{"start":{"line":214,"column":33},"end":{"line":215,"column":null}},{"start":{"line":215,"column":41},"end":{"line":216,"column":null}}],"line":214},"20":{"loc":{"start":{"line":218,"column":19},"end":{"line":218,"column":null}},"type":"cond-expr","locations":[{"start":{"line":218,"column":34},"end":{"line":218,"column":48}},{"start":{"line":218,"column":38},"end":{"line":218,"column":null}}],"line":218},"21":{"loc":{"start":{"line":218,"column":48},"end":{"line":218,"column":null}},"type":"cond-expr","locations":[{"start":{"line":218,"column":63},"end":{"line":218,"column":75}},{"start":{"line":218,"column":67},"end":{"line":218,"column":null}}],"line":218},"22":{"loc":{"start":{"line":223,"column":11},"end":{"line":228,"column":null}},"type":"binary-expr","locations":[{"start":{"line":223,"column":11},"end":{"line":223,"column":null}},{"start":{"line":223,"column":12},"end":{"line":228,"column":null}}],"line":223},"23":{"loc":{"start":{"line":233,"column":18},"end":{"line":233,"column":46}},"type":"cond-expr","locations":[{"start":{"line":233,"column":18},"end":{"line":233,"column":40}},{"start":{"line":233,"column":33},"end":{"line":233,"column":46}}],"line":233},"24":{"loc":{"start":{"line":237,"column":7},"end":{"line":261,"column":null}},"type":"binary-expr","locations":[{"start":{"line":237,"column":7},"end":{"line":237,"column":null}},{"start":{"line":237,"column":8},"end":{"line":261,"column":null}}],"line":237},"25":{"loc":{"start":{"line":239,"column":17},"end":{"line":239,"column":null}},"type":"cond-expr","locations":[{"start":{"line":239,"column":17},"end":{"line":239,"column":38}},{"start":{"line":239,"column":28},"end":{"line":239,"column":null}}],"line":239},"26":{"loc":{"start":{"line":271,"column":4},"end":{"line":271,"column":null}},"type":"binary-expr","locations":[{"start":{"line":271,"column":4},"end":{"line":271,"column":29}},{"start":{"line":271,"column":11},"end":{"line":271,"column":null}}],"line":271},"27":{"loc":{"start":{"line":276,"column":4},"end":{"line":283,"column":null}},"type":"if","locations":[{"start":{"line":276,"column":4},"end":{"line":283,"column":null}},{"start":{"line":278,"column":4},"end":{"line":283,"column":null}}],"line":276},"28":{"loc":{"start":{"line":276,"column":8},"end":{"line":276,"column":71}},"type":"binary-expr","locations":[{"start":{"line":276,"column":8},"end":{"line":276,"column":43}},{"start":{"line":276,"column":35},"end":{"line":276,"column":71}}],"line":276},"29":{"loc":{"start":{"line":278,"column":4},"end":{"line":283,"column":null}},"type":"if","locations":[{"start":{"line":278,"column":4},"end":{"line":283,"column":null}},{"start":{"line":283,"column":4},"end":{"line":283,"column":null}}],"line":278},"30":{"loc":{"start":{"line":293,"column":6},"end":{"line":317,"column":null}},"type":"if","locations":[{"start":{"line":293,"column":6},"end":{"line":317,"column":null}},{"start":{"line":317,"column":6},"end":{"line":317,"column":null}}],"line":293},"31":{"loc":{"start":{"line":296,"column":20},"end":{"line":296,"column":null}},"type":"binary-expr","locations":[{"start":{"line":296,"column":20},"end":{"line":296,"column":54}},{"start":{"line":296,"column":39},"end":{"line":296,"column":null}}],"line":296},"32":{"loc":{"start":{"line":299,"column":8},"end":{"line":310,"column":null}},"type":"if","locations":[{"start":{"line":299,"column":8},"end":{"line":310,"column":null}},{"start":{"line":310,"column":8},"end":{"line":310,"column":null}}],"line":299},"33":{"loc":{"start":{"line":303,"column":10},"end":{"line":308,"column":null}},"type":"if","locations":[{"start":{"line":303,"column":10},"end":{"line":308,"column":null}},{"start":{"line":308,"column":10},"end":{"line":308,"column":null}}],"line":303},"34":{"loc":{"start":{"line":331,"column":6},"end":{"line":342,"column":null}},"type":"if","locations":[{"start":{"line":331,"column":6},"end":{"line":342,"column":null}},{"start":{"line":333,"column":6},"end":{"line":342,"column":null}}],"line":331},"35":{"loc":{"start":{"line":333,"column":6},"end":{"line":342,"column":null}},"type":"if","locations":[{"start":{"line":333,"column":6},"end":{"line":342,"column":null}},{"start":{"line":342,"column":6},"end":{"line":342,"column":null}}],"line":333},"36":{"loc":{"start":{"line":340,"column":20},"end":{"line":340,"column":null}},"type":"binary-expr","locations":[{"start":{"line":340,"column":20},"end":{"line":340,"column":43}},{"start":{"line":340,"column":21},"end":{"line":340,"column":null}}],"line":340},"37":{"loc":{"start":{"line":352,"column":4},"end":{"line":354,"column":null}},"type":"if","locations":[{"start":{"line":352,"column":4},"end":{"line":354,"column":null}},{"start":{"line":354,"column":4},"end":{"line":354,"column":null}}],"line":352},"38":{"loc":{"start":{"line":361,"column":18},"end":{"line":361,"column":null}},"type":"binary-expr","locations":[{"start":{"line":361,"column":18},"end":{"line":361,"column":40}},{"start":{"line":361,"column":26},"end":{"line":361,"column":60}},{"start":{"line":361,"column":48},"end":{"line":361,"column":null}}],"line":361},"39":{"loc":{"start":{"line":365,"column":4},"end":{"line":367,"column":null}},"type":"if","locations":[{"start":{"line":365,"column":4},"end":{"line":367,"column":null}},{"start":{"line":367,"column":4},"end":{"line":367,"column":null}}],"line":365},"40":{"loc":{"start":{"line":365,"column":8},"end":{"line":365,"column":59}},"type":"binary-expr","locations":[{"start":{"line":365,"column":8},"end":{"line":365,"column":45}},{"start":{"line":365,"column":40},"end":{"line":365,"column":59}}],"line":365},"41":{"loc":{"start":{"line":375,"column":6},"end":{"line":378,"column":null}},"type":"if","locations":[{"start":{"line":375,"column":6},"end":{"line":378,"column":null}},{"start":{"line":378,"column":6},"end":{"line":378,"column":null}}],"line":375},"42":{"loc":{"start":{"line":387,"column":4},"end":{"line":389,"column":null}},"type":"if","locations":[{"start":{"line":387,"column":4},"end":{"line":389,"column":null}},{"start":{"line":389,"column":4},"end":{"line":389,"column":null}}],"line":387},"43":{"loc":{"start":{"line":397,"column":11},"end":{"line":397,"column":null}},"type":"cond-expr","locations":[{"start":{"line":397,"column":11},"end":{"line":397,"column":38}},{"start":{"line":397,"column":27},"end":{"line":397,"column":null}}],"line":397},"44":{"loc":{"start":{"line":409,"column":41},"end":{"line":409,"column":null}},"type":"binary-expr","locations":[{"start":{"line":409,"column":41},"end":{"line":409,"column":87}},{"start":{"line":409,"column":81},"end":{"line":409,"column":null}}],"line":409},"45":{"loc":{"start":{"line":413,"column":15},"end":{"line":413,"column":null}},"type":"binary-expr","locations":[{"start":{"line":413,"column":15},"end":{"line":413,"column":50}},{"start":{"line":413,"column":50},"end":{"line":413,"column":65}},{"start":{"line":413,"column":53},"end":{"line":413,"column":null}}],"line":413},"46":{"loc":{"start":{"line":416,"column":6},"end":{"line":418,"column":null}},"type":"if","locations":[{"start":{"line":416,"column":6},"end":{"line":418,"column":null}},{"start":{"line":418,"column":6},"end":{"line":418,"column":null}}],"line":416},"47":{"loc":{"start":{"line":424,"column":24},"end":{"line":424,"column":null}},"type":"binary-expr","locations":[{"start":{"line":424,"column":24},"end":{"line":424,"column":44}},{"start":{"line":424,"column":38},"end":{"line":424,"column":null}}],"line":424},"48":{"loc":{"start":{"line":443,"column":11},"end":{"line":449,"column":null}},"type":"binary-expr","locations":[{"start":{"line":443,"column":11},"end":{"line":443,"column":null}},{"start":{"line":443,"column":38},"end":{"line":449,"column":null}}],"line":443},"49":{"loc":{"start":{"line":455,"column":48},"end":{"line":455,"column":null}},"type":"cond-expr","locations":[{"start":{"line":455,"column":56},"end":{"line":455,"column":65}},{"start":{"line":455,"column":60},"end":{"line":455,"column":null}}],"line":455},"50":{"loc":{"start":{"line":471,"column":27},"end":{"line":471,"column":null}},"type":"binary-expr","locations":[{"start":{"line":471,"column":27},"end":{"line":471,"column":44}},{"start":{"line":471,"column":30},"end":{"line":471,"column":55}}],"line":471},"51":{"loc":{"start":{"line":496,"column":7},"end":{"line":515,"column":null}},"type":"binary-expr","locations":[{"start":{"line":496,"column":7},"end":{"line":496,"column":null}},{"start":{"line":496,"column":39},"end":{"line":515,"column":null}}],"line":496}},"s":{"0":1,"1":1,"2":1,"3":5,"4":5,"5":5,"6":5,"7":0,"8":0,"9":5,"10":5,"11":5,"12":5,"13":5,"14":5,"15":10,"16":10,"17":10,"18":10,"19":0,"20":0,"21":0,"22":0,"23":17,"24":17,"25":17,"26":17,"27":12,"28":12,"29":17,"30":17,"31":17,"32":0,"33":0,"34":0,"35":0,"36":0,"37":0,"38":0,"39":17,"40":17,"41":0,"42":0,"43":0,"44":0,"45":10,"46":10,"47":0,"48":0,"49":5,"50":5,"51":5,"52":5,"53":5,"54":2,"55":2,"56":1,"57":1,"58":1,"59":1,"60":1,"61":1,"62":1,"63":1,"64":0,"65":5,"66":5,"67":5,"68":0,"69":0,"70":0,"71":0,"72":0,"73":0,"74":0,"75":0,"76":0,"77":0,"78":0,"79":0,"80":0,"81":0,"82":0,"83":0,"84":0,"85":0,"86":0,"87":0,"88":0,"89":0,"90":0,"91":0,"92":0,"93":5,"94":5,"95":2,"96":2,"97":6,"98":6,"99":2,"100":2,"101":4,"102":4,"103":2,"104":2,"105":2,"106":2,"107":2,"108":2,"109":2,"110":2,"111":2,"112":2,"113":2,"114":2,"115":0,"116":5,"117":5,"118":2,"119":2,"120":6,"121":6,"122":2,"123":2,"124":2,"125":0,"126":0,"127":2,"128":2,"129":2,"130":2,"131":2,"132":4,"133":4,"134":4,"135":4,"136":0,"137":0,"138":0,"139":0,"140":4,"141":2,"142":2,"143":5,"144":5,"145":8,"146":8,"147":0,"148":0,"149":8,"150":8,"151":8,"152":8,"153":5,"154":5,"155":4,"156":4,"157":8,"158":8,"159":4,"160":4,"161":5,"162":5,"163":5,"164":15,"165":15,"166":5,"167":5,"168":5,"169":5,"170":5,"171":5,"172":5,"173":7,"174":21,"175":21,"176":7,"177":7,"178":2,"179":2,"180":5,"181":5,"182":5,"183":8,"184":8,"185":5,"186":5,"187":5,"188":5,"189":5,"190":5,"191":5,"192":5,"193":5,"194":5,"195":5,"196":5,"197":10,"198":10,"199":13,"200":13,"201":7,"202":7,"203":13,"204":13,"205":6,"206":6,"207":10,"208":10,"209":0,"210":0,"211":0,"212":0},"f":{"0":1213,"1":5,"2":5,"3":5,"4":10,"5":0,"6":17,"7":12,"8":0,"9":0,"10":0,"11":10,"12":0,"13":5,"14":2,"15":0,"16":0,"17":0,"18":2,"19":6,"20":2,"21":6,"22":4,"23":8,"24":8,"25":4,"26":8,"27":5,"28":15,"29":5,"30":21,"31":8,"32":5,"33":10,"34":13,"35":7,"36":13,"37":6,"38":10,"39":0,"40":0},"b":{"0":[0,5],"1":[10],"2":[17],"3":[12,5],"4":[0,0],"5":[7,10],"6":[7,10],"7":[0,0],"8":[0,0],"9":[0,0],"10":[0,0],"11":[0,0],"12":[0,0],"13":[0,17],"14":[0,17],"15":[7,10],"16":[10,7],"17":[17,10],"18":[7,10],"19":[5,5],"20":[7,10],"21":[5,5],"22":[17,10],"23":[7,10],"24":[17,10],"25":[0,10],"26":[5,0],"27":[1,1],"28":[2,2],"29":[1,0],"30":[0,0],"31":[0,0],"32":[0,0],"33":[0,0],"34":[2,4],"35":[2,2],"36":[2,2],"37":[2,0],"38":[6,4,4],"39":[0,2],"40":[2,2],"41":[0,4],"42":[0,8],"43":[4,0],"44":[5,0],"45":[21,10,2],"46":[2,5],"47":[5,3],"48":[5,5],"49":[5,5],"50":[13,6],"51":[5,5]},"meta":{"lastBranch":52,"lastFunction":41,"lastStatement":213,"seen":{"s:15:2:15:Infinity":0,"f:15:2:15:Infinity":0,"s:27:7:27:Infinity":1,"s:68:20:78:Infinity":2,"f:68:20:68:21":1,"s:68:68:68:Infinity":3,"s:69:2:77:Infinity":4,"f:69:12:69:18":2,"s:69:18:69:Infinity":5,"b:70:4:72:Infinity:72:4:72:Infinity":0,"s:70:4:72:Infinity":6,"s:70:24:70:Infinity":7,"s:71:6:71:Infinity":8,"s:72:4:72:Infinity":9,"s:73:10:73:Infinity":10,"s:73:42:73:Infinity":11,"s:74:4:76:Infinity":12,"f:74:11:74:17":3,"s:74:17:74:Infinity":13,"s:75:6:75:Infinity":14,"f:81:9:81:29":4,"b:84:2:84:Infinity":1,"s:91:3:91:Infinity":15,"s:92:24:92:Infinity":16,"s:92:49:92:Infinity":17,"s:94:2:119:Infinity":18,"f:114:19:114:32":5,"s:114:32:114:Infinity":19,"s:115:10:115:Infinity":20,"s:115:27:115:Infinity":21,"s:116:10:116:Infinity":22,"f:124:9:124:16":6,"b:127:2:127:Infinity":2,"s:138:3:138:Infinity":23,"s:139:30:139:Infinity":24,"s:140:59:140:Infinity":25,"s:143:8:146:Infinity":26,"b:144:26:145:Infinity:145:79:146:Infinity":3,"f:145:28:145:29":7,"s:145:43:145:49":27,"s:145:43:145:61":28,"s:149:8:152:Infinity":29,"s:152:3:152:Infinity":30,"s:154:23:159:Infinity":31,"f:154:23:154:29":8,"s:154:29:154:Infinity":32,"s:155:4:155:Infinity":33,"s:155:25:155:Infinity":34,"b:156:4:158:Infinity:158:4:158:Infinity":4,"s:156:4:158:Infinity":35,"s:156:18:156:Infinity":36,"s:157:6:157:Infinity":37,"s:158:4:158:Infinity":38,"s:159:2:159:Infinity":39,"s:162:2:263:Infinity":40,"b:165:14:165:36:165:29:165:Infinity":5,"b:166:15:166:37:166:30:166:Infinity":6,"f:170:15:170:40":9,"s:170:40:170:Infinity":41,"s:170:40:176:Infinity":42,"b:171:22:171:79:171:74:171:Infinity":7,"b:172:33:172:52:172:46:172:Infinity":8,"b:172:19:172:32:172:20:172:46":9,"b:173:27:173:65:173:61:173:Infinity":10,"b:174:20:174:44:174:35:174:Infinity":11,"b:175:22:175:41:175:37:175:Infinity":12,"b:181:74:181:90:181:81:181:Infinity":13,"b:190:22:193:Infinity:193:16:194:Infinity":14,"b:195:15:198:Infinity:198:16:199:Infinity":15,"b:200:30:203:Infinity:203:16:204:Infinity":16,"b:200:15:200:30:200:16:200:Infinity":17,"b:212:29:213:Infinity:213:39:216:Infinity":18,"b:214:33:215:Infinity:215:41:216:Infinity":19,"b:218:34:218:48:218:38:218:Infinity":20,"b:218:63:218:75:218:67:218:Infinity":21,"b:223:11:223:Infinity:223:12:228:Infinity":22,"b:233:18:233:40:233:33:233:46":23,"b:237:7:237:Infinity:237:8:261:Infinity":24,"b:239:17:239:38:239:28:239:Infinity":25,"f:240:20:240:26":10,"s:240:26:240:Infinity":43,"s:241:12:241:Infinity":44,"f:248:33:248:Infinity":11,"s:249:18:249:19":45,"s:249:18:257:Infinity":46,"f:253:28:253:29":12,"s:253:52:253:Infinity":47,"s:254:22:254:Infinity":48,"f:268:16:268:37":13,"s:268:69:268:Infinity":49,"s:269:38:269:Infinity":50,"s:270:58:272:Infinity":51,"b:271:4:271:29:271:11:271:Infinity":26,"s:272:2:272:Infinity":52,"s:275:2:284:Infinity":53,"f:275:14:275:20":14,"s:275:20:275:Infinity":54,"b:276:4:283:Infinity:278:4:283:Infinity":27,"s:276:4:283:Infinity":55,"b:276:8:276:43:276:35:276:71":28,"s:276:71:276:Infinity":56,"s:277:6:277:Infinity":57,"s:278:4:278:15":58,"b:278:4:283:Infinity:283:4:283:Infinity":29,"s:278:4:283:Infinity":59,"s:278:45:278:Infinity":60,"s:280:6:280:Infinity":61,"s:280:31:280:Infinity":62,"s:282:6:282:Infinity":63,"s:283:4:283:Infinity":64,"s:287:8:287:Infinity":65,"s:287:66:287:Infinity":66,"s:290:21:325:Infinity":67,"f:290:21:290:22":15,"s:290:79:290:Infinity":68,"s:292:10:319:Infinity":69,"f:292:55:292:66":16,"s:292:66:292:Infinity":70,"b:293:6:317:Infinity:317:6:317:Infinity":30,"s:293:6:317:Infinity":71,"s:293:34:293:Infinity":72,"s:295:14:297:Infinity":73,"f:296:11:296:20":17,"s:296:20:296:25":74,"s:296:20:296:Infinity":75,"b:296:20:296:54:296:39:296:Infinity":31,"s:297:8:297:Infinity":76,"b:299:8:310:Infinity:310:8:310:Infinity":32,"s:299:8:310:Infinity":77,"s:299:36:299:Infinity":78,"s:301:16:301:Infinity":79,"s:302:16:302:Infinity":80,"s:302:61:302:Infinity":81,"b:303:10:308:Infinity:308:10:308:Infinity":33,"s:303:10:308:Infinity":82,"s:303:28:303:Infinity":83,"s:304:12:307:Infinity":84,"s:308:10:308:Infinity":85,"s:309:10:309:Infinity":86,"s:310:8:310:Infinity":87,"s:313:8:316:Infinity":88,"s:317:6:317:Infinity":89,"s:318:6:318:Infinity":90,"s:319:5:319:Infinity":91,"s:321:4:324:Infinity":92,"s:325:2:325:Infinity":93,"s:328:30:355:Infinity":94,"f:328:30:328:51":18,"s:328:51:328:Infinity":95,"s:330:10:344:Infinity":96,"f:330:55:330:66":19,"s:330:66:330:Infinity":97,"b:331:6:342:Infinity:333:6:342:Infinity":34,"s:331:6:342:Infinity":98,"s:331:34:331:Infinity":99,"s:332:8:332:Infinity":100,"s:333:6:333:17":101,"b:333:6:342:Infinity:342:6:342:Infinity":35,"s:333:6:342:Infinity":102,"s:333:69:333:Infinity":103,"s:335:14:335:Infinity":104,"s:335:66:335:Infinity":105,"s:336:8:341:Infinity":106,"b:340:20:340:43:340:21:340:Infinity":36,"s:342:6:342:Infinity":107,"s:343:6:343:Infinity":108,"s:344:5:344:Infinity":109,"s:346:4:349:Infinity":110,"s:349:5:349:Infinity":111,"b:352:4:354:Infinity:354:4:354:Infinity":37,"s:352:4:354:Infinity":112,"s:352:46:352:Infinity":113,"s:353:6:353:Infinity":114,"s:354:4:354:Infinity":115,"s:355:2:355:Infinity":116,"s:358:35:383:Infinity":117,"f:358:35:358:41":20,"s:358:41:358:Infinity":118,"s:360:10:362:Infinity":119,"f:361:7:361:18":21,"s:361:18:361:19":120,"s:361:18:361:Infinity":121,"b:361:18:361:40:361:26:361:60:361:48:361:Infinity":38,"s:364:10:364:Infinity":122,"s:364:46:364:Infinity":123,"b:365:4:367:Infinity:367:4:367:Infinity":39,"s:365:4:367:Infinity":124,"b:365:8:365:45:365:40:365:59":40,"s:365:59:365:Infinity":125,"s:366:6:366:Infinity":126,"s:367:4:367:Infinity":127,"s:370:8:370:Infinity":128,"s:371:8:371:Infinity":129,"s:371:62:371:Infinity":130,"s:373:4:379:Infinity":131,"f:373:34:373:45":22,"s:373:45:373:Infinity":132,"s:374:12:374:Infinity":133,"s:374:47:374:Infinity":134,"b:375:6:378:Infinity:378:6:378:Infinity":41,"s:375:6:378:Infinity":135,"s:375:32:375:Infinity":136,"s:376:8:376:Infinity":137,"s:376:29:376:Infinity":138,"s:377:8:377:Infinity":139,"s:378:6:378:Infinity":140,"s:379:5:379:Infinity":141,"s:382:4:382:Infinity":142,"s:383:2:383:Infinity":143,"s:386:32:392:Infinity":144,"f:386:32:386:71":23,"s:386:71:386:Infinity":145,"b:387:4:389:Infinity:389:4:389:Infinity":42,"s:387:4:389:Infinity":146,"s:387:35:387:Infinity":147,"s:388:6:388:Infinity":148,"s:389:4:389:Infinity":149,"s:391:4:391:Infinity":150,"f:391:31:391:32":24,"s:391:46:391:52":151,"s:391:46:391:64":152,"s:392:2:392:Infinity":153,"s:395:32:398:Infinity":154,"f:395:32:395:68":25,"s:395:68:395:Infinity":155,"s:396:10:396:Infinity":156,"f:396:47:396:53":26,"s:396:53:396:55":157,"s:396:53:396:Infinity":158,"s:396:70:396:Infinity":159,"s:397:4:397:Infinity":160,"b:397:11:397:38:397:27:397:Infinity":43,"f:401:11:401:28":27,"s:401:84:401:Infinity":161,"s:402:10:402:44":162,"s:403:10:403:Infinity":163,"f:403:42:403:48":28,"s:403:48:403:50":164,"s:403:48:403:Infinity":165,"s:403:67:403:Infinity":166,"s:406:4:406:Infinity":167,"s:409:8:409:Infinity":168,"b:409:41:409:87:409:81:409:Infinity":44,"f:409:60:409:66":29,"s:409:66:409:68":169,"s:409:66:409:81":170,"s:409:87:409:Infinity":171,"s:411:4:425:Infinity":172,"s:412:12:414:Infinity":173,"f:413:9:413:15":30,"s:413:15:413:17":174,"s:413:15:413:Infinity":175,"b:413:15:413:50:413:50:413:65:413:53:413:Infinity":45,"s:414:6:414:Infinity":176,"b:416:6:418:Infinity:418:6:418:Infinity":46,"s:416:6:418:Infinity":177,"s:416:38:416:Infinity":178,"s:417:8:417:Infinity":179,"s:418:6:418:Infinity":180,"s:420:6:420:Infinity":181,"s:423:12:423:Infinity":182,"f:423:47:423:53":31,"s:423:53:423:55":183,"s:423:53:423:Infinity":184,"s:423:65:423:Infinity":185,"s:424:6:424:Infinity":186,"b:424:24:424:44:424:38:424:Infinity":47,"s:425:4:425:Infinity":187,"s:427:4:427:Infinity":188,"s:428:2:428:Infinity":189,"s:431:31:434:Infinity":190,"f:431:31:431:46":32,"s:431:46:431:Infinity":191,"s:432:10:432:Infinity":192,"s:432:40:432:Infinity":193,"s:433:4:433:Infinity":194,"s:434:2:434:Infinity":195,"s:436:2:517:Infinity":196,"b:443:11:443:Infinity:443:38:449:Infinity":48,"f:454:29:454:30":33,"s:455:8:455:9":197,"s:455:8:494:Infinity":198,"b:455:56:455:65:455:60:455:Infinity":49,"f:458:21:458:27":34,"s:458:27:458:29":199,"s:458:27:458:Infinity":200,"f:459:18:459:Infinity":35,"s:460:14:460:15":201,"s:460:14:467:Infinity":202,"f:471:21:471:27":36,"s:471:27:471:28":203,"s:471:27:471:Infinity":204,"b:471:27:471:44:471:30:471:55":50,"f:472:18:472:Infinity":37,"s:473:14:473:15":205,"s:473:14:492:Infinity":206,"f:479:18:479:Infinity":38,"s:480:18:480:19":207,"s:480:18:489:Infinity":208,"f:485:32:485:38":39,"s:485:38:485:Infinity":209,"s:486:24:486:Infinity":210,"b:496:7:496:Infinity:496:39:515:Infinity":51,"f:501:21:501:27":40,"s:501:27:501:Infinity":211,"s:503:14:503:Infinity":212}}}
,"/home/runner/work/tiny-congress/tiny-congress/web/src/components/Welcome/Welcome.module.css": {"path":"/home/runner/work/tiny-congress/tiny-congress/web/src/components/Welcome/Welcome.module.css","statementMap":{},"fnMap":{},"branchMap":{},"s":{},"f":{},"b":{},"meta":{"lastBranch":0,"lastFunction":0,"lastStatement":0,"seen":{}}}
,"/home/runner/work/tiny-congress/tiny-congress/web/src/components/Welcome/Welcome.tsx": {"path":"/home/runner/work/tiny-congress/tiny-congress/web/src/components/Welcome/Welcome.tsx","statementMap":{"0":{"start":{"line":9,"column":6},"end":{"line":9,"column":7}},"1":{"start":{"line":6,"column":26},"end":{"line":6,"column":null}},"2":{"start":{"line":7,"column":2},"end":{"line":23,"column":null}}},"fnMap":{"0":{"name":"(anonymous_0)","decl":{"start":{"line":9,"column":6},"end":{"line":9,"column":7}},"loc":{"start":{"line":9,"column":6},"end":{"line":9,"column":7}},"line":9},"1":{"name":"Welcome","decl":{"start":{"line":6,"column":16},"end":{"line":6,"column":26}},"loc":{"start":{"line":6,"column":26},"end":{"line":25,"column":null}},"line":6}},"branchMap":{},"s":{"0":1,"1":1,"2":1},"f":{"0":2,"1":1},"b":{},"meta":{"lastBranch":0,"lastFunction":2,"lastStatement":3,"seen":{"s:9:6:9:7":0,"f:9:6:9:7":0,"f:6:16:6:26":1,"s:6:26:6:Infinity":1,"s:7:2:23:Infinity":2}}}
,"/home/runner/work/tiny-congress/tiny-congress/web/src/features/identity/index.ts": {"path":"/home/runner/work/tiny-congress/tiny-congress/web/src/features/identity/index.ts","statementMap":{},"fnMap":{},"branchMap":{},"s":{},"f":{},"b":{},"meta":{"lastBranch":0,"lastFunction":0,"lastStatement":0,"seen":{}}}
,"/home/runner/work/tiny-congress/tiny-congress/web/src/features/identity/api/client.ts": {"path":"/home/runner/work/tiny-congress/tiny-congress/web/src/features/identity/api/client.ts","statementMap":{"0":{"start":{"line":42,"column":4},"end":{"line":42,"column":null}},"1":{"start":{"line":7,"column":0},"end":{"line":7,"column":null}},"2":{"start":{"line":8,"column":3},"end":{"line":28,"column":null}},"3":{"start":{"line":29,"column":2},"end":{"line":29,"column":null}},"4":{"start":{"line":32,"column":8},"end":{"line":32,"column":32}},"5":{"start":{"line":32,"column":32},"end":{"line":32,"column":null}},"6":{"start":{"line":33,"column":2},"end":{"line":33,"column":null}},"7":{"start":{"line":33,"column":24},"end":{"line":40,"column":null}},"8":{"start":{"line":34,"column":4},"end":{"line":34,"column":50}},"9":{"start":{"line":34,"column":50},"end":{"line":34,"column":null}},"10":{"start":{"line":35,"column":4},"end":{"line":35,"column":39}},"11":{"start":{"line":35,"column":39},"end":{"line":38,"column":null}},"12":{"start":{"line":35,"column":39},"end":{"line":35,"column":null}},"13":{"start":{"line":36,"column":6},"end":{"line":36,"column":null}},"14":{"start":{"line":37,"column":5},"end":{"line":37,"column":null}},"15":{"start":{"line":38,"column":2},"end":{"line":38,"column":null}},"16":{"start":{"line":41,"column":7},"end":{"line":43,"column":null}},"17":{"start":{"line":45,"column":2},"end":{"line":45,"column":null}},"18":{"start":{"line":45,"column":20},"end":{"line":55,"column":null}},"19":{"start":{"line":46,"column":4},"end":{"line":46,"column":40}},"20":{"start":{"line":46,"column":47},"end":{"line":46,"column":null}},"21":{"start":{"line":47,"column":4},"end":{"line":47,"column":null}},"22":{"start":{"line":47,"column":8},"end":{"line":52,"column":null}},"23":{"start":{"line":48,"column":6},"end":{"line":48,"column":null}},"24":{"start":{"line":49,"column":4},"end":{"line":51,"column":null}},"25":{"start":{"line":53,"column":80},"end":{"line":53,"column":null}},"26":{"start":{"line":54,"column":4},"end":{"line":54,"column":null}},"27":{"start":{"line":55,"column":2},"end":{"line":55,"column":null}},"28":{"start":{"line":57,"column":2},"end":{"line":57,"column":null}},"29":{"start":{"line":58,"column":0},"end":{"line":58,"column":null}},"30":{"start":{"line":62,"column":78},"end":{"line":62,"column":null}},"31":{"start":{"line":63,"column":2},"end":{"line":63,"column":null}},"32":{"start":{"line":64,"column":4},"end":{"line":67,"column":null}}},"fnMap":{"0":{"name":"(anonymous_0)","decl":{"start":{"line":42,"column":4},"end":{"line":42,"column":null}},"loc":{"start":{"line":42,"column":4},"end":{"line":42,"column":null}},"line":42},"1":{"name":"fetchJson","decl":{"start":{"line":28,"column":77},"end":{"line":28,"column":null}},"loc":{"start":{"line":28,"column":77},"end":{"line":62,"column":78}},"line":28},"2":{"name":"(anonymous_2)","decl":{"start":{"line":35,"column":39},"end":{"line":35,"column":null}},"loc":{"start":{"line":35,"column":39},"end":{"line":38,"column":null}},"line":35}},"branchMap":{"0":{"loc":{"start":{"line":8,"column":3},"end":{"line":28,"column":null}},"type":"binary-expr","locations":[{"start":{"line":8,"column":3},"end":{"line":28,"column":null}},{"start":{"line":28,"column":77},"end":{"line":28,"column":null}}],"line":8},"1":{"loc":{"start":{"line":33,"column":24},"end":{"line":40,"column":null}},"type":"if","locations":[{"start":{"line":33,"column":24},"end":{"line":40,"column":null}},{"start":{"line":38,"column":2},"end":{"line":40,"column":null}}],"line":33},"2":{"loc":{"start":{"line":45,"column":20},"end":{"line":55,"column":null}},"type":"if","locations":[{"start":{"line":45,"column":20},"end":{"line":55,"column":null}},{"start":{"line":55,"column":2},"end":{"line":55,"column":null}}],"line":45},"3":{"loc":{"start":{"line":53,"column":80},"end":{"line":53,"column":null}},"type":"binary-expr","locations":[{"start":{"line":53,"column":80},"end":{"line":53,"column":null}},{"start":{"line":53,"column":80},"end":{"line":53,"column":null}}],"line":53}},"s":{"0":2,"1":2,"2":2,"3":2,"4":2,"5":2,"6":2,"7":2,"8":0,"9":0,"10":0,"11":0,"12":0,"13":0,"14":0,"15":2,"16":2,"17":2,"18":2,"19":1,"20":1,"21":1,"22":1,"23":1,"24":1,"25":1,"26":1,"27":1,"28":1,"29":1,"30":2,"31":2,"32":2},"f":{"0":33,"1":2,"2":0},"b":{"0":[2,2],"1":[0,2],"2":[1,1],"3":[1,0]},"meta":{"lastBranch":4,"lastFunction":3,"lastStatement":33,"seen":{"s:42:4:42:Infinity":0,"f:42:4:42:Infinity":0,"s:7:0:7:Infinity":1,"s:8:3:28:Infinity":2,"b:8:3:28:Infinity:28:77:28:Infinity":0,"f:28:77:28:Infinity":1,"s:29:2:29:Infinity":3,"s:32:8:32:32":4,"s:32:32:32:Infinity":5,"s:33:2:33:Infinity":6,"b:33:24:40:Infinity:38:2:40:Infinity":1,"s:33:24:40:Infinity":7,"s:34:4:34:50":8,"s:34:50:34:Infinity":9,"s:35:4:35:39":10,"s:35:39:38:Infinity":11,"f:35:39:35:Infinity":2,"s:35:39:35:Infinity":12,"s:36:6:36:Infinity":13,"s:37:5:37:Infinity":14,"s:38:2:38:Infinity":15,"s:41:7:43:Infinity":16,"s:45:2:45:Infinity":17,"b:45:20:55:Infinity:55:2:55:Infinity":2,"s:45:20:55:Infinity":18,"s:46:4:46:40":19,"s:46:47:46:Infinity":20,"s:47:4:47:Infinity":21,"s:47:8:52:Infinity":22,"s:48:6:48:Infinity":23,"s:49:4:51:Infinity":24,"s:53:80:53:Infinity":25,"b:53:80:53:Infinity:53:80:53:Infinity":3,"s:54:4:54:Infinity":26,"s:55:2:55:Infinity":27,"s:57:2:57:Infinity":28,"s:58:0:58:Infinity":29,"s:62:78:62:Infinity":30,"s:63:2:63:Infinity":31,"s:64:4:67:Infinity":32}}}
,"/home/runner/work/tiny-congress/tiny-congress/web/src/features/identity/api/index.ts": {"path":"/home/runner/work/tiny-congress/tiny-congress/web/src/features/identity/api/index.ts","statementMap":{},"fnMap":{},"branchMap":{},"s":{},"f":{},"b":{},"meta":{"lastBranch":0,"lastFunction":0,"lastStatement":0,"seen":{}}}
,"/home/runner/work/tiny-congress/tiny-congress/web/src/features/identity/api/queries.ts": {"path":"/home/runner/work/tiny-congress/tiny-congress/web/src/features/identity/api/queries.ts","statementMap":{"0":{"start":{"line":11,"column":28},"end":{"line":11,"column":null}},"1":{"start":{"line":12,"column":2},"end":{"line":14,"column":null}}},"fnMap":{"0":{"name":"useSignup","decl":{"start":{"line":11,"column":16},"end":{"line":11,"column":28}},"loc":{"start":{"line":11,"column":28},"end":{"line":15,"column":null}},"line":11}},"branchMap":{},"s":{"0":0,"1":0},"f":{"0":0},"b":{},"meta":{"lastBranch":0,"lastFunction":1,"lastStatement":2,"seen":{"f:11:16:11:28":0,"s:11:28:11:Infinity":0,"s:12:2:14:Infinity":1}}}
,"/home/runner/work/tiny-congress/tiny-congress/web/src/features/identity/components/SignupForm.tsx": {"path":"/home/runner/work/tiny-congress/tiny-congress/web/src/features/identity/components/SignupForm.tsx","statementMap":{"0":{"start":{"line":41,"column":21},"end":{"line":41,"column":22}},"1":{"start":{"line":37,"column":20},"end":{"line":37,"column":null}},"2":{"start":{"line":38,"column":2},"end":{"line":64,"column":null}},"3":{"start":{"line":38,"column":19},"end":{"line":38,"column":null}},"4":{"start":{"line":39,"column":4},"end":{"line":62,"column":null}},"5":{"start":{"line":64,"column":2},"end":{"line":64,"column":null}},"6":{"start":{"line":66,"column":2},"end":{"line":107,"column":null}},"7":{"start":{"line":83,"column":31},"end":{"line":83,"column":null}},"8":{"start":{"line":84,"column":16},"end":{"line":84,"column":null}}},"fnMap":{"0":{"name":"(anonymous_0)","decl":{"start":{"line":41,"column":21},"end":{"line":41,"column":22}},"loc":{"start":{"line":41,"column":21},"end":{"line":41,"column":22}},"line":41},"1":{"name":"SignupForm","decl":{"start":{"line":29,"column":16},"end":{"line":29,"column":27}},"loc":{"start":{"line":37,"column":20},"end":{"line":109,"column":null}},"line":37},"2":{"name":"(anonymous_2)","decl":{"start":{"line":83,"column":25},"end":{"line":83,"column":31}},"loc":{"start":{"line":83,"column":31},"end":{"line":85,"column":null}},"line":83}},"branchMap":{"0":{"loc":{"start":{"line":38,"column":2},"end":{"line":64,"column":null}},"type":"if","locations":[{"start":{"line":38,"column":2},"end":{"line":64,"column":null}},{"start":{"line":64,"column":2},"end":{"line":64,"column":null}}],"line":38},"1":{"loc":{"start":{"line":89,"column":13},"end":{"line":93,"column":null}},"type":"cond-expr","locations":[{"start":{"line":89,"column":13},"end":{"line":92,"column":null}},{"start":{"line":92,"column":14},"end":{"line":93,"column":null}}],"line":89},"2":{"loc":{"start":{"line":97,"column":17},"end":{"line":97,"column":null}},"type":"binary-expr","locations":[{"start":{"line":97,"column":17},"end":{"line":97,"column":32}},{"start":{"line":97,"column":17},"end":{"line":97,"column":null}}],"line":97}},"s":{"0":1,"1":19,"2":19,"3":1,"4":1,"5":18,"6":18,"7":12,"8":12},"f":{"0":152,"1":19,"2":12},"b":{"0":[1,18],"1":[9,9],"2":[19,16]},"meta":{"lastBranch":3,"lastFunction":3,"lastStatement":9,"seen":{"s:41:21:41:22":0,"f:41:21:41:22":0,"f:29:16:29:27":1,"s:37:20:37:Infinity":1,"b:38:2:64:Infinity:64:2:64:Infinity":0,"s:38:2:64:Infinity":2,"s:38:19:38:Infinity":3,"s:39:4:62:Infinity":4,"s:64:2:64:Infinity":5,"s:66:2:107:Infinity":6,"f:83:25:83:31":2,"s:83:31:83:Infinity":7,"s:84:16:84:Infinity":8,"b:89:13:92:Infinity:92:14:93:Infinity":1,"b:97:17:97:32:97:17:97:Infinity":2}}}
,"/home/runner/work/tiny-congress/tiny-congress/web/src/features/identity/components/index.ts": {"path":"/home/runner/work/tiny-congress/tiny-congress/web/src/features/identity/components/index.ts","statementMap":{},"fnMap":{},"branchMap":{},"s":{},"f":{},"b":{},"meta":{"lastBranch":0,"lastFunction":0,"lastStatement":0,"seen":{}}}
,"/home/runner/work/tiny-congress/tiny-congress/web/src/features/identity/keys/crypto.ts": {"path":"/home/runner/work/tiny-congress/tiny-congress/web/src/features/identity/keys/crypto.ts","statementMap":{"0":{"start":{"line":18,"column":63},"end":{"line":18,"column":null}},"1":{"start":{"line":19,"column":31},"end":{"line":19,"column":null}},"2":{"start":{"line":20,"column":8},"end":{"line":20,"column":null}},"3":{"start":{"line":20,"column":41},"end":{"line":20,"column":null}},"4":{"start":{"line":22,"column":2},"end":{"line":22,"column":null}}},"fnMap":{"0":{"name":"generateKeyPair","decl":{"start":{"line":18,"column":16},"end":{"line":18,"column":32}},"loc":{"start":{"line":18,"column":63},"end":{"line":23,"column":null}},"line":18}},"branchMap":{},"s":{"0":3,"1":3,"2":3,"3":3,"4":3},"f":{"0":3},"b":{},"meta":{"lastBranch":0,"lastFunction":1,"lastStatement":5,"seen":{"f:18:16:18:32":0,"s:18:63:18:Infinity":0,"s:19:31:19:Infinity":1,"s:20:8:20:Infinity":2,"s:20:41:20:Infinity":3,"s:22:2:22:Infinity":4}}}
,"/home/runner/work/tiny-congress/tiny-congress/web/src/features/identity/keys/index.ts": {"path":"/home/runner/work/tiny-congress/tiny-congress/web/src/features/identity/keys/index.ts","statementMap":{},"fnMap":{},"branchMap":{},"s":{},"f":{},"b":{},"meta":{"lastBranch":0,"lastFunction":0,"lastStatement":0,"seen":{}}}
,"/home/runner/work/tiny-congress/tiny-congress/web/src/features/identity/keys/types.ts": {"path":"/home/runner/work/tiny-congress/tiny-congress/web/src/features/identity/keys/types.ts","statementMap":{},"fnMap":{},"branchMap":{},"s":{},"f":{},"b":{},"meta":{"lastBranch":0,"lastFunction":0,"lastStatement":0,"seen":{}}}
,"/home/runner/work/tiny-congress/tiny-congress/web/src/pages/About.page.tsx": {"path":"/home/runner/work/tiny-congress/tiny-congress/web/src/pages/About.page.tsx","statementMap":{"0":{"start":{"line":13,"column":8},"end":{"line":13,"column":9}},"1":{"start":{"line":6,"column":28},"end":{"line":6,"column":null}},"2":{"start":{"line":7,"column":42},"end":{"line":7,"column":null}},"3":{"start":{"line":7,"column":69},"end":{"line":7,"column":null}},"4":{"start":{"line":9,"column":2},"end":{"line":53,"column":null}},"5":{"start":{"line":57,"column":92},"end":{"line":57,"column":null}},"6":{"start":{"line":58,"column":2},"end":{"line":64,"column":null}}},"fnMap":{"0":{"name":"(anonymous_0)","decl":{"start":{"line":13,"column":8},"end":{"line":13,"column":9}},"loc":{"start":{"line":13,"column":8},"end":{"line":13,"column":9}},"line":13},"1":{"name":"AboutPage","decl":{"start":{"line":6,"column":16},"end":{"line":6,"column":28}},"loc":{"start":{"line":6,"column":28},"end":{"line":55,"column":null}},"line":6},"2":{"name":"Metric","decl":{"start":{"line":57,"column":9},"end":{"line":57,"column":16}},"loc":{"start":{"line":57,"column":92},"end":{"line":66,"column":null}},"line":57}},"branchMap":{"0":{"loc":{"start":{"line":21,"column":7},"end":{"line":28,"column":null}},"type":"cond-expr","locations":[{"start":{"line":21,"column":7},"end":{"line":27,"column":null}},{"start":{"line":27,"column":8},"end":{"line":28,"column":null}}],"line":21},"1":{"loc":{"start":{"line":30,"column":7},"end":{"line":39,"column":null}},"type":"cond-expr","locations":[{"start":{"line":30,"column":7},"end":{"line":38,"column":null}},{"start":{"line":38,"column":8},"end":{"line":39,"column":null}}],"line":30},"2":{"loc":{"start":{"line":37,"column":11},"end":{"line":37,"column":null}},"type":"cond-expr","locations":[{"start":{"line":37,"column":28},"end":{"line":37,"column":52}},{"start":{"line":37,"column":42},"end":{"line":37,"column":null}}],"line":37},"3":{"loc":{"start":{"line":41,"column":7},"end":{"line":52,"column":null}},"type":"cond-expr","locations":[{"start":{"line":41,"column":7},"end":{"line":51,"column":null}},{"start":{"line":51,"column":8},"end":{"line":52,"column":null}}],"line":41},"4":{"loc":{"start":{"line":47,"column":13},"end":{"line":49,"column":null}},"type":"cond-expr","locations":[{"start":{"line":47,"column":18},"end":{"line":48,"column":null}},{"start":{"line":48,"column":86},"end":{"line":49,"column":null}}],"line":47}},"s":{"0":1,"1":5,"2":5,"3":5,"4":5,"5":4,"6":4},"f":{"0":40,"1":5,"2":4},"b":{"0":[3,2],"1":[1,4],"2":[1,0],"3":[1,4],"4":[1,0]},"meta":{"lastBranch":5,"lastFunction":3,"lastStatement":7,"seen":{"s:13:8:13:9":0,"f:13:8:13:9":0,"f:6:16:6:28":1,"s:6:28:6:Infinity":1,"s:7:42:7:Infinity":2,"s:7:69:7:Infinity":3,"s:9:2:53:Infinity":4,"b:21:7:27:Infinity:27:8:28:Infinity":0,"b:30:7:38:Infinity:38:8:39:Infinity":1,"b:37:28:37:52:37:42:37:Infinity":2,"b:41:7:51:Infinity:51:8:52:Infinity":3,"b:47:18:48:Infinity:48:86:49:Infinity":4,"f:57:9:57:16":2,"s:57:92:57:Infinity":5,"s:58:2:64:Infinity":6}}}
,"/home/runner/work/tiny-congress/tiny-congress/web/src/pages/Signup.page.tsx": {"path":"/home/runner/work/tiny-congress/tiny-congress/web/src/pages/Signup.page.tsx","statementMap":{"0":{"start":{"line":27,"column":4},"end":{"line":27,"column":null}},"1":{"start":{"line":11,"column":29},"end":{"line":11,"column":null}},"2":{"start":{"line":12,"column":8},"end":{"line":12,"column":null}},"3":{"start":{"line":13,"column":8},"end":{"line":13,"column":null}},"4":{"start":{"line":15,"column":30},"end":{"line":15,"column":null}},"5":{"start":{"line":16,"column":46},"end":{"line":16,"column":null}},"6":{"start":{"line":17,"column":42},"end":{"line":20,"column":null}},"7":{"start":{"line":20,"column":16},"end":{"line":20,"column":null}},"8":{"start":{"line":22,"column":23},"end":{"line":47,"column":null}},"9":{"start":{"line":22,"column":53},"end":{"line":22,"column":null}},"10":{"start":{"line":23,"column":4},"end":{"line":23,"column":null}},"11":{"start":{"line":23,"column":21},"end":{"line":23,"column":null}},"12":{"start":{"line":25,"column":4},"end":{"line":27,"column":null}},"13":{"start":{"line":25,"column":26},"end":{"line":25,"column":null}},"14":{"start":{"line":26,"column":6},"end":{"line":26,"column":null}},"15":{"start":{"line":29,"column":4},"end":{"line":29,"column":null}},"16":{"start":{"line":29,"column":28},"end":{"line":29,"column":null}},"17":{"start":{"line":31,"column":4},"end":{"line":46,"column":null}},"18":{"start":{"line":33,"column":12},"end":{"line":33,"column":null}},"19":{"start":{"line":36,"column":12},"end":{"line":39,"column":null}},"20":{"start":{"line":39,"column":7},"end":{"line":39,"column":null}},"21":{"start":{"line":41,"column":6},"end":{"line":41,"column":null}},"22":{"start":{"line":44,"column":6},"end":{"line":44,"column":null}},"23":{"start":{"line":45,"column":6},"end":{"line":45,"column":null}},"24":{"start":{"line":47,"column":2},"end":{"line":47,"column":null}},"25":{"start":{"line":49,"column":2},"end":{"line":60,"column":null}},"26":{"start":{"line":53,"column":23},"end":{"line":53,"column":null}},"27":{"start":{"line":54,"column":8},"end":{"line":54,"column":null}}},"fnMap":{"0":{"name":"(anonymous_0)","decl":{"start":{"line":27,"column":4},"end":{"line":27,"column":null}},"loc":{"start":{"line":27,"column":4},"end":{"line":27,"column":null}},"line":27},"1":{"name":"SignupPage","decl":{"start":{"line":11,"column":16},"end":{"line":11,"column":29}},"loc":{"start":{"line":11,"column":29},"end":{"line":62,"column":null}},"line":11},"2":{"name":"(anonymous_2)","decl":{"start":{"line":22,"column":23},"end":{"line":22,"column":30}},"loc":{"start":{"line":22,"column":53},"end":{"line":47,"column":null}},"line":22},"3":{"name":"(anonymous_3)","decl":{"start":{"line":53,"column":17},"end":{"line":53,"column":23}},"loc":{"start":{"line":53,"column":23},"end":{"line":55,"column":null}},"line":53}},"branchMap":{"0":{"loc":{"start":{"line":25,"column":4},"end":{"line":27,"column":null}},"type":"if","locations":[{"start":{"line":25,"column":4},"end":{"line":27,"column":null}},{"start":{"line":27,"column":4},"end":{"line":27,"column":null}}],"line":25},"1":{"loc":{"start":{"line":56,"column":17},"end":{"line":56,"column":null}},"type":"binary-expr","locations":[{"start":{"line":56,"column":17},"end":{"line":56,"column":37}},{"start":{"line":56,"column":24},"end":{"line":56,"column":null}}],"line":56},"2":{"loc":{"start":{"line":57,"column":19},"end":{"line":57,"column":null}},"type":"cond-expr","locations":[{"start":{"line":57,"column":19},"end":{"line":57,"column":61}},{"start":{"line":57,"column":38},"end":{"line":57,"column":null}}],"line":57},"3":{"loc":{"start":{"line":58,"column":13},"end":{"line":58,"column":null}},"type":"cond-expr","locations":[{"start":{"line":58,"column":20},"end":{"line":58,"column":53}},{"start":{"line":58,"column":43},"end":{"line":58,"column":null}}],"line":58}},"s":{"0":2,"1":19,"2":19,"3":19,"4":19,"5":19,"6":19,"7":19,"8":19,"9":2,"10":2,"11":2,"12":2,"13":0,"14":0,"15":2,"16":2,"17":2,"18":2,"19":2,"20":1,"21":1,"22":2,"23":2,"24":19,"25":19,"26":2,"27":2},"f":{"0":251,"1":19,"2":2,"3":2},"b":{"0":[0,2],"1":[19,19],"2":[2,17],"3":[9,10]},"meta":{"lastBranch":4,"lastFunction":4,"lastStatement":28,"seen":{"s:27:4:27:Infinity":0,"f:27:4:27:Infinity":0,"f:11:16:11:29":1,"s:11:29:11:Infinity":1,"s:12:8:12:Infinity":2,"s:13:8:13:Infinity":3,"s:15:30:15:Infinity":4,"s:16:46:16:Infinity":5,"s:17:42:20:Infinity":6,"s:20:16:20:Infinity":7,"s:22:23:47:Infinity":8,"f:22:23:22:30":2,"s:22:53:22:Infinity":9,"s:23:4:23:Infinity":10,"s:23:21:23:Infinity":11,"b:25:4:27:Infinity:27:4:27:Infinity":0,"s:25:4:27:Infinity":12,"s:25:26:25:Infinity":13,"s:26:6:26:Infinity":14,"s:29:4:29:Infinity":15,"s:29:28:29:Infinity":16,"s:31:4:46:Infinity":17,"s:33:12:33:Infinity":18,"s:36:12:39:Infinity":19,"s:39:7:39:Infinity":20,"s:41:6:41:Infinity":21,"s:44:6:44:Infinity":22,"s:45:6:45:Infinity":23,"s:47:2:47:Infinity":24,"s:49:2:60:Infinity":25,"f:53:17:53:23":3,"s:53:23:53:Infinity":26,"s:54:8:54:Infinity":27,"b:56:17:56:37:56:24:56:Infinity":1,"b:57:19:57:61:57:38:57:Infinity":2,"b:58:20:58:53:58:43:58:Infinity":3}}}
,"/home/runner/work/tiny-congress/tiny-congress/web/src/theme/mantineTheme.ts": {"path":"/home/runner/work/tiny-congress/tiny-congress/web/src/theme/mantineTheme.ts","statementMap":{"0":{"start":{"line":18,"column":11},"end":{"line":18,"column":null}},"1":{"start":{"line":4,"column":13},"end":{"line":35,"column":null}}},"fnMap":{"0":{"name":"(anonymous_0)","decl":{"start":{"line":18,"column":11},"end":{"line":18,"column":null}},"loc":{"start":{"line":18,"column":11},"end":{"line":18,"column":null}},"line":18}},"branchMap":{},"s":{"0":6,"1":6},"f":{"0":6},"b":{},"meta":{"lastBranch":0,"lastFunction":1,"lastStatement":2,"seen":{"s:18:11:18:Infinity":0,"f:18:11:18:Infinity":0,"s:4:13:35:Infinity":1}}}
,"/home/runner/work/tiny-congress/tiny-congress/web/test-utils/index.ts": {"path":"/home/runner/work/tiny-congress/tiny-congress/web/test-utils/index.ts","statementMap":{},"fnMap":{},"branchMap":{},"s":{},"f":{},"b":{},"meta":{"lastBranch":0,"lastFunction":0,"lastStatement":0,"seen":{}}}
,"/home/runner/work/tiny-congress/tiny-congress/web/test-utils/render.tsx": {"path":"/home/runner/work/tiny-congress/tiny-congress/web/test-utils/render.tsx","statementMap":{"0":{"start":{"line":7,"column":2},"end":{"line":14,"column":null}},"1":{"start":{"line":22,"column":26},"end":{"line":22,"column":null}},"2":{"start":{"line":23,"column":44},"end":{"line":23,"column":null}},"3":{"start":{"line":25,"column":26},"end":{"line":33,"column":null}},"4":{"start":{"line":26,"column":20},"end":{"line":26,"column":null}},"5":{"start":{"line":28,"column":4},"end":{"line":31,"column":null}},"6":{"start":{"line":35,"column":2},"end":{"line":35,"column":null}}},"fnMap":{"0":{"name":"createTestQueryClient","decl":{"start":{"line":6,"column":9},"end":{"line":6,"column":33}},"loc":{"start":{"line":6,"column":33},"end":{"line":15,"column":null}},"line":6},"1":{"name":"render","decl":{"start":{"line":21,"column":16},"end":{"line":21,"column":23}},"loc":{"start":{"line":21,"column":72},"end":{"line":36,"column":null}},"line":21},"2":{"name":"(anonymous_2)","decl":{"start":{"line":25,"column":26},"end":{"line":25,"column":27}},"loc":{"start":{"line":25,"column":58},"end":{"line":33,"column":null}},"line":25}},"branchMap":{"0":{"loc":{"start":{"line":23,"column":44},"end":{"line":23,"column":null}},"type":"binary-expr","locations":[{"start":{"line":23,"column":44},"end":{"line":23,"column":55}},{"start":{"line":23,"column":55},"end":{"line":23,"column":null}}],"line":23},"1":{"loc":{"start":{"line":26,"column":20},"end":{"line":26,"column":null}},"type":"cond-expr","locations":[{"start":{"line":26,"column":34},"end":{"line":26,"column":74}},{"start":{"line":26,"column":74},"end":{"line":26,"column":null}}],"line":26}},"s":{"0":21,"1":21,"2":21,"3":21,"4":31,"5":31,"6":21},"f":{"0":21,"1":21,"2":31},"b":{"0":[21,21],"1":[0,26]},"meta":{"lastBranch":2,"lastFunction":3,"lastStatement":7,"seen":{"f:6:9:6:33":0,"s:7:2:14:Infinity":0,"f:21:16:21:23":1,"s:22:26:22:Infinity":1,"s:23:44:23:Infinity":2,"b:23:44:23:55:23:55:23:Infinity":0,"s:25:26:33:Infinity":3,"f:25:26:25:27":2,"s:26:20:26:Infinity":4,"b:26:34:26:74:26:74:26:Infinity":1,"s:28:4:31:Infinity":5,"s:35:2:35:Infinity":6}}}
}
